<?xml version="1.0" encoding="UTF-8" standalone="yes"?><!DOCTYPE report PUBLIC "-//JACOCO//DTD Report 1.1//EN" "report.dtd"><report name="pg-embedded"><sessioninfo id="roci.dyn.intermeta.com-1224b9b7" start="1637001522956" dump="1637001527254"/><sessioninfo id="roci.dyn.intermeta.com-7d484bc7" start="1637001522957" dump="1637001531586"/><sessioninfo id="roci.dyn.intermeta.com-60859c4c" start="1637001523005" dump="1637001532082"/><sessioninfo id="roci.dyn.intermeta.com-28ddfee4" start="1637001522991" dump="1637001534519"/><sessioninfo id="roci.dyn.intermeta.com-a5c4415" start="1637001522991" dump="1637001534713"/><sessioninfo id="roci.dyn.intermeta.com-2425b033" start="1637001522998" dump="1637001534767"/><sessioninfo id="roci.dyn.intermeta.com-78cac2b3" start="1637001522982" dump="1637001534987"/><sessioninfo id="roci.dyn.intermeta.com-b2c2fed0" start="1637001522992" dump="1637001537428"/><sessioninfo id="roci.dyn.intermeta.com-e025527" start="1637001522988" dump="1637001537767"/><sessioninfo id="roci.dyn.intermeta.com-843d15b3" start="1637001522981" dump="1637001540402"/><package name="de/softwareforge/testing/postgres/embedded"><class name="de/softwareforge/testing/postgres/embedded/EmbeddedUtil" sourcefilename="EmbeddedUtil.java"><method name="&lt;init&gt;" desc="()V" line="64"><counter type="INSTRUCTION" missed="7" covered="0"/><counter type="LINE" missed="2" covered="0"/><counter type="COMPLEXITY" missed="1" covered="0"/><counter type="METHOD" missed="1" covered="0"/></method><method name="getWorkingDirectory" desc="()Ljava/io/File;" line="69"><counter type="INSTRUCTION" missed="0" covered="12"/><counter type="LINE" missed="0" covered="2"/><counter type="COMPLEXITY" missed="0" covered="1"/><counter type="METHOD" missed="0" covered="1"/></method><method name="getFileBaseName" desc="(Ljava/lang/String;)Ljava/lang/String;" line="77"><counter type="INSTRUCTION" missed="2" covered="13"/><counter type="BRANCH" missed="1" covered="1"/><counter type="LINE" missed="1" covered="4"/><counter type="COMPLEXITY" missed="1" covered="1"/><counter type="METHOD" missed="0" covered="1"/></method><method name="failIfNullBytePresent" desc="(Ljava/lang/String;)V" line="86"><counter type="INSTRUCTION" missed="1" covered="19"/><counter type="BRANCH" missed="1" covered="3"/><counter type="LINE" missed="0" covered="4"/><counter type="COMPLEXITY" missed="1" covered="2"/><counter type="METHOD" missed="0" covered="1"/></method><method name="indexOfLastSeparator" desc="(Ljava/lang/String;)I" line="94"><counter type="INSTRUCTION" missed="2" covered="14"/><counter type="BRANCH" missed="1" covered="1"/><counter type="LINE" missed="1" covered="4"/><counter type="COMPLEXITY" missed="1" covered="1"/><counter type="METHOD" missed="0" covered="1"/></method><method name="mkdirs" desc="(Ljava/io/File;)V" line="107"><counter type="INSTRUCTION" missed="6" covered="10"/><counter type="BRANCH" missed="2" covered="4"/><counter type="LINE" missed="1" covered="2"/><counter type="COMPLEXITY" missed="2" covered="2"/><counter type="METHOD" missed="0" covered="1"/></method><method name="rmdirs" desc="(Ljava/io/File;)V" line="114"><counter type="INSTRUCTION" missed="0" covered="14"/><counter type="LINE" missed="0" covered="5"/><counter type="COMPLEXITY" missed="0" covered="1"/><counter type="METHOD" missed="0" covered="1"/></method><method name="formatDuration" desc="(Ljava/time/Duration;)Ljava/lang/String;" line="122"><counter type="INSTRUCTION" missed="15" covered="71"/><counter type="BRANCH" missed="3" covered="7"/><counter type="LINE" missed="3" covered="19"/><counter type="COMPLEXITY" missed="3" covered="3"/><counter type="METHOD" missed="0" covered="1"/></method><method name="allocatePort" desc="()I" line="155"><counter type="INSTRUCTION" missed="12" covered="13"/><counter type="BRANCH" missed="1" covered="1"/><counter type="LINE" missed="4" covered="3"/><counter type="COMPLEXITY" missed="1" covered="1"/><counter type="METHOD" missed="0" covered="1"/></method><method name="randomAlphaNumeric" desc="(I)Ljava/lang/String;" line="167"><counter type="INSTRUCTION" missed="0" covered="4"/><counter type="LINE" missed="0" covered="1"/><counter type="COMPLEXITY" missed="0" covered="1"/><counter type="METHOD" missed="0" covered="1"/></method><method name="randomLowercase" desc="(I)Ljava/lang/String;" line="171"><counter type="INSTRUCTION" missed="0" covered="4"/><counter type="LINE" missed="0" covered="1"/><counter type="COMPLEXITY" missed="0" covered="1"/><counter type="METHOD" missed="0" covered="1"/></method><method name="sequence" desc="(CI)Ljava/lang/String;" line="175"><counter type="INSTRUCTION" missed="0" covered="21"/><counter type="BRANCH" missed="0" covered="2"/><counter type="LINE" missed="0" covered="4"/><counter type="COMPLEXITY" missed="0" covered="2"/><counter type="METHOD" missed="0" covered="1"/></method><method name="randomString" desc="(Ljava/lang/String;I)Ljava/lang/String;" line="183"><counter type="INSTRUCTION" missed="0" covered="25"/><counter type="BRANCH" missed="0" covered="2"/><counter type="LINE" missed="0" covered="5"/><counter type="COMPLEXITY" missed="0" covered="2"/><counter type="METHOD" missed="0" covered="1"/></method><method name="getSystemProperty" desc="(Ljava/lang/String;)Ljava/lang/String;" line="193"><counter type="INSTRUCTION" missed="3" covered="5"/><counter type="LINE" missed="2" covered="1"/><counter type="COMPLEXITY" missed="0" covered="1"/><counter type="METHOD" missed="0" covered="1"/></method><method name="getOsMatchesName" desc="(Ljava/lang/String;)Z" line="200"><counter type="INSTRUCTION" missed="0" covered="8"/><counter type="LINE" missed="0" covered="1"/><counter type="COMPLEXITY" missed="0" covered="1"/><counter type="METHOD" missed="0" covered="1"/></method><method name="&lt;clinit&gt;" desc="()V" line="49"><counter type="INSTRUCTION" missed="5" covered="40"/><counter type="BRANCH" missed="3" covered="1"/><counter type="LINE" missed="0" covered="11"/><counter type="COMPLEXITY" missed="2" covered="1"/><counter type="METHOD" missed="0" covered="1"/></method><counter type="INSTRUCTION" missed="53" covered="273"/><counter type="BRANCH" missed="12" covered="22"/><counter type="LINE" missed="14" covered="67"/><counter type="COMPLEXITY" missed="12" covered="21"/><counter type="METHOD" missed="1" covered="15"/><counter type="CLASS" missed="0" covered="1"/></class><class name="de/softwareforge/testing/postgres/embedded/DatabaseManager$InstanceProvider" sourcefilename="DatabaseManager.java"><method name="start" desc="()V" line="175"><counter type="INSTRUCTION" missed="0" covered="1"/><counter type="LINE" missed="0" covered="1"/><counter type="COMPLEXITY" missed="0" covered="1"/><counter type="METHOD" missed="0" covered="1"/></method><method name="close" desc="()V" line="179"><counter type="INSTRUCTION" missed="0" covered="1"/><counter type="LINE" missed="0" covered="1"/><counter type="COMPLEXITY" missed="0" covered="1"/><counter type="METHOD" missed="0" covered="1"/></method><counter type="INSTRUCTION" missed="0" covered="2"/><counter type="LINE" missed="0" covered="2"/><counter type="COMPLEXITY" missed="0" covered="2"/><counter type="METHOD" missed="0" covered="2"/><counter type="CLASS" missed="0" covered="1"/></class><class name="de/softwareforge/testing/postgres/embedded/DatabasePreparer" sourcefilename="DatabasePreparer.java"><method name="lambda$static$0" desc="(Ljavax/sql/DataSource;)V" line="29"><counter type="INSTRUCTION" missed="1" covered="0"/><counter type="LINE" missed="1" covered="0"/><counter type="COMPLEXITY" missed="1" covered="0"/><counter type="METHOD" missed="1" covered="0"/></method><method name="&lt;clinit&gt;" desc="()V" line="29"><counter type="INSTRUCTION" missed="3" covered="0"/><counter type="LINE" missed="1" covered="0"/><counter type="COMPLEXITY" missed="1" covered="0"/><counter type="METHOD" missed="1" covered="0"/></method><counter type="INSTRUCTION" missed="4" covered="0"/><counter type="LINE" missed="1" covered="0"/><counter type="COMPLEXITY" missed="2" covered="0"/><counter type="METHOD" missed="2" covered="0"/><counter type="CLASS" missed="1" covered="0"/></class><class name="de/softwareforge/testing/postgres/embedded/DatabaseManager$DatabaseManagerBuilder" sourcefilename="DatabaseManager.java"><method name="&lt;init&gt;" desc="(Z)V" line="357"><counter type="INSTRUCTION" missed="0" covered="4"/><counter type="LINE" missed="0" covered="2"/><counter type="COMPLEXITY" missed="0" covered="1"/><counter type="METHOD" missed="0" covered="1"/></method><method name="build" desc="()Lde/softwareforge/testing/postgres/embedded/DatabaseManager;" line="367"><counter type="INSTRUCTION" missed="0" covered="12"/><counter type="LINE" missed="0" covered="1"/><counter type="COMPLEXITY" missed="0" covered="1"/><counter type="METHOD" missed="0" covered="1"/></method><counter type="INSTRUCTION" missed="0" covered="16"/><counter type="LINE" missed="0" covered="3"/><counter type="COMPLEXITY" missed="0" covered="2"/><counter type="METHOD" missed="0" covered="2"/><counter type="CLASS" missed="0" covered="1"/></class><class name="de/softwareforge/testing/postgres/embedded/DatabaseInfo$Builder" sourcefilename="DatabaseInfo.java"><method name="&lt;init&gt;" desc="()V" line="122"><counter type="INSTRUCTION" missed="0" covered="3"/><counter type="LINE" missed="0" covered="1"/><counter type="COMPLEXITY" missed="0" covered="1"/><counter type="METHOD" missed="0" covered="1"/></method><method name="addConnectionProperty" desc="(Ljava/lang/String;Ljava/lang/String;)Lde/softwareforge/testing/postgres/embedded/DatabaseInfo$Builder;" line="135"><counter type="INSTRUCTION" missed="0" covered="8"/><counter type="LINE" missed="0" covered="2"/><counter type="COMPLEXITY" missed="0" covered="1"/><counter type="METHOD" missed="0" covered="1"/></method><counter type="INSTRUCTION" missed="0" covered="11"/><counter type="LINE" missed="0" covered="3"/><counter type="COMPLEXITY" missed="0" covered="2"/><counter type="METHOD" missed="0" covered="2"/><counter type="CLASS" missed="0" covered="1"/></class><class name="de/softwareforge/testing/postgres/embedded/ProcessOutputLogger" sourcefilename="ProcessOutputLogger.java"><method name="&lt;init&gt;" desc="(Lorg/slf4j/Logger;Ljava/lang/Process;)V" line="36"><counter type="INSTRUCTION" missed="0" covered="17"/><counter type="LINE" missed="0" covered="4"/><counter type="COMPLEXITY" missed="0" covered="1"/><counter type="METHOD" missed="0" covered="1"/></method><method name="run" desc="()V" line="45"><counter type="INSTRUCTION" missed="12" covered="16"/><counter type="LINE" missed="4" covered="5"/><counter type="COMPLEXITY" missed="0" covered="1"/><counter type="METHOD" missed="0" covered="1"/></method><method name="logOutput" desc="(Lorg/slf4j/Logger;Ljava/lang/String;Ljava/lang/Process;)V" line="59"><counter type="INSTRUCTION" missed="0" covered="18"/><counter type="LINE" missed="0" covered="5"/><counter type="COMPLEXITY" missed="0" covered="1"/><counter type="METHOD" missed="0" covered="1"/></method><counter type="INSTRUCTION" missed="12" covered="51"/><counter type="LINE" missed="4" covered="14"/><counter type="COMPLEXITY" missed="0" covered="3"/><counter type="METHOD" missed="0" covered="3"/><counter type="CLASS" missed="0" covered="1"/></class><class name="de/softwareforge/testing/postgres/embedded/DatabaseInfo" sourcefilename="DatabaseInfo.java"><method name="&lt;init&gt;" desc="()V" line="36"><counter type="INSTRUCTION" missed="0" covered="3"/><counter type="LINE" missed="0" covered="2"/><counter type="COMPLEXITY" missed="0" covered="1"/><counter type="METHOD" missed="0" covered="1"/></method><method name="builder" desc="()Lde/softwareforge/testing/postgres/embedded/DatabaseInfo$Builder;" line="84"><counter type="INSTRUCTION" missed="0" covered="8"/><counter type="LINE" missed="0" covered="3"/><counter type="COMPLEXITY" missed="0" covered="1"/><counter type="METHOD" missed="0" covered="1"/></method><method name="forException" desc="(Ljava/sql/SQLException;)Lde/softwareforge/testing/postgres/embedded/DatabaseInfo;" line="90"><counter type="INSTRUCTION" missed="0" covered="7"/><counter type="LINE" missed="0" covered="1"/><counter type="COMPLEXITY" missed="0" covered="1"/><counter type="METHOD" missed="0" covered="1"/></method><method name="asJdbcUrl" desc="()Ljava/lang/String;" line="99"><counter type="INSTRUCTION" missed="0" covered="40"/><counter type="LINE" missed="0" covered="5"/><counter type="COMPLEXITY" missed="0" covered="1"/><counter type="METHOD" missed="0" covered="1"/></method><method name="asDataSource" desc="()Ljavax/sql/DataSource;" line="114"><counter type="INSTRUCTION" missed="5" covered="14"/><counter type="BRANCH" missed="1" covered="1"/><counter type="LINE" missed="1" covered="2"/><counter type="COMPLEXITY" missed="1" covered="1"/><counter type="METHOD" missed="0" covered="1"/></method><method name="lambda$asJdbcUrl$0" desc="(Ljava/util/Map$Entry;)Ljava/lang/String;" line="102"><counter type="INSTRUCTION" missed="0" covered="15"/><counter type="LINE" missed="0" covered="1"/><counter type="COMPLEXITY" missed="0" covered="1"/><counter type="METHOD" missed="0" covered="1"/></method><counter type="INSTRUCTION" missed="5" covered="87"/><counter type="BRANCH" missed="1" covered="1"/><counter type="LINE" missed="1" covered="13"/><counter type="COMPLEXITY" missed="1" covered="6"/><counter type="METHOD" missed="0" covered="6"/><counter type="CLASS" missed="0" covered="1"/></class><class name="de/softwareforge/testing/postgres/embedded/EmbeddedPostgres$BuilderCustomizer" sourcefilename="EmbeddedPostgres.java"/><class name="de/softwareforge/testing/postgres/embedded/DatabaseManager" sourcefilename="DatabaseManager.java"><method name="&lt;init&gt;" desc="(Ljava/util/Set;Ljava/util/Set;Z)V" line="49"><counter type="INSTRUCTION" missed="0" covered="34"/><counter type="LINE" missed="0" covered="9"/><counter type="COMPLEXITY" missed="0" covered="1"/><counter type="METHOD" missed="0" covered="1"/></method><method name="multiDatabases" desc="()Lde/softwareforge/testing/postgres/embedded/DatabaseManager$Builder;" line="74"><counter type="INSTRUCTION" missed="0" covered="5"/><counter type="LINE" missed="0" covered="1"/><counter type="COMPLEXITY" missed="0" covered="1"/><counter type="METHOD" missed="0" covered="1"/></method><method name="singleDatabase" desc="()Lde/softwareforge/testing/postgres/embedded/DatabaseManager$Builder;" line="84"><counter type="INSTRUCTION" missed="0" covered="5"/><counter type="LINE" missed="0" covered="1"/><counter type="COMPLEXITY" missed="0" covered="1"/><counter type="METHOD" missed="0" covered="1"/></method><method name="start" desc="()Lde/softwareforge/testing/postgres/embedded/DatabaseManager;" line="96"><counter type="INSTRUCTION" missed="0" covered="68"/><counter type="BRANCH" missed="1" covered="7"/><counter type="LINE" missed="0" covered="16"/><counter type="COMPLEXITY" missed="1" covered="4"/><counter type="METHOD" missed="0" covered="1"/></method><method name="close" desc="()V" line="135"><counter type="INSTRUCTION" missed="0" covered="17"/><counter type="BRANCH" missed="1" covered="1"/><counter type="LINE" missed="0" covered="5"/><counter type="COMPLEXITY" missed="1" covered="1"/><counter type="METHOD" missed="0" covered="1"/></method><method name="getDatabaseInfo" desc="()Lde/softwareforge/testing/postgres/embedded/DatabaseInfo;" line="151"><counter type="INSTRUCTION" missed="5" covered="15"/><counter type="BRANCH" missed="1" covered="1"/><counter type="LINE" missed="1" covered="4"/><counter type="COMPLEXITY" missed="1" covered="1"/><counter type="METHOD" missed="0" covered="1"/></method><method name="getEmbeddedPostgres" desc="()Lde/softwareforge/testing/postgres/embedded/EmbeddedPostgres;" line="168"><counter type="INSTRUCTION" missed="8" covered="0"/><counter type="LINE" missed="2" covered="0"/><counter type="COMPLEXITY" missed="1" covered="0"/><counter type="METHOD" missed="1" covered="0"/></method><method name="createDatabase" desc="(Ljavax/sql/DataSource;Ljava/lang/String;Ljava/lang/String;)V" line="253"><counter type="INSTRUCTION" missed="0" covered="26"/><counter type="LINE" missed="0" covered="4"/><counter type="COMPLEXITY" missed="0" covered="1"/><counter type="METHOD" missed="0" covered="1"/></method><method name="lambda$start$0" desc="()Lde/softwareforge/testing/postgres/embedded/DatabaseInfo;" line="120"><counter type="INSTRUCTION" missed="0" covered="4"/><counter type="LINE" missed="0" covered="1"/><counter type="COMPLEXITY" missed="0" covered="1"/><counter type="METHOD" missed="0" covered="1"/></method><method name="&lt;clinit&gt;" desc="()V" line="47"><counter type="INSTRUCTION" missed="0" covered="4"/><counter type="LINE" missed="0" covered="1"/><counter type="COMPLEXITY" missed="0" covered="1"/><counter type="METHOD" missed="0" covered="1"/></method><counter type="INSTRUCTION" missed="13" covered="178"/><counter type="BRANCH" missed="3" covered="9"/><counter type="LINE" missed="3" covered="41"/><counter type="COMPLEXITY" missed="4" covered="12"/><counter type="METHOD" missed="1" covered="9"/><counter type="CLASS" missed="0" covered="1"/></class><class name="de/softwareforge/testing/postgres/embedded/TarXzCompressedBinaryManager$1" sourcefilename="TarXzCompressedBinaryManager.java"><method name="&lt;init&gt;" desc="(Ljava/io/File;Ljava/util/concurrent/Phaser;)V" line="189"><counter type="INSTRUCTION" missed="9" covered="0"/><counter type="LINE" missed="1" covered="0"/><counter type="COMPLEXITY" missed="1" covered="0"/><counter type="METHOD" missed="1" covered="0"/></method><method name="completed" desc="(Ljava/lang/Integer;Ljava/nio/channels/Channel;)V" line="192"><counter type="INSTRUCTION" missed="4" covered="0"/><counter type="LINE" missed="2" covered="0"/><counter type="COMPLEXITY" missed="1" covered="0"/><counter type="METHOD" missed="1" covered="0"/></method><method name="failed" desc="(Ljava/lang/Throwable;Ljava/nio/channels/Channel;)V" line="197"><counter type="INSTRUCTION" missed="17" covered="0"/><counter type="LINE" missed="3" covered="0"/><counter type="COMPLEXITY" missed="1" covered="0"/><counter type="METHOD" missed="1" covered="0"/></method><method name="closeChannel" desc="(Ljava/nio/channels/Channel;)V" line="203"><counter type="INSTRUCTION" missed="12" covered="0"/><counter type="LINE" missed="5" covered="0"/><counter type="COMPLEXITY" missed="1" covered="0"/><counter type="METHOD" missed="1" covered="0"/></method><counter type="INSTRUCTION" missed="42" covered="0"/><counter type="LINE" missed="11" covered="0"/><counter type="COMPLEXITY" missed="4" covered="0"/><counter type="METHOD" missed="4" covered="0"/><counter type="CLASS" missed="1" covered="0"/></class><class name="de/softwareforge/testing/postgres/embedded/AutoValue_DatabaseInfo" sourcefilename="AutoValue_DatabaseInfo.java"><method name="&lt;init&gt;" desc="(Ljava/lang/String;ILjava/lang/String;Lcom/google/common/collect/ImmutableMap;Ljava/util/Optional;)V" line="27"><counter type="INSTRUCTION" missed="0" covered="18"/><counter type="LINE" missed="0" covered="7"/><counter type="COMPLEXITY" missed="0" covered="1"/><counter type="METHOD" missed="0" covered="1"/></method><method name="dbName" desc="()Ljava/lang/String;" line="38"><counter type="INSTRUCTION" missed="0" covered="3"/><counter type="LINE" missed="0" covered="1"/><counter type="COMPLEXITY" missed="0" covered="1"/><counter type="METHOD" missed="0" covered="1"/></method><method name="port" desc="()I" line="43"><counter type="INSTRUCTION" missed="0" covered="3"/><counter type="LINE" missed="0" covered="1"/><counter type="COMPLEXITY" missed="0" covered="1"/><counter type="METHOD" missed="0" covered="1"/></method><method name="user" desc="()Ljava/lang/String;" line="49"><counter type="INSTRUCTION" missed="0" covered="3"/><counter type="LINE" missed="0" covered="1"/><counter type="COMPLEXITY" missed="0" covered="1"/><counter type="METHOD" missed="0" covered="1"/></method><method name="connectionProperties" desc="()Lcom/google/common/collect/ImmutableMap;" line="54"><counter type="INSTRUCTION" missed="0" covered="3"/><counter type="LINE" missed="0" covered="1"/><counter type="COMPLEXITY" missed="0" covered="1"/><counter type="METHOD" missed="0" covered="1"/></method><method name="exception" desc="()Ljava/util/Optional;" line="59"><counter type="INSTRUCTION" missed="0" covered="3"/><counter type="LINE" missed="0" covered="1"/><counter type="COMPLEXITY" missed="0" covered="1"/><counter type="METHOD" missed="0" covered="1"/></method><method name="toString" desc="()Ljava/lang/String;" line="64"><counter type="INSTRUCTION" missed="12" covered="0"/><counter type="LINE" missed="1" covered="0"/><counter type="COMPLEXITY" missed="1" covered="0"/><counter type="METHOD" missed="1" covered="0"/></method><method name="equals" desc="(Ljava/lang/Object;)Z" line="75"><counter type="INSTRUCTION" missed="4" covered="42"/><counter type="BRANCH" missed="6" covered="8"/><counter type="LINE" missed="2" covered="8"/><counter type="COMPLEXITY" missed="6" covered="2"/><counter type="METHOD" missed="0" covered="1"/></method><method name="hashCode" desc="()I" line="91"><counter type="INSTRUCTION" missed="53" covered="0"/><counter type="LINE" missed="12" covered="0"/><counter type="COMPLEXITY" missed="1" covered="0"/><counter type="METHOD" missed="1" covered="0"/></method><counter type="INSTRUCTION" missed="69" covered="75"/><counter type="BRANCH" missed="6" covered="8"/><counter type="LINE" missed="15" covered="20"/><counter type="COMPLEXITY" missed="8" covered="8"/><counter type="METHOD" missed="2" covered="7"/><counter type="CLASS" missed="0" covered="1"/></class><class name="de/softwareforge/testing/postgres/embedded/DatabaseManager$Builder" sourcefilename="DatabaseManager.java"><method name="&lt;init&gt;" desc="(Z)V" line="266"><counter type="INSTRUCTION" missed="0" covered="12"/><counter type="LINE" missed="0" covered="5"/><counter type="COMPLEXITY" missed="0" covered="1"/><counter type="METHOD" missed="0" covered="1"/></method><method name="withPreparer" desc="(Lde/softwareforge/testing/postgres/embedded/DatabasePreparer;)Lde/softwareforge/testing/postgres/embedded/DatabaseManager$Builder;" line="285"><counter type="INSTRUCTION" missed="12" covered="0"/><counter type="LINE" missed="2" covered="0"/><counter type="COMPLEXITY" missed="1" covered="0"/><counter type="METHOD" missed="1" covered="0"/></method><method name="withDataSourcePreparer" desc="(Lde/softwareforge/testing/postgres/embedded/EmbeddedPostgresPreparer;)Lde/softwareforge/testing/postgres/embedded/DatabaseManager$Builder;" line="297"><counter type="INSTRUCTION" missed="0" covered="10"/><counter type="LINE" missed="0" covered="2"/><counter type="COMPLEXITY" missed="0" covered="1"/><counter type="METHOD" missed="0" covered="1"/></method><method name="withDataSourcePreparers" desc="(Ljava/util/Set;)Lde/softwareforge/testing/postgres/embedded/DatabaseManager$Builder;" line="309"><counter type="INSTRUCTION" missed="0" covered="10"/><counter type="LINE" missed="0" covered="2"/><counter type="COMPLEXITY" missed="0" covered="1"/><counter type="METHOD" missed="0" covered="1"/></method><method name="withInstancePreparer" desc="(Lde/softwareforge/testing/postgres/embedded/EmbeddedPostgresPreparer;)Lde/softwareforge/testing/postgres/embedded/DatabaseManager$Builder;" line="322"><counter type="INSTRUCTION" missed="0" covered="10"/><counter type="LINE" missed="0" covered="2"/><counter type="COMPLEXITY" missed="0" covered="1"/><counter type="METHOD" missed="0" covered="1"/></method><method name="withCustomizer" desc="(Lde/softwareforge/testing/postgres/embedded/EmbeddedPostgres$BuilderCustomizer;)Lde/softwareforge/testing/postgres/embedded/DatabaseManager$Builder;" line="332"><counter type="INSTRUCTION" missed="15" covered="0"/><counter type="LINE" missed="3" covered="0"/><counter type="COMPLEXITY" missed="1" covered="0"/><counter type="METHOD" missed="1" covered="0"/></method><counter type="INSTRUCTION" missed="27" covered="42"/><counter type="LINE" missed="5" covered="11"/><counter type="COMPLEXITY" missed="2" covered="4"/><counter type="METHOD" missed="2" covered="4"/><counter type="CLASS" missed="0" covered="1"/></class><class name="de/softwareforge/testing/postgres/embedded/NativeBinaryManager" sourcefilename="NativeBinaryManager.java"/><class name="de/softwareforge/testing/postgres/embedded/EmbeddedPostgres" sourcefilename="EmbeddedPostgres.java"><method name="defaultInstance" desc="()Lde/softwareforge/testing/postgres/embedded/EmbeddedPostgres;" line="115"><counter type="INSTRUCTION" missed="0" covered="3"/><counter type="LINE" missed="0" covered="1"/><counter type="COMPLEXITY" missed="0" covered="1"/><counter type="METHOD" missed="0" covered="1"/></method><method name="builderWithDefaults" desc="()Lde/softwareforge/testing/postgres/embedded/EmbeddedPostgres$Builder;" line="122"><counter type="INSTRUCTION" missed="0" covered="5"/><counter type="LINE" missed="0" covered="1"/><counter type="COMPLEXITY" missed="0" covered="1"/><counter type="METHOD" missed="0" covered="1"/></method><method name="builder" desc="()Lde/softwareforge/testing/postgres/embedded/EmbeddedPostgres$Builder;" line="129"><counter type="INSTRUCTION" missed="0" covered="4"/><counter type="LINE" missed="0" covered="1"/><counter type="COMPLEXITY" missed="0" covered="1"/><counter type="METHOD" missed="0" covered="1"/></method><method name="&lt;init&gt;" desc="(Ljava/lang/String;Ljava/io/File;Ljava/io/File;ZLjava/util/Map;Ljava/util/Map;Ljava/util/Map;ILjava/lang/ProcessBuilder$Redirect;Ljava/lang/ProcessBuilder$Redirect;Ljava/time/Duration;)V" line="94"><counter type="INSTRUCTION" missed="0" covered="106"/><counter type="LINE" missed="0" covered="18"/><counter type="COMPLEXITY" missed="0" covered="1"/><counter type="METHOD" missed="0" covered="1"/></method><method name="createDefaultDatabaseInfo" desc="()Lde/softwareforge/testing/postgres/embedded/DatabaseInfo;" line="175"><counter type="INSTRUCTION" missed="0" covered="9"/><counter type="LINE" missed="0" covered="1"/><counter type="COMPLEXITY" missed="0" covered="1"/><counter type="METHOD" missed="0" covered="1"/></method><method name="createTemplateDataSource" desc="()Ljavax/sql/DataSource;" line="185"><counter type="INSTRUCTION" missed="0" covered="8"/><counter type="LINE" missed="0" covered="1"/><counter type="COMPLEXITY" missed="0" covered="1"/><counter type="METHOD" missed="0" covered="1"/></method><method name="createDefaultDataSource" desc="()Ljavax/sql/DataSource;" line="192"><counter type="INSTRUCTION" missed="0" covered="8"/><counter type="LINE" missed="0" covered="1"/><counter type="COMPLEXITY" missed="0" covered="1"/><counter type="METHOD" missed="0" covered="1"/></method><method name="createDataSource" desc="(Ljava/lang/String;Ljava/lang/String;)Ljavax/sql/DataSource;" line="202"><counter type="INSTRUCTION" missed="8" covered="0"/><counter type="LINE" missed="1" covered="0"/><counter type="COMPLEXITY" missed="1" covered="0"/><counter type="METHOD" missed="1" covered="0"/></method><method name="createDataSource" desc="(Ljava/lang/String;Ljava/lang/String;ILjava/util/Map;)Ljavax/sql/DataSource;" line="206"><counter type="INSTRUCTION" missed="0" covered="55"/><counter type="BRANCH" missed="0" covered="2"/><counter type="LINE" missed="0" covered="12"/><counter type="COMPLEXITY" missed="0" covered="2"/><counter type="METHOD" missed="0" covered="1"/></method><method name="getPort" desc="()I" line="228"><counter type="INSTRUCTION" missed="0" covered="3"/><counter type="LINE" missed="0" covered="1"/><counter type="COMPLEXITY" missed="0" covered="1"/><counter type="METHOD" missed="0" covered="1"/></method><method name="getConnectionProperties" desc="()Lcom/google/common/collect/ImmutableMap;" line="235"><counter type="INSTRUCTION" missed="0" covered="3"/><counter type="LINE" missed="0" covered="1"/><counter type="COMPLEXITY" missed="0" covered="1"/><counter type="METHOD" missed="0" covered="1"/></method><method name="instanceId" desc="()Ljava/lang/String;" line="243"><counter type="INSTRUCTION" missed="0" covered="3"/><counter type="LINE" missed="0" covered="1"/><counter type="COMPLEXITY" missed="0" covered="1"/><counter type="METHOD" missed="0" covered="1"/></method><method name="toString" desc="()Ljava/lang/String;" line="248"><counter type="INSTRUCTION" missed="0" covered="7"/><counter type="LINE" missed="0" covered="1"/><counter type="COMPLEXITY" missed="0" covered="1"/><counter type="METHOD" missed="0" covered="1"/></method><method name="equals" desc="(Ljava/lang/Object;)Z" line="253"><counter type="INSTRUCTION" missed="23" covered="0"/><counter type="BRANCH" missed="6" covered="0"/><counter type="LINE" missed="6" covered="0"/><counter type="COMPLEXITY" missed="4" covered="0"/><counter type="METHOD" missed="1" covered="0"/></method><method name="hashCode" desc="()I" line="265"><counter type="INSTRUCTION" missed="9" covered="0"/><counter type="LINE" missed="1" covered="0"/><counter type="COMPLEXITY" missed="1" covered="0"/><counter type="METHOD" missed="1" covered="0"/></method><method name="boot" desc="()V" line="272"><counter type="INSTRUCTION" missed="8" covered="13"/><counter type="BRANCH" missed="3" covered="1"/><counter type="LINE" missed="0" covered="6"/><counter type="COMPLEXITY" missed="2" covered="1"/><counter type="METHOD" missed="0" covered="1"/></method><method name="lock" desc="()V" line="285"><counter type="INSTRUCTION" missed="1" covered="23"/><counter type="BRANCH" missed="1" covered="1"/><counter type="LINE" missed="0" covered="4"/><counter type="COMPLEXITY" missed="1" covered="1"/><counter type="METHOD" missed="0" covered="1"/></method><method name="unlock" desc="()V" line="291"><counter type="INSTRUCTION" missed="0" covered="11"/><counter type="BRANCH" missed="1" covered="1"/><counter type="LINE" missed="0" covered="4"/><counter type="COMPLEXITY" missed="1" covered="1"/><counter type="METHOD" missed="0" covered="1"/></method><method name="initDatabase" desc="()V" line="298"><counter type="INSTRUCTION" missed="0" covered="67"/><counter type="LINE" missed="0" covered="8"/><counter type="COMPLEXITY" missed="0" covered="1"/><counter type="METHOD" missed="0" covered="1"/></method><method name="startDatabase" desc="()V" line="310"><counter type="INSTRUCTION" missed="1" covered="112"/><counter type="BRANCH" missed="1" covered="1"/><counter type="LINE" missed="0" covered="13"/><counter type="COMPLEXITY" missed="1" covered="1"/><counter type="METHOD" missed="0" covered="1"/></method><method name="stopDatabase" desc="(Ljava/io/File;)V" line="332"><counter type="INSTRUCTION" missed="0" covered="65"/><counter type="LINE" missed="0" covered="6"/><counter type="COMPLEXITY" missed="0" covered="1"/><counter type="METHOD" missed="0" covered="1"/></method><method name="createInitOptions" desc="()Ljava/util/List;" line="344"><counter type="INSTRUCTION" missed="0" covered="29"/><counter type="LINE" missed="0" covered="5"/><counter type="COMPLEXITY" missed="0" covered="1"/><counter type="METHOD" missed="0" covered="1"/></method><method name="createLocaleOptions" desc="()Ljava/util/List;" line="359"><counter type="INSTRUCTION" missed="0" covered="10"/><counter type="LINE" missed="0" covered="3"/><counter type="COMPLEXITY" missed="0" covered="1"/><counter type="METHOD" missed="0" covered="1"/></method><method name="waitForServerStartup" desc="()Z" line="372"><counter type="INSTRUCTION" missed="22" covered="26"/><counter type="BRANCH" missed="1" covered="3"/><counter type="LINE" missed="7" covered="9"/><counter type="COMPLEXITY" missed="1" covered="2"/><counter type="METHOD" missed="0" covered="1"/></method><method name="verifyReady" desc="()Z" line="397"><counter type="INSTRUCTION" missed="2" covered="63"/><counter type="BRANCH" missed="2" covered="2"/><counter type="LINE" missed="0" covered="14"/><counter type="COMPLEXITY" missed="2" covered="1"/><counter type="METHOD" missed="0" covered="1"/></method><method name="newCloserThread" desc="()Ljava/lang/Thread;" line="417"><counter type="INSTRUCTION" missed="0" covered="11"/><counter type="LINE" missed="0" covered="3"/><counter type="COMPLEXITY" missed="0" covered="1"/><counter type="METHOD" missed="0" covered="1"/></method><method name="close" desc="()V" line="434"><counter type="INSTRUCTION" missed="35" covered="21"/><counter type="BRANCH" missed="1" covered="3"/><counter type="LINE" missed="5" covered="9"/><counter type="COMPLEXITY" missed="1" covered="2"/><counter type="METHOD" missed="0" covered="1"/></method><method name="getDataDirectory" desc="()Ljava/io/File;" line="459"><counter type="INSTRUCTION" missed="0" covered="3"/><counter type="LINE" missed="0" covered="1"/><counter type="COMPLEXITY" missed="0" covered="1"/><counter type="METHOD" missed="0" covered="1"/></method><method name="getLocaleConfiguration" desc="()Ljava/util/Map;" line="464"><counter type="INSTRUCTION" missed="0" covered="3"/><counter type="LINE" missed="0" covered="1"/><counter type="COMPLEXITY" missed="0" covered="1"/><counter type="METHOD" missed="0" covered="1"/></method><method name="cleanOldDataDirectories" desc="(Ljava/io/File;)V" line="470"><counter type="INSTRUCTION" missed="68" covered="49"/><counter type="BRANCH" missed="7" covered="9"/><counter type="LINE" missed="18" covered="12"/><counter type="COMPLEXITY" missed="5" covered="4"/><counter type="METHOD" missed="0" covered="1"/></method><method name="pgBin" desc="(Ljava/lang/String;)Ljava/lang/String;" line="521"><counter type="INSTRUCTION" missed="2" covered="14"/><counter type="BRANCH" missed="1" covered="1"/><counter type="LINE" missed="0" covered="2"/><counter type="COMPLEXITY" missed="1" covered="1"/><counter type="METHOD" missed="0" covered="1"/></method><method name="spawn" desc="(Ljava/lang/String;Ljava/util/List;)Ljava/lang/Process;" line="526"><counter type="INSTRUCTION" missed="8" covered="49"/><counter type="BRANCH" missed="1" covered="1"/><counter type="LINE" missed="0" covered="9"/><counter type="COMPLEXITY" missed="1" covered="1"/><counter type="METHOD" missed="0" covered="1"/></method><method name="system" desc="(Ljava/util/List;)Lcom/google/common/base/Stopwatch;" line="541"><counter type="INSTRUCTION" missed="38" covered="26"/><counter type="BRANCH" missed="2" covered="2"/><counter type="LINE" missed="5" covered="7"/><counter type="COMPLEXITY" missed="2" covered="1"/><counter type="METHOD" missed="0" covered="1"/></method><method name="lambda$newCloserThread$2" desc="()V" line="419"><counter type="INSTRUCTION" missed="6" covered="4"/><counter type="LINE" missed="2" covered="3"/><counter type="COMPLEXITY" missed="0" covered="1"/><counter type="METHOD" missed="0" covered="1"/></method><method name="lambda$createLocaleOptions$1" desc="(Lcom/google/common/collect/ImmutableList$Builder;Ljava/lang/String;Ljava/lang/String;)V" line="362"><counter type="INSTRUCTION" missed="0" covered="16"/><counter type="BRANCH" missed="0" covered="2"/><counter type="LINE" missed="0" covered="4"/><counter type="COMPLEXITY" missed="0" covered="2"/><counter type="METHOD" missed="0" covered="1"/></method><method name="lambda$createInitOptions$0" desc="(Lcom/google/common/collect/ImmutableList$Builder;Ljava/lang/String;Ljava/lang/String;)V" line="350"><counter type="INSTRUCTION" missed="0" covered="11"/><counter type="LINE" missed="0" covered="3"/><counter type="COMPLEXITY" missed="0" covered="1"/><counter type="METHOD" missed="0" covered="1"/></method><method name="&lt;clinit&gt;" desc="()V" line="69"><counter type="INSTRUCTION" missed="0" covered="15"/><counter type="LINE" missed="0" covered="3"/><counter type="COMPLEXITY" missed="0" covered="1"/><counter type="METHOD" missed="0" covered="1"/></method><counter type="INSTRUCTION" missed="231" covered="855"/><counter type="BRANCH" missed="27" covered="29"/><counter type="LINE" missed="45" covered="169"/><counter type="COMPLEXITY" missed="24" covered="41"/><counter type="METHOD" missed="3" covered="34"/><counter type="CLASS" missed="0" covered="1"/></class><class name="de/softwareforge/testing/postgres/embedded/FlywayPreparer" sourcefilename="FlywayPreparer.java"><method name="forClasspathLocation" desc="([Ljava/lang/String;)Lde/softwareforge/testing/postgres/embedded/FlywayPreparer;" line="34"><counter type="INSTRUCTION" missed="0" covered="11"/><counter type="LINE" missed="0" covered="3"/><counter type="COMPLEXITY" missed="0" covered="1"/><counter type="METHOD" missed="0" covered="1"/></method><method name="&lt;init&gt;" desc="()V" line="31"><counter type="INSTRUCTION" missed="0" covered="6"/><counter type="LINE" missed="0" covered="3"/><counter type="COMPLEXITY" missed="0" covered="1"/><counter type="METHOD" missed="0" covered="1"/></method><method name="customize" desc="(Ljava/util/function/Consumer;)Lde/softwareforge/testing/postgres/embedded/FlywayPreparer;" line="43"><counter type="INSTRUCTION" missed="0" covered="11"/><counter type="LINE" missed="0" covered="3"/><counter type="COMPLEXITY" missed="0" covered="1"/><counter type="METHOD" missed="0" covered="1"/></method><method name="prepare" desc="(Ljavax/sql/DataSource;)V" line="51"><counter type="INSTRUCTION" missed="0" covered="17"/><counter type="LINE" missed="0" covered="5"/><counter type="COMPLEXITY" missed="0" covered="1"/><counter type="METHOD" missed="0" covered="1"/></method><method name="lambda$prepare$1" desc="(Lorg/flywaydb/core/api/configuration/FluentConfiguration;Ljava/util/function/Consumer;)V" line="53"><counter type="INSTRUCTION" missed="0" covered="4"/><counter type="LINE" missed="0" covered="1"/><counter type="COMPLEXITY" missed="0" covered="1"/><counter type="METHOD" missed="0" covered="1"/></method><method name="lambda$forClasspathLocation$0" desc="([Ljava/lang/String;Lorg/flywaydb/core/api/configuration/FluentConfiguration;)V" line="35"><counter type="INSTRUCTION" missed="0" covered="5"/><counter type="LINE" missed="0" covered="1"/><counter type="COMPLEXITY" missed="0" covered="1"/><counter type="METHOD" missed="0" covered="1"/></method><counter type="INSTRUCTION" missed="0" covered="54"/><counter type="LINE" missed="0" covered="14"/><counter type="COMPLEXITY" missed="0" covered="6"/><counter type="METHOD" missed="0" covered="6"/><counter type="CLASS" missed="0" covered="1"/></class><class name="de/softwareforge/testing/postgres/embedded/ZonkyIOPostgresLocator" sourcefilename="ZonkyIOPostgresLocator.java"><method name="&lt;init&gt;" desc="(Ljava/lang/String;Ljava/lang/String;)V" line="38"><counter type="INSTRUCTION" missed="0" covered="29"/><counter type="LINE" missed="0" covered="5"/><counter type="COMPLEXITY" missed="0" covered="1"/><counter type="METHOD" missed="0" covered="1"/></method><method name="&lt;init&gt;" desc="()V" line="45"><counter type="INSTRUCTION" missed="0" covered="5"/><counter type="LINE" missed="0" covered="2"/><counter type="COMPLEXITY" missed="0" covered="1"/><counter type="METHOD" missed="0" covered="1"/></method><method name="get" desc="()Ljava/io/InputStream;" line="50"><counter type="INSTRUCTION" missed="0" covered="15"/><counter type="LINE" missed="0" covered="1"/><counter type="COMPLEXITY" missed="0" covered="1"/><counter type="METHOD" missed="0" covered="1"/></method><method name="toString" desc="()Ljava/lang/String;" line="55"><counter type="INSTRUCTION" missed="15" covered="0"/><counter type="LINE" missed="1" covered="0"/><counter type="COMPLEXITY" missed="1" covered="0"/><counter type="METHOD" missed="1" covered="0"/></method><method name="equals" desc="(Ljava/lang/Object;)Z" line="60"><counter type="INSTRUCTION" missed="5" covered="28"/><counter type="BRANCH" missed="5" covered="5"/><counter type="LINE" missed="2" covered="4"/><counter type="COMPLEXITY" missed="5" covered="1"/><counter type="METHOD" missed="0" covered="1"/></method><method name="hashCode" desc="()I" line="72"><counter type="INSTRUCTION" missed="0" covered="14"/><counter type="LINE" missed="0" covered="1"/><counter type="COMPLEXITY" missed="0" covered="1"/><counter type="METHOD" missed="0" covered="1"/></method><method name="computeArchitecture" desc="()Ljava/lang/String;" line="76"><counter type="INSTRUCTION" missed="0" covered="8"/><counter type="BRANCH" missed="1" covered="1"/><counter type="LINE" missed="0" covered="4"/><counter type="COMPLEXITY" missed="1" covered="1"/><counter type="METHOD" missed="0" covered="1"/></method><method name="computeOS" desc="()Ljava/lang/String;" line="84"><counter type="INSTRUCTION" missed="7" covered="11"/><counter type="BRANCH" missed="4" covered="2"/><counter type="LINE" missed="3" covered="5"/><counter type="COMPLEXITY" missed="3" covered="1"/><counter type="METHOD" missed="0" covered="1"/></method><method name="&lt;clinit&gt;" desc="()V" line="33"><counter type="INSTRUCTION" missed="0" covered="4"/><counter type="LINE" missed="0" covered="1"/><counter type="COMPLEXITY" missed="0" covered="1"/><counter type="METHOD" missed="0" covered="1"/></method><counter type="INSTRUCTION" missed="27" covered="114"/><counter type="BRANCH" missed="10" covered="8"/><counter type="LINE" missed="6" covered="23"/><counter type="COMPLEXITY" missed="10" covered="8"/><counter type="METHOD" missed="1" covered="8"/><counter type="CLASS" missed="0" covered="1"/></class><class name="de/softwareforge/testing/postgres/embedded/DatabaseManager$InstanceProviderPipeline" sourcefilename="DatabaseManager.java"><method name="&lt;init&gt;" desc="(Lde/softwareforge/testing/postgres/embedded/DatabaseManager;)V" line="187"><counter type="INSTRUCTION" missed="0" covered="30"/><counter type="LINE" missed="0" covered="8"/><counter type="COMPLEXITY" missed="0" covered="1"/><counter type="METHOD" missed="0" covered="1"/></method><method name="start" desc="()V" line="202"><counter type="INSTRUCTION" missed="0" covered="6"/><counter type="LINE" missed="0" covered="2"/><counter type="COMPLEXITY" missed="0" covered="1"/><counter type="METHOD" missed="0" covered="1"/></method><method name="close" desc="()V" line="207"><counter type="INSTRUCTION" missed="0" covered="10"/><counter type="BRANCH" missed="1" covered="1"/><counter type="LINE" missed="0" covered="3"/><counter type="COMPLEXITY" missed="1" covered="1"/><counter type="METHOD" missed="0" covered="1"/></method><method name="run" desc="()V" line="214"><counter type="INSTRUCTION" missed="17" covered="44"/><counter type="BRANCH" missed="1" covered="3"/><counter type="LINE" missed="4" covered="16"/><counter type="COMPLEXITY" missed="1" covered="2"/><counter type="METHOD" missed="0" covered="1"/></method><method name="get" desc="()Lde/softwareforge/testing/postgres/embedded/DatabaseInfo;" line="243"><counter type="INSTRUCTION" missed="8" covered="5"/><counter type="LINE" missed="3" covered="1"/><counter type="COMPLEXITY" missed="0" covered="1"/><counter type="METHOD" missed="0" covered="1"/></method><counter type="INSTRUCTION" missed="25" covered="95"/><counter type="BRANCH" missed="2" covered="4"/><counter type="LINE" missed="7" covered="30"/><counter type="COMPLEXITY" missed="2" covered="6"/><counter type="METHOD" missed="0" covered="5"/><counter type="CLASS" missed="0" covered="1"/></class><class name="de/softwareforge/testing/postgres/embedded/TarXzCompressedBinaryManager" sourcefilename="TarXzCompressedBinaryManager.java"><method name="&lt;init&gt;" desc="(Ljava/io/File;Ljava/lang/String;Ljava/util/function/Supplier;)V" line="64"><counter type="INSTRUCTION" missed="0" covered="35"/><counter type="LINE" missed="0" covered="7"/><counter type="COMPLEXITY" missed="0" covered="1"/><counter type="METHOD" missed="0" covered="1"/></method><method name="getLocation" desc="()Ljava/io/File;" line="97"><counter type="INSTRUCTION" missed="85" covered="94"/><counter type="BRANCH" missed="15" covered="5"/><counter type="LINE" missed="20" covered="18"/><counter type="COMPLEXITY" missed="9" covered="2"/><counter type="METHOD" missed="0" covered="1"/></method><method name="extractTxz" desc="(Ljava/io/InputStream;Ljava/lang/String;)V" line="162"><counter type="INSTRUCTION" missed="187" covered="0"/><counter type="BRANCH" missed="22" covered="0"/><counter type="LINE" missed="31" covered="0"/><counter type="COMPLEXITY" missed="12" covered="0"/><counter type="METHOD" missed="1" covered="0"/></method><method name="&lt;clinit&gt;" desc="()V" line="58"><counter type="INSTRUCTION" missed="0" covered="8"/><counter type="LINE" missed="0" covered="2"/><counter type="COMPLEXITY" missed="0" covered="1"/><counter type="METHOD" missed="0" covered="1"/></method><counter type="INSTRUCTION" missed="272" covered="137"/><counter type="BRANCH" missed="37" covered="5"/><counter type="LINE" missed="51" covered="27"/><counter type="COMPLEXITY" missed="21" covered="4"/><counter type="METHOD" missed="1" covered="3"/><counter type="CLASS" missed="0" covered="1"/></class><class name="de/softwareforge/testing/postgres/embedded/AutoValue_DatabaseInfo$Builder" sourcefilename="AutoValue_DatabaseInfo.java"><method name="&lt;init&gt;" desc="()V" line="111"><counter type="INSTRUCTION" missed="0" covered="6"/><counter type="LINE" missed="0" covered="3"/><counter type="COMPLEXITY" missed="0" covered="1"/><counter type="METHOD" missed="0" covered="1"/></method><method name="dbName" desc="(Ljava/lang/String;)Lde/softwareforge/testing/postgres/embedded/DatabaseInfo$Builder;" line="116"><counter type="INSTRUCTION" missed="5" covered="7"/><counter type="BRANCH" missed="1" covered="1"/><counter type="LINE" missed="1" covered="3"/><counter type="COMPLEXITY" missed="1" covered="1"/><counter type="METHOD" missed="0" covered="1"/></method><method name="port" desc="(I)Lde/softwareforge/testing/postgres/embedded/DatabaseInfo$Builder;" line="124"><counter type="INSTRUCTION" missed="0" covered="6"/><counter type="LINE" missed="0" covered="2"/><counter type="COMPLEXITY" missed="0" covered="1"/><counter type="METHOD" missed="0" covered="1"/></method><method name="user" desc="(Ljava/lang/String;)Lde/softwareforge/testing/postgres/embedded/DatabaseInfo$Builder;" line="129"><counter type="INSTRUCTION" missed="5" covered="7"/><counter type="BRANCH" missed="1" covered="1"/><counter type="LINE" missed="1" covered="3"/><counter type="COMPLEXITY" missed="1" covered="1"/><counter type="METHOD" missed="0" covered="1"/></method><method name="connectionProperties" desc="(Lcom/google/common/collect/ImmutableMap;)Lde/softwareforge/testing/postgres/embedded/DatabaseInfo$Builder;" line="137"><counter type="INSTRUCTION" missed="10" covered="10"/><counter type="BRANCH" missed="2" covered="2"/><counter type="LINE" missed="2" covered="4"/><counter type="COMPLEXITY" missed="2" covered="1"/><counter type="METHOD" missed="0" covered="1"/></method><method name="connectionPropertiesBuilder" desc="()Lcom/google/common/collect/ImmutableMap$Builder;" line="148"><counter type="INSTRUCTION" missed="12" covered="13"/><counter type="BRANCH" missed="2" covered="2"/><counter type="LINE" missed="3" covered="4"/><counter type="COMPLEXITY" missed="2" covered="1"/><counter type="METHOD" missed="0" covered="1"/></method><method name="exception" desc="(Ljava/sql/SQLException;)Lde/softwareforge/testing/postgres/embedded/DatabaseInfo$Builder;" line="161"><counter type="INSTRUCTION" missed="0" covered="6"/><counter type="LINE" missed="0" covered="2"/><counter type="COMPLEXITY" missed="0" covered="1"/><counter type="METHOD" missed="0" covered="1"/></method><method name="build" desc="()Lde/softwareforge/testing/postgres/embedded/DatabaseInfo;" line="166"><counter type="INSTRUCTION" missed="31" covered="39"/><counter type="BRANCH" missed="9" covered="7"/><counter type="LINE" missed="8" covered="7"/><counter type="COMPLEXITY" missed="6" covered="3"/><counter type="METHOD" missed="0" covered="1"/></method><counter type="INSTRUCTION" missed="63" covered="94"/><counter type="BRANCH" missed="15" covered="13"/><counter type="LINE" missed="15" covered="28"/><counter type="COMPLEXITY" missed="12" covered="10"/><counter type="METHOD" missed="0" covered="8"/><counter type="CLASS" missed="0" covered="1"/></class><class name="de/softwareforge/testing/postgres/embedded/EmbeddedPostgres$Builder" sourcefilename="EmbeddedPostgres.java"><method name="&lt;init&gt;" desc="()V" line="585"><counter type="INSTRUCTION" missed="0" covered="42"/><counter type="LINE" missed="0" covered="13"/><counter type="COMPLEXITY" missed="0" covered="1"/><counter type="METHOD" missed="0" covered="1"/></method><method name="withDefaults" desc="()Lde/softwareforge/testing/postgres/embedded/EmbeddedPostgres$Builder;" line="613"><counter type="INSTRUCTION" missed="0" covered="20"/><counter type="LINE" missed="0" covered="4"/><counter type="COMPLEXITY" missed="0" covered="1"/><counter type="METHOD" missed="0" covered="1"/></method><method name="setServerStartupWait" desc="(Ljava/time/Duration;)Lde/softwareforge/testing/postgres/embedded/EmbeddedPostgres$Builder;" line="626"><counter type="INSTRUCTION" missed="17" covered="0"/><counter type="BRANCH" missed="2" covered="0"/><counter type="LINE" missed="4" covered="0"/><counter type="COMPLEXITY" missed="2" covered="0"/><counter type="METHOD" missed="1" covered="0"/></method><method name="setRemoveDataOnShutdown" desc="(Z)Lde/softwareforge/testing/postgres/embedded/EmbeddedPostgres$Builder;" line="641"><counter type="INSTRUCTION" missed="5" covered="0"/><counter type="LINE" missed="2" covered="0"/><counter type="COMPLEXITY" missed="1" covered="0"/><counter type="METHOD" missed="1" covered="0"/></method><method name="setDataDirectory" desc="(Ljava/nio/file/Path;)Lde/softwareforge/testing/postgres/embedded/EmbeddedPostgres$Builder;" line="653"><counter type="INSTRUCTION" missed="0" covered="9"/><counter type="LINE" missed="0" covered="2"/><counter type="COMPLEXITY" missed="0" covered="1"/><counter type="METHOD" missed="0" covered="1"/></method><method name="setDataDirectory" desc="(Ljava/lang/String;)Lde/softwareforge/testing/postgres/embedded/EmbeddedPostgres$Builder;" line="665"><counter type="INSTRUCTION" missed="11" covered="0"/><counter type="LINE" missed="2" covered="0"/><counter type="COMPLEXITY" missed="1" covered="0"/><counter type="METHOD" missed="1" covered="0"/></method><method name="setDataDirectory" desc="(Ljava/io/File;)Lde/softwareforge/testing/postgres/embedded/EmbeddedPostgres$Builder;" line="677"><counter type="INSTRUCTION" missed="0" covered="8"/><counter type="LINE" missed="0" covered="2"/><counter type="COMPLEXITY" missed="0" covered="1"/><counter type="METHOD" missed="0" covered="1"/></method><method name="addServerConfiguration" desc="(Ljava/lang/String;Ljava/lang/String;)Lde/softwareforge/testing/postgres/embedded/EmbeddedPostgres$Builder;" line="693"><counter type="INSTRUCTION" missed="16" covered="0"/><counter type="LINE" missed="4" covered="0"/><counter type="COMPLEXITY" missed="1" covered="0"/><counter type="METHOD" missed="1" covered="0"/></method><method name="addLocaleConfiguration" desc="(Ljava/lang/String;Ljava/lang/String;)Lde/softwareforge/testing/postgres/embedded/EmbeddedPostgres$Builder;" line="704"><counter type="INSTRUCTION" missed="16" covered="0"/><counter type="LINE" missed="4" covered="0"/><counter type="COMPLEXITY" missed="1" covered="0"/><counter type="METHOD" missed="1" covered="0"/></method><method name="addInitDbConfiguration" desc="(Ljava/lang/String;Ljava/lang/String;)Lde/softwareforge/testing/postgres/embedded/EmbeddedPostgres$Builder;" line="723"><counter type="INSTRUCTION" missed="0" covered="16"/><counter type="LINE" missed="0" covered="4"/><counter type="COMPLEXITY" missed="0" covered="1"/><counter type="METHOD" missed="0" covered="1"/></method><method name="addConnectionProperty" desc="(Ljava/lang/String;Ljava/lang/String;)Lde/softwareforge/testing/postgres/embedded/EmbeddedPostgres$Builder;" line="739"><counter type="INSTRUCTION" missed="0" covered="16"/><counter type="LINE" missed="0" covered="4"/><counter type="COMPLEXITY" missed="0" covered="1"/><counter type="METHOD" missed="0" covered="1"/></method><method name="setInstallationBaseDirectory" desc="(Ljava/io/File;)Lde/softwareforge/testing/postgres/embedded/EmbeddedPostgres$Builder;" line="755"><counter type="INSTRUCTION" missed="12" covered="0"/><counter type="LINE" missed="4" covered="0"/><counter type="COMPLEXITY" missed="1" covered="0"/><counter type="METHOD" missed="1" covered="0"/></method><method name="setPort" desc="(I)Lde/softwareforge/testing/postgres/embedded/EmbeddedPostgres$Builder;" line="769"><counter type="INSTRUCTION" missed="17" covered="0"/><counter type="BRANCH" missed="4" covered="0"/><counter type="LINE" missed="3" covered="0"/><counter type="COMPLEXITY" missed="3" covered="0"/><counter type="METHOD" missed="1" covered="0"/></method><method name="setErrorRedirector" desc="(Ljava/lang/ProcessBuilder$Redirect;)Lde/softwareforge/testing/postgres/embedded/EmbeddedPostgres$Builder;" line="781"><counter type="INSTRUCTION" missed="8" covered="0"/><counter type="LINE" missed="2" covered="0"/><counter type="COMPLEXITY" missed="1" covered="0"/><counter type="METHOD" missed="1" covered="0"/></method><method name="setOutputRedirector" desc="(Ljava/lang/ProcessBuilder$Redirect;)Lde/softwareforge/testing/postgres/embedded/EmbeddedPostgres$Builder;" line="792"><counter type="INSTRUCTION" missed="8" covered="0"/><counter type="LINE" missed="2" covered="0"/><counter type="COMPLEXITY" missed="1" covered="0"/><counter type="METHOD" missed="1" covered="0"/></method><method name="setNativeBinaryManager" desc="(Lde/softwareforge/testing/postgres/embedded/NativeBinaryManager;)Lde/softwareforge/testing/postgres/embedded/EmbeddedPostgres$Builder;" line="805"><counter type="INSTRUCTION" missed="0" covered="8"/><counter type="LINE" missed="0" covered="2"/><counter type="COMPLEXITY" missed="0" covered="1"/><counter type="METHOD" missed="0" covered="1"/></method><method name="useLocalPostgresInstallation" desc="(Ljava/io/File;)Lde/softwareforge/testing/postgres/embedded/EmbeddedPostgres$Builder;" line="818"><counter type="INSTRUCTION" missed="1" covered="20"/><counter type="BRANCH" missed="2" covered="2"/><counter type="LINE" missed="0" covered="3"/><counter type="COMPLEXITY" missed="2" covered="1"/><counter type="METHOD" missed="0" covered="1"/></method><method name="build" desc="()Lde/softwareforge/testing/postgres/embedded/EmbeddedPostgres;" line="831"><counter type="INSTRUCTION" missed="3" covered="76"/><counter type="BRANCH" missed="1" covered="5"/><counter type="LINE" missed="0" covered="16"/><counter type="COMPLEXITY" missed="1" covered="3"/><counter type="METHOD" missed="0" covered="1"/></method><method name="lambda$useLocalPostgresInstallation$0" desc="(Ljava/io/File;)Ljava/io/File;" line="820"><counter type="INSTRUCTION" missed="0" covered="2"/><counter type="LINE" missed="0" covered="1"/><counter type="COMPLEXITY" missed="0" covered="1"/><counter type="METHOD" missed="0" covered="1"/></method><counter type="INSTRUCTION" missed="114" covered="217"/><counter type="BRANCH" missed="9" covered="7"/><counter type="LINE" missed="27" covered="50"/><counter type="COMPLEXITY" missed="15" covered="12"/><counter type="METHOD" missed="9" covered="10"/><counter type="CLASS" missed="0" covered="1"/></class><class name="de/softwareforge/testing/postgres/embedded/EmbeddedPostgresPreparer" sourcefilename="EmbeddedPostgresPreparer.java"><method name="noOp" desc="()Lde/softwareforge/testing/postgres/embedded/EmbeddedPostgresPreparer;" line="37"><counter type="INSTRUCTION" missed="2" covered="0"/><counter type="LINE" missed="1" covered="0"/><counter type="COMPLEXITY" missed="1" covered="0"/><counter type="METHOD" missed="1" covered="0"/></method><method name="lambda$noOp$0" desc="(Ljava/lang/Object;)V" line="37"><counter type="INSTRUCTION" missed="1" covered="0"/><counter type="LINE" missed="1" covered="0"/><counter type="COMPLEXITY" missed="1" covered="0"/><counter type="METHOD" missed="1" covered="0"/></method><counter type="INSTRUCTION" missed="3" covered="0"/><counter type="LINE" missed="1" covered="0"/><counter type="COMPLEXITY" missed="2" covered="0"/><counter type="METHOD" missed="2" covered="0"/><counter type="CLASS" missed="1" covered="0"/></class><sourcefile name="NativeBinaryManager.java"/><sourcefile name="FlywayPreparer.java"><line nr="31" mi="0" ci="3" mb="0" cb="0"/><line nr="34" mi="0" ci="4" mb="0" cb="0"/><line nr="35" mi="0" ci="10" mb="0" cb="0"/><line nr="36" mi="0" ci="2" mb="0" cb="0"/><line nr="39" mi="0" ci="2" mb="0" cb="0"/><line nr="40" mi="0" ci="1" mb="0" cb="0"/><line nr="43" mi="0" ci="4" mb="0" cb="0"/><line nr="44" mi="0" ci="5" mb="0" cb="0"/><line nr="46" mi="0" ci="2" mb="0" cb="0"/><line nr="51" mi="0" ci="2" mb="0" cb="0"/><line nr="53" mi="0" ci="10" mb="0" cb="0"/><line nr="55" mi="0" ci="4" mb="0" cb="0"/><line nr="56" mi="0" ci="4" mb="0" cb="0"/><line nr="57" mi="0" ci="1" mb="0" cb="0"/><counter type="INSTRUCTION" missed="0" covered="54"/><counter type="LINE" missed="0" covered="14"/><counter type="COMPLEXITY" missed="0" covered="6"/><counter type="METHOD" missed="0" covered="6"/><counter type="CLASS" missed="0" covered="1"/></sourcefile><sourcefile name="DatabasePreparer.java"><line nr="29" mi="4" ci="0" mb="0" cb="0"/><counter type="INSTRUCTION" missed="4" covered="0"/><counter type="LINE" missed="1" covered="0"/><counter type="COMPLEXITY" missed="2" covered="0"/><counter type="METHOD" missed="2" covered="0"/><counter type="CLASS" missed="1" covered="0"/></sourcefile><sourcefile name="DatabaseManager.java"><line nr="47" mi="0" ci="4" mb="0" cb="0"/><line nr="49" mi="0" ci="5" mb="0" cb="0"/><line nr="50" mi="0" ci="5" mb="0" cb="0"/><line nr="56" mi="0" ci="3" mb="0" cb="0"/><line nr="57" mi="0" ci="3" mb="0" cb="0"/><line nr="61" mi="0" ci="2" mb="0" cb="0"/><line nr="62" mi="0" ci="6" mb="0" cb="0"/><line nr="63" mi="0" ci="6" mb="0" cb="0"/><line nr="64" mi="0" ci="3" mb="0" cb="0"/><line nr="65" mi="0" ci="1" mb="0" cb="0"/><line nr="74" mi="0" ci="5" mb="0" cb="0"/><line nr="84" mi="0" ci="5" mb="0" cb="0"/><line nr="96" mi="0" ci="5" mb="1" cb="1"/><line nr="99" mi="0" ci="2" mb="0" cb="0"/><line nr="101" mi="0" ci="11" mb="0" cb="2"/><line nr="102" mi="0" ci="3" mb="0" cb="0"/><line nr="103" mi="0" ci="1" mb="0" cb="0"/><line nr="105" mi="0" ci="4" mb="0" cb="0"/><line nr="109" mi="0" ci="3" mb="0" cb="2"/><line nr="111" mi="0" ci="4" mb="0" cb="0"/><line nr="114" mi="0" ci="7" mb="0" cb="0"/><line nr="117" mi="0" ci="4" mb="0" cb="0"/><line nr="120" mi="0" ci="8" mb="0" cb="0"/><line nr="123" mi="0" ci="11" mb="0" cb="2"/><line nr="124" mi="0" ci="3" mb="0" cb="0"/><line nr="125" mi="0" ci="1" mb="0" cb="0"/><line nr="127" mi="0" ci="3" mb="0" cb="0"/><line nr="130" mi="0" ci="2" mb="0" cb="0"/><line nr="135" mi="0" ci="5" mb="0" cb="0"/><line nr="136" mi="0" ci="5" mb="1" cb="1"/><line nr="137" mi="0" ci="3" mb="0" cb="0"/><line nr="138" mi="0" ci="3" mb="0" cb="0"/><line nr="140" mi="0" ci="1" mb="0" cb="0"/><line nr="151" mi="0" ci="5" mb="0" cb="0"/><line nr="153" mi="0" ci="4" mb="0" cb="0"/><line nr="154" mi="0" ci="4" mb="1" cb="1"/><line nr="155" mi="5" ci="0" mb="0" cb="0"/><line nr="158" mi="0" ci="2" mb="0" cb="0"/><line nr="168" mi="5" ci="0" mb="0" cb="0"/><line nr="169" mi="3" ci="0" mb="0" cb="0"/><line nr="175" mi="0" ci="1" mb="0" cb="0"/><line nr="179" mi="0" ci="1" mb="0" cb="0"/><line nr="187" mi="0" ci="5" mb="0" cb="0"/><line nr="189" mi="0" ci="5" mb="0" cb="0"/><line nr="191" mi="0" ci="5" mb="0" cb="0"/><line nr="192" mi="0" ci="7" mb="0" cb="0"/><line nr="194" mi="0" ci="3" mb="0" cb="0"/><line nr="195" mi="0" ci="3" mb="0" cb="0"/><line nr="196" mi="0" ci="1" mb="0" cb="0"/><line nr="198" mi="0" ci="1" mb="0" cb="0"/><line nr="202" mi="0" ci="5" mb="0" cb="0"/><line nr="203" mi="0" ci="1" mb="0" cb="0"/><line nr="207" mi="0" ci="5" mb="1" cb="1"/><line nr="208" mi="0" ci="4" mb="0" cb="0"/><line nr="210" mi="0" ci="1" mb="0" cb="0"/><line nr="214" mi="0" ci="4" mb="0" cb="2"/><line nr="216" mi="0" ci="3" mb="0" cb="0"/><line nr="218" mi="0" ci="7" mb="0" cb="0"/><line nr="219" mi="0" ci="5" mb="0" cb="0"/><line nr="220" mi="0" ci="4" mb="0" cb="0"/><line nr="221" mi="0" ci="5" mb="0" cb="0"/><line nr="222" mi="0" ci="2" mb="0" cb="0"/><line nr="223" mi="0" ci="1" mb="0" cb="0"/><line nr="224" mi="0" ci="1" mb="0" cb="0"/><line nr="226" mi="0" ci="5" mb="1" cb="1"/><line nr="227" mi="6" ci="0" mb="0" cb="0"/><line nr="228" mi="5" ci="0" mb="0" cb="0"/><line nr="230" mi="0" ci="1" mb="0" cb="0"/><line nr="231" mi="0" ci="1" mb="0" cb="0"/><line nr="232" mi="0" ci="2" mb="0" cb="0"/><line nr="233" mi="0" ci="1" mb="0" cb="0"/><line nr="234" mi="1" ci="0" mb="0" cb="0"/><line nr="235" mi="4" ci="0" mb="0" cb="0"/><line nr="236" mi="1" ci="1" mb="0" cb="0"/><line nr="238" mi="0" ci="1" mb="0" cb="0"/><line nr="243" mi="0" ci="5" mb="0" cb="0"/><line nr="244" mi="1" ci="0" mb="0" cb="0"/><line nr="245" mi="2" ci="0" mb="0" cb="0"/><line nr="246" mi="5" ci="0" mb="0" cb="0"/><line nr="253" mi="0" ci="3" mb="0" cb="0"/><line nr="254" mi="0" ci="3" mb="0" cb="0"/><line nr="255" mi="0" ci="19" mb="0" cb="0"/><line nr="257" mi="0" ci="1" mb="0" cb="0"/><line nr="266" mi="0" ci="3" mb="0" cb="0"/><line nr="267" mi="0" ci="3" mb="0" cb="0"/><line nr="275" mi="0" ci="2" mb="0" cb="0"/><line nr="276" mi="0" ci="3" mb="0" cb="0"/><line nr="277" mi="0" ci="1" mb="0" cb="0"/><line nr="285" mi="4" ci="0" mb="0" cb="0"/><line nr="286" mi="8" ci="0" mb="0" cb="0"/><line nr="297" mi="0" ci="8" mb="0" cb="0"/><line nr="298" mi="0" ci="2" mb="0" cb="0"/><line nr="309" mi="0" ci="8" mb="0" cb="0"/><line nr="310" mi="0" ci="2" mb="0" cb="0"/><line nr="322" mi="0" ci="8" mb="0" cb="0"/><line nr="323" mi="0" ci="2" mb="0" cb="0"/><line nr="332" mi="4" ci="0" mb="0" cb="0"/><line nr="333" mi="9" ci="0" mb="0" cb="0"/><line nr="334" mi="2" ci="0" mb="0" cb="0"/><line nr="357" mi="0" ci="3" mb="0" cb="0"/><line nr="358" mi="0" ci="1" mb="0" cb="0"/><line nr="367" mi="0" ci="12" mb="0" cb="0"/><counter type="INSTRUCTION" missed="65" covered="333"/><counter type="BRANCH" missed="5" covered="13"/><counter type="LINE" missed="15" covered="87"/><counter type="COMPLEXITY" missed="8" covered="26"/><counter type="METHOD" missed="3" covered="22"/><counter type="CLASS" missed="0" covered="5"/></sourcefile><sourcefile name="EmbeddedPostgres.java"><line nr="69" mi="0" ci="7" mb="0" cb="0"/><line nr="74" mi="0" ci="3" mb="0" cb="0"/><line nr="77" mi="0" ci="5" mb="0" cb="0"/><line nr="94" mi="0" ci="5" mb="0" cb="0"/><line nr="95" mi="0" ci="5" mb="0" cb="0"/><line nr="115" mi="0" ci="3" mb="0" cb="0"/><line nr="122" mi="0" ci="5" mb="0" cb="0"/><line nr="129" mi="0" ci="4" mb="0" cb="0"/><line nr="143" mi="0" ci="2" mb="0" cb="0"/><line nr="145" mi="0" ci="6" mb="0" cb="0"/><line nr="147" mi="0" ci="5" mb="0" cb="0"/><line nr="149" mi="0" ci="6" mb="0" cb="0"/><line nr="150" mi="0" ci="6" mb="0" cb="0"/><line nr="152" mi="0" ci="3" mb="0" cb="0"/><line nr="154" mi="0" ci="7" mb="0" cb="0"/><line nr="155" mi="0" ci="7" mb="0" cb="0"/><line nr="156" mi="0" ci="7" mb="0" cb="0"/><line nr="158" mi="0" ci="3" mb="0" cb="0"/><line nr="160" mi="0" ci="6" mb="0" cb="0"/><line nr="161" mi="0" ci="6" mb="0" cb="0"/><line nr="163" mi="0" ci="6" mb="0" cb="0"/><line nr="164" mi="0" ci="8" mb="0" cb="0"/><line nr="166" mi="0" ci="17" mb="0" cb="0"/><line nr="167" mi="0" ci="1" mb="0" cb="0"/><line nr="175" mi="0" ci="9" mb="0" cb="0"/><line nr="185" mi="0" ci="8" mb="0" cb="0"/><line nr="192" mi="0" ci="8" mb="0" cb="0"/><line nr="202" mi="8" ci="0" mb="0" cb="0"/><line nr="206" mi="0" ci="4" mb="0" cb="0"/><line nr="207" mi="0" ci="4" mb="0" cb="0"/><line nr="208" mi="0" ci="4" mb="0" cb="0"/><line nr="210" mi="0" ci="4" mb="0" cb="0"/><line nr="212" mi="0" ci="3" mb="0" cb="0"/><line nr="213" mi="0" ci="8" mb="0" cb="0"/><line nr="214" mi="0" ci="3" mb="0" cb="0"/><line nr="215" mi="0" ci="3" mb="0" cb="0"/><line nr="217" mi="0" ci="11" mb="0" cb="2"/><line nr="218" mi="0" ci="8" mb="0" cb="0"/><line nr="219" mi="0" ci="1" mb="0" cb="0"/><line nr="221" mi="0" ci="2" mb="0" cb="0"/><line nr="228" mi="0" ci="3" mb="0" cb="0"/><line nr="235" mi="0" ci="3" mb="0" cb="0"/><line nr="243" mi="0" ci="3" mb="0" cb="0"/><line nr="248" mi="0" ci="7" mb="0" cb="0"/><line nr="253" mi="3" ci="0" mb="2" cb="0"/><line nr="254" mi="2" ci="0" mb="0" cb="0"/><line nr="256" mi="7" ci="0" mb="4" cb="0"/><line nr="257" mi="2" ci="0" mb="0" cb="0"/><line nr="259" mi="3" ci="0" mb="0" cb="0"/><line nr="260" mi="6" ci="0" mb="0" cb="0"/><line nr="265" mi="9" ci="0" mb="0" cb="0"/><line nr="272" mi="0" ci="3" mb="0" cb="0"/><line nr="274" mi="8" ci="3" mb="3" cb="1"/><line nr="275" mi="0" ci="2" mb="0" cb="0"/><line nr="278" mi="0" ci="2" mb="0" cb="0"/><line nr="280" mi="0" ci="2" mb="0" cb="0"/><line nr="281" mi="0" ci="1" mb="0" cb="0"/><line nr="285" mi="0" ci="7" mb="0" cb="0"/><line nr="286" mi="0" ci="6" mb="0" cb="0"/><line nr="287" mi="1" ci="9" mb="1" cb="1"/><line nr="288" mi="0" ci="1" mb="0" cb="0"/><line nr="291" mi="0" ci="3" mb="1" cb="1"/><line nr="292" mi="0" ci="3" mb="0" cb="0"/><line nr="294" mi="0" ci="4" mb="0" cb="0"/><line nr="295" mi="0" ci="1" mb="0" cb="0"/><line nr="298" mi="0" ci="2" mb="0" cb="0"/><line nr="299" mi="0" ci="6" mb="0" cb="0"/><line nr="300" mi="0" ci="28" mb="0" cb="0"/><line nr="301" mi="0" ci="2" mb="0" cb="0"/><line nr="303" mi="0" ci="10" mb="0" cb="0"/><line nr="305" mi="0" ci="5" mb="0" cb="0"/><line nr="306" mi="0" ci="13" mb="0" cb="0"/><line nr="307" mi="0" ci="1" mb="0" cb="0"/><line nr="310" mi="1" ci="9" mb="1" cb="1"/><line nr="312" mi="0" ci="2" mb="0" cb="0"/><line nr="313" mi="0" ci="19" mb="0" cb="0"/><line nr="314" mi="0" ci="9" mb="0" cb="0"/><line nr="315" mi="0" ci="11" mb="0" cb="0"/><line nr="319" mi="0" ci="2" mb="0" cb="0"/><line nr="320" mi="0" ci="6" mb="0" cb="0"/><line nr="322" mi="0" ci="19" mb="0" cb="0"/><line nr="323" mi="0" ci="13" mb="0" cb="0"/><line nr="325" mi="0" ci="4" mb="0" cb="0"/><line nr="327" mi="0" ci="4" mb="0" cb="0"/><line nr="328" mi="0" ci="13" mb="0" cb="0"/><line nr="329" mi="0" ci="1" mb="0" cb="0"/><line nr="332" mi="0" ci="2" mb="0" cb="0"/><line nr="333" mi="0" ci="18" mb="0" cb="0"/><line nr="334" mi="0" ci="26" mb="0" cb="0"/><line nr="339" mi="0" ci="5" mb="0" cb="0"/><line nr="340" mi="0" ci="13" mb="0" cb="0"/><line nr="341" mi="0" ci="1" mb="0" cb="0"/><line nr="344" mi="0" ci="2" mb="0" cb="0"/><line nr="345" mi="0" ci="13" mb="0" cb="0"/><line nr="346" mi="0" ci="6" mb="0" cb="0"/><line nr="349" mi="0" ci="5" mb="0" cb="0"/><line nr="350" mi="0" ci="4" mb="0" cb="0"/><line nr="351" mi="0" ci="6" mb="0" cb="0"/><line nr="352" mi="0" ci="1" mb="0" cb="0"/><line nr="354" mi="0" ci="3" mb="0" cb="0"/><line nr="359" mi="0" ci="2" mb="0" cb="0"/><line nr="361" mi="0" ci="5" mb="0" cb="0"/><line nr="362" mi="0" ci="3" mb="0" cb="2"/><line nr="363" mi="0" ci="7" mb="0" cb="0"/><line nr="365" mi="0" ci="5" mb="0" cb="0"/><line nr="367" mi="0" ci="1" mb="0" cb="0"/><line nr="368" mi="0" ci="3" mb="0" cb="0"/><line nr="372" mi="0" ci="2" mb="0" cb="0"/><line nr="373" mi="0" ci="2" mb="0" cb="0"/><line nr="374" mi="0" ci="7" mb="0" cb="0"/><line nr="375" mi="0" ci="6" mb="1" cb="1"/><line nr="377" mi="0" ci="3" mb="0" cb="2"/><line nr="378" mi="0" ci="2" mb="0" cb="0"/><line nr="380" mi="1" ci="0" mb="0" cb="0"/><line nr="381" mi="2" ci="0" mb="0" cb="0"/><line nr="382" mi="5" ci="0" mb="0" cb="0"/><line nr="383" mi="0" ci="1" mb="0" cb="0"/><line nr="386" mi="0" ci="2" mb="0" cb="0"/><line nr="387" mi="1" ci="0" mb="0" cb="0"/><line nr="388" mi="2" ci="0" mb="0" cb="0"/><line nr="389" mi="2" ci="0" mb="0" cb="0"/><line nr="390" mi="0" ci="1" mb="0" cb="0"/><line nr="392" mi="9" ci="0" mb="0" cb="0"/><line nr="397" mi="0" ci="2" mb="0" cb="0"/><line nr="398" mi="0" ci="4" mb="0" cb="0"/><line nr="399" mi="0" ci="6" mb="0" cb="0"/><line nr="400" mi="0" ci="12" mb="0" cb="0"/><line nr="401" mi="0" ci="1" mb="0" cb="0"/><line nr="402" mi="0" ci="2" mb="0" cb="0"/><line nr="403" mi="0" ci="1" mb="0" cb="0"/><line nr="406" mi="0" ci="4" mb="0" cb="0"/><line nr="407" mi="0" ci="3" mb="0" cb="0"/><line nr="408" mi="0" ci="4" mb="0" cb="0"/><line nr="409" mi="0" ci="4" mb="0" cb="0"/><line nr="410" mi="1" ci="9" mb="1" cb="1"/><line nr="411" mi="1" ci="7" mb="1" cb="1"/><line nr="412" mi="0" ci="4" mb="0" cb="0"/><line nr="417" mi="0" ci="6" mb="0" cb="0"/><line nr="419" mi="0" ci="2" mb="0" cb="0"/><line nr="420" mi="1" ci="0" mb="0" cb="0"/><line nr="421" mi="5" ci="0" mb="0" cb="0"/><line nr="422" mi="0" ci="1" mb="0" cb="0"/><line nr="423" mi="0" ci="1" mb="0" cb="0"/><line nr="425" mi="0" ci="3" mb="0" cb="0"/><line nr="426" mi="0" ci="2" mb="0" cb="0"/><line nr="434" mi="0" ci="5" mb="0" cb="2"/><line nr="435" mi="0" ci="1" mb="0" cb="0"/><line nr="439" mi="0" ci="4" mb="0" cb="0"/><line nr="440" mi="1" ci="0" mb="0" cb="0"/><line nr="441" mi="5" ci="0" mb="0" cb="0"/><line nr="442" mi="0" ci="1" mb="0" cb="0"/><line nr="444" mi="0" ci="2" mb="0" cb="0"/><line nr="446" mi="0" ci="3" mb="1" cb="1"/><line nr="448" mi="0" ci="3" mb="0" cb="0"/><line nr="449" mi="1" ci="0" mb="0" cb="0"/><line nr="450" mi="14" ci="0" mb="0" cb="0"/><line nr="451" mi="1" ci="1" mb="0" cb="0"/><line nr="453" mi="13" ci="0" mb="0" cb="0"/><line nr="455" mi="0" ci="1" mb="0" cb="0"/><line nr="459" mi="0" ci="3" mb="0" cb="0"/><line nr="464" mi="0" ci="3" mb="0" cb="0"/><line nr="470" mi="0" ci="3" mb="0" cb="0"/><line nr="471" mi="0" ci="2" mb="1" cb="1"/><line nr="472" mi="1" ci="0" mb="0" cb="0"/><line nr="474" mi="0" ci="16" mb="0" cb="2"/><line nr="475" mi="0" ci="3" mb="1" cb="1"/><line nr="476" mi="1" ci="0" mb="0" cb="0"/><line nr="480" mi="0" ci="5" mb="0" cb="2"/><line nr="481" mi="0" ci="1" mb="0" cb="0"/><line nr="485" mi="0" ci="6" mb="0" cb="0"/><line nr="486" mi="0" ci="3" mb="0" cb="2"/><line nr="487" mi="0" ci="1" mb="0" cb="0"/><line nr="493" mi="0" ci="7" mb="1" cb="1"/><line nr="494" mi="0" ci="1" mb="0" cb="0"/><line nr="497" mi="5" ci="0" mb="0" cb="0"/><line nr="498" mi="4" ci="0" mb="0" cb="0"/><line nr="499" mi="2" ci="0" mb="2" cb="0"/><line nr="500" mi="11" ci="0" mb="0" cb="0"/><line nr="501" mi="7" ci="0" mb="2" cb="0"/><line nr="503" mi="3" ci="0" mb="0" cb="0"/><line nr="504" mi="4" ci="0" mb="0" cb="0"/><line nr="505" mi="1" ci="0" mb="0" cb="0"/><line nr="506" mi="12" ci="0" mb="0" cb="0"/><line nr="507" mi="1" ci="0" mb="0" cb="0"/><line nr="509" mi="2" ci="0" mb="0" cb="0"/><line nr="511" mi="1" ci="0" mb="0" cb="0"/><line nr="513" mi="5" ci="0" mb="0" cb="0"/><line nr="514" mi="1" ci="0" mb="0" cb="0"/><line nr="515" mi="5" ci="0" mb="0" cb="0"/><line nr="516" mi="2" ci="0" mb="0" cb="0"/><line nr="518" mi="0" ci="1" mb="0" cb="0"/><line nr="521" mi="2" ci="4" mb="1" cb="1"/><line nr="522" mi="0" ci="10" mb="0" cb="0"/><line nr="526" mi="0" ci="5" mb="0" cb="0"/><line nr="527" mi="0" ci="4" mb="0" cb="0"/><line nr="528" mi="0" ci="5" mb="0" cb="0"/><line nr="529" mi="0" ci="5" mb="0" cb="0"/><line nr="530" mi="0" ci="3" mb="0" cb="0"/><line nr="532" mi="8" ci="5" mb="1" cb="1"/><line nr="533" mi="0" ci="15" mb="0" cb="0"/><line nr="535" mi="0" ci="5" mb="0" cb="0"/><line nr="536" mi="0" ci="2" mb="0" cb="0"/><line nr="541" mi="1" ci="7" mb="1" cb="1"/><line nr="542" mi="0" ci="6" mb="0" cb="0"/><line nr="544" mi="0" ci="2" mb="0" cb="0"/><line nr="545" mi="0" ci="5" mb="0" cb="0"/><line nr="547" mi="0" ci="3" mb="1" cb="1"/><line nr="548" mi="17" ci="0" mb="0" cb="0"/><line nr="549" mi="15" ci="0" mb="0" cb="0"/><line nr="550" mi="2" ci="0" mb="0" cb="0"/><line nr="553" mi="1" ci="0" mb="0" cb="0"/><line nr="554" mi="2" ci="0" mb="0" cb="0"/><line nr="555" mi="0" ci="1" mb="0" cb="0"/><line nr="557" mi="0" ci="2" mb="0" cb="0"/><line nr="585" mi="0" ci="3" mb="0" cb="0"/><line nr="586" mi="0" ci="3" mb="0" cb="0"/><line nr="588" mi="0" ci="5" mb="0" cb="0"/><line nr="589" mi="0" ci="5" mb="0" cb="0"/><line nr="590" mi="0" ci="3" mb="0" cb="0"/><line nr="591" mi="0" ci="3" mb="0" cb="0"/><line nr="592" mi="0" ci="5" mb="0" cb="0"/><line nr="593" mi="0" ci="3" mb="0" cb="0"/><line nr="594" mi="0" ci="3" mb="0" cb="0"/><line nr="596" mi="0" ci="3" mb="0" cb="0"/><line nr="597" mi="0" ci="3" mb="0" cb="0"/><line nr="599" mi="0" ci="2" mb="0" cb="0"/><line nr="600" mi="0" ci="1" mb="0" cb="0"/><line nr="613" mi="0" ci="6" mb="0" cb="0"/><line nr="614" mi="0" ci="6" mb="0" cb="0"/><line nr="615" mi="0" ci="6" mb="0" cb="0"/><line nr="616" mi="0" ci="2" mb="0" cb="0"/><line nr="626" mi="4" ci="0" mb="0" cb="0"/><line nr="627" mi="8" ci="0" mb="2" cb="0"/><line nr="629" mi="3" ci="0" mb="0" cb="0"/><line nr="630" mi="2" ci="0" mb="0" cb="0"/><line nr="641" mi="3" ci="0" mb="0" cb="0"/><line nr="642" mi="2" ci="0" mb="0" cb="0"/><line nr="653" mi="0" ci="4" mb="0" cb="0"/><line nr="654" mi="0" ci="5" mb="0" cb="0"/><line nr="665" mi="4" ci="0" mb="0" cb="0"/><line nr="666" mi="7" ci="0" mb="0" cb="0"/><line nr="677" mi="0" ci="6" mb="0" cb="0"/><line nr="678" mi="0" ci="2" mb="0" cb="0"/><line nr="693" mi="4" ci="0" mb="0" cb="0"/><line nr="694" mi="4" ci="0" mb="0" cb="0"/><line nr="695" mi="6" ci="0" mb="0" cb="0"/><line nr="696" mi="2" ci="0" mb="0" cb="0"/><line nr="704" mi="4" ci="0" mb="0" cb="0"/><line nr="705" mi="4" ci="0" mb="0" cb="0"/><line nr="706" mi="6" ci="0" mb="0" cb="0"/><line nr="707" mi="2" ci="0" mb="0" cb="0"/><line nr="723" mi="0" ci="4" mb="0" cb="0"/><line nr="724" mi="0" ci="4" mb="0" cb="0"/><line nr="725" mi="0" ci="6" mb="0" cb="0"/><line nr="726" mi="0" ci="2" mb="0" cb="0"/><line nr="739" mi="0" ci="4" mb="0" cb="0"/><line nr="740" mi="0" ci="4" mb="0" cb="0"/><line nr="741" mi="0" ci="6" mb="0" cb="0"/><line nr="742" mi="0" ci="2" mb="0" cb="0"/><line nr="755" mi="4" ci="0" mb="0" cb="0"/><line nr="756" mi="3" ci="0" mb="0" cb="0"/><line nr="757" mi="3" ci="0" mb="0" cb="0"/><line nr="758" mi="2" ci="0" mb="0" cb="0"/><line nr="769" mi="12" ci="0" mb="4" cb="0"/><line nr="770" mi="3" ci="0" mb="0" cb="0"/><line nr="771" mi="2" ci="0" mb="0" cb="0"/><line nr="781" mi="6" ci="0" mb="0" cb="0"/><line nr="782" mi="2" ci="0" mb="0" cb="0"/><line nr="792" mi="6" ci="0" mb="0" cb="0"/><line nr="793" mi="2" ci="0" mb="0" cb="0"/><line nr="805" mi="0" ci="6" mb="0" cb="0"/><line nr="806" mi="0" ci="2" mb="0" cb="0"/><line nr="818" mi="0" ci="4" mb="0" cb="0"/><line nr="819" mi="1" ci="11" mb="2" cb="2"/><line nr="820" mi="0" ci="7" mb="0" cb="0"/><line nr="831" mi="0" ci="3" mb="0" cb="0"/><line nr="833" mi="3" ci="5" mb="1" cb="1"/><line nr="836" mi="0" ci="2" mb="0" cb="0"/><line nr="837" mi="0" ci="2" mb="0" cb="0"/><line nr="839" mi="0" ci="3" mb="0" cb="0"/><line nr="840" mi="0" ci="2" mb="0" cb="2"/><line nr="842" mi="0" ci="6" mb="0" cb="0"/><line nr="843" mi="0" ci="9" mb="0" cb="0"/><line nr="848" mi="0" ci="3" mb="0" cb="0"/><line nr="850" mi="0" ci="3" mb="0" cb="0"/><line nr="851" mi="0" ci="2" mb="0" cb="2"/><line nr="852" mi="0" ci="7" mb="0" cb="0"/><line nr="855" mi="0" ci="22" mb="0" cb="0"/><line nr="860" mi="0" ci="3" mb="0" cb="0"/><line nr="862" mi="0" ci="2" mb="0" cb="0"/><line nr="864" mi="0" ci="2" mb="0" cb="0"/><counter type="INSTRUCTION" missed="345" covered="1072"/><counter type="BRANCH" missed="36" covered="36"/><counter type="LINE" missed="72" covered="219"/><counter type="COMPLEXITY" missed="39" covered="53"/><counter type="METHOD" missed="12" covered="44"/><counter type="CLASS" missed="0" covered="2"/></sourcefile><sourcefile name="TarXzCompressedBinaryManager.java"><line nr="58" mi="0" ci="3" mb="0" cb="0"/><line nr="62" mi="0" ci="5" mb="0" cb="0"/><line nr="64" mi="0" ci="5" mb="0" cb="0"/><line nr="85" mi="0" ci="2" mb="0" cb="0"/><line nr="86" mi="0" ci="6" mb="0" cb="0"/><line nr="87" mi="0" ci="6" mb="0" cb="0"/><line nr="88" mi="0" ci="6" mb="0" cb="0"/><line nr="90" mi="0" ci="9" mb="0" cb="0"/><line nr="92" mi="0" ci="1" mb="0" cb="0"/><line nr="97" mi="0" ci="6" mb="0" cb="0"/><line nr="98" mi="0" ci="5" mb="1" cb="3"/><line nr="99" mi="0" ci="2" mb="0" cb="0"/><line nr="102" mi="0" ci="3" mb="0" cb="0"/><line nr="104" mi="0" ci="5" mb="0" cb="0"/><line nr="105" mi="1" ci="8" mb="1" cb="1"/><line nr="106" mi="0" ci="7" mb="0" cb="0"/><line nr="107" mi="0" ci="3" mb="0" cb="0"/><line nr="108" mi="0" ci="6" mb="0" cb="0"/><line nr="109" mi="0" ci="8" mb="0" cb="0"/><line nr="110" mi="0" ci="2" mb="0" cb="0"/><line nr="114" mi="0" ci="7" mb="0" cb="0"/><line nr="115" mi="0" ci="6" mb="0" cb="0"/><line nr="117" mi="0" ci="3" mb="1" cb="1"/><line nr="118" mi="5" ci="0" mb="0" cb="0"/><line nr="119" mi="4" ci="0" mb="0" cb="0"/><line nr="120" mi="2" ci="0" mb="2" cb="0"/><line nr="121" mi="9" ci="0" mb="2" cb="0"/><line nr="122" mi="3" ci="0" mb="0" cb="0"/><line nr="123" mi="5" ci="0" mb="0" cb="0"/><line nr="124" mi="4" ci="0" mb="0" cb="0"/><line nr="125" mi="5" ci="0" mb="0" cb="0"/><line nr="126" mi="1" ci="0" mb="0" cb="0"/><line nr="128" mi="2" ci="0" mb="0" cb="0"/><line nr="129" mi="6" ci="0" mb="4" cb="0"/><line nr="130" mi="3" ci="0" mb="0" cb="0"/><line nr="132" mi="4" ci="0" mb="0" cb="0"/><line nr="135" mi="6" ci="0" mb="4" cb="0"/><line nr="136" mi="11" ci="0" mb="0" cb="0"/><line nr="141" mi="0" ci="6" mb="0" cb="0"/><line nr="142" mi="0" ci="10" mb="0" cb="0"/><line nr="143" mi="0" ci="4" mb="0" cb="0"/><line nr="145" mi="1" ci="0" mb="0" cb="0"/><line nr="146" mi="5" ci="0" mb="0" cb="0"/><line nr="147" mi="1" ci="0" mb="0" cb="0"/><line nr="148" mi="2" ci="0" mb="0" cb="0"/><line nr="149" mi="5" ci="0" mb="0" cb="0"/><line nr="151" mi="0" ci="3" mb="0" cb="0"/><line nr="162" mi="5" ci="0" mb="0" cb="0"/><line nr="163" mi="5" ci="0" mb="0" cb="0"/><line nr="164" mi="5" ci="0" mb="0" cb="0"/><line nr="167" mi="5" ci="0" mb="2" cb="0"/><line nr="168" mi="3" ci="0" mb="0" cb="0"/><line nr="169" mi="6" ci="0" mb="0" cb="0"/><line nr="170" mi="3" ci="0" mb="0" cb="0"/><line nr="171" mi="18" ci="0" mb="4" cb="0"/><line nr="172" mi="2" ci="0" mb="0" cb="0"/><line nr="173" mi="10" ci="0" mb="0" cb="0"/><line nr="176" mi="6" ci="0" mb="4" cb="0"/><line nr="177" mi="7" ci="0" mb="0" cb="0"/><line nr="178" mi="6" ci="0" mb="0" cb="0"/><line nr="179" mi="4" ci="0" mb="2" cb="0"/><line nr="180" mi="5" ci="0" mb="0" cb="0"/><line nr="181" mi="7" ci="0" mb="0" cb="0"/><line nr="182" mi="9" ci="0" mb="2" cb="0"/><line nr="183" mi="3" ci="0" mb="0" cb="0"/><line nr="185" mi="13" ci="0" mb="0" cb="0"/><line nr="186" mi="3" ci="0" mb="0" cb="0"/><line nr="188" mi="3" ci="0" mb="0" cb="0"/><line nr="189" mi="19" ci="0" mb="0" cb="0"/><line nr="192" mi="3" ci="0" mb="0" cb="0"/><line nr="193" mi="1" ci="0" mb="0" cb="0"/><line nr="197" mi="13" ci="0" mb="0" cb="0"/><line nr="198" mi="3" ci="0" mb="0" cb="0"/><line nr="199" mi="1" ci="0" mb="0" cb="0"/><line nr="203" mi="2" ci="0" mb="0" cb="0"/><line nr="204" mi="1" ci="0" mb="0" cb="0"/><line nr="205" mi="4" ci="0" mb="0" cb="0"/><line nr="207" mi="4" ci="0" mb="0" cb="0"/><line nr="209" mi="1" ci="0" mb="0" cb="0"/><line nr="211" mi="4" ci="0" mb="2" cb="0"/><line nr="212" mi="3" ci="0" mb="0" cb="0"/><line nr="214" mi="12" ci="0" mb="0" cb="0"/><line nr="217" mi="8" ci="0" mb="4" cb="0"/><line nr="218" mi="5" ci="0" mb="2" cb="0"/><line nr="219" mi="12" ci="0" mb="0" cb="0"/><line nr="222" mi="1" ci="0" mb="0" cb="0"/><line nr="224" mi="3" ci="0" mb="0" cb="0"/><line nr="226" mi="1" ci="0" mb="0" cb="0"/><counter type="INSTRUCTION" missed="314" covered="137"/><counter type="BRANCH" missed="37" covered="5"/><counter type="LINE" missed="61" covered="27"/><counter type="COMPLEXITY" missed="25" covered="4"/><counter type="METHOD" missed="5" covered="3"/><counter type="CLASS" missed="1" covered="1"/></sourcefile><sourcefile name="EmbeddedPostgresPreparer.java"><line nr="37" mi="3" ci="0" mb="0" cb="0"/><counter type="INSTRUCTION" missed="3" covered="0"/><counter type="LINE" missed="1" covered="0"/><counter type="COMPLEXITY" missed="2" covered="0"/><counter type="METHOD" missed="2" covered="0"/><counter type="CLASS" missed="1" cover
[...]
ine nr="130" mi="5" ci="0" mb="0" cb="0"/><line nr="132" mi="0" ci="3" mb="0" cb="0"/><line nr="133" mi="0" ci="2" mb="0" cb="0"/><line nr="137" mi="0" ci="2" mb="1" cb="1"/><line nr="138" mi="5" ci="0" mb="0" cb="0"/><line nr="140" mi="0" ci="3" mb="1" cb="1"/><line nr="141" mi="5" ci="0" mb="0" cb="0"/><line nr="143" mi="0" ci="3" mb="0" cb="0"/><line nr="144" mi="0" ci="2" mb="0" cb="0"/><line nr="148" mi="0" ci="3" mb="1" cb="1"/><line nr="149" mi="0" ci="3" mb="1" cb="1"/><line nr="150" mi="0" ci="4" mb="0" cb="0"/><line nr="152" mi="3" ci="0" mb="0" cb="0"/><line nr="153" mi="6" ci="0" mb="0" cb="0"/><line nr="154" mi="3" ci="0" mb="0" cb="0"/><line nr="157" mi="0" ci="3" mb="0" cb="0"/><line nr="161" mi="0" ci="4" mb="0" cb="0"/><line nr="162" mi="0" ci="2" mb="0" cb="0"/><line nr="166" mi="0" ci="3" mb="0" cb="2"/><line nr="167" mi="0" ci="6" mb="0" cb="0"/><line nr="168" mi="0" ci="3" mb="0" cb="2"/><line nr="169" mi="0" ci="3" mb="0" cb="0"/><line nr="171" mi="0" ci="9" mb="3" cb="3"/><line nr="174" mi="4" ci="0" mb="0" cb="0"/><line nr="175" mi="3" ci="0" mb="2" cb="0"/><line nr="176" mi="4" ci="0" mb="0" cb="0"/><line nr="178" mi="3" ci="0" mb="2" cb="0"/><line nr="179" mi="4" ci="0" mb="0" cb="0"/><line nr="181" mi="3" ci="0" mb="2" cb="0"/><line nr="182" mi="4" ci="0" mb="0" cb="0"/><line nr="184" mi="6" ci="0" mb="0" cb="0"/><line nr="186" mi="0" ci="7" mb="0" cb="0"/><line nr="188" mi="0" ci="8" mb="0" cb="0"/><counter type="INSTRUCTION" missed="132" covered="169"/><counter type="BRANCH" missed="21" covered="21"/><counter type="LINE" missed="30" covered="48"/><counter type="COMPLEXITY" missed="20" covered="18"/><counter type="METHOD" missed="2" covered="15"/><counter type="CLASS" missed="0" covered="2"/></sourcefile><counter type="INSTRUCTION" missed="960" covered="2301"/><counter type="BRANCH" missed="122" covered="106"/><counter type="LINE" missed="205" covered="515"/><counter type="COMPLEXITY" missed="119" covered="147"/><counter type="METHOD" missed="28" covered="124"/><counter type="CLASS" missed="3" covered="16"/></package><package name="de/softwareforge/testing/postgres/junit5"><class name="de/softwareforge/testing/postgres/junit5/EmbeddedPgExtension$TestMode" sourcefilename="EmbeddedPgExtension.java"><method name="&lt;init&gt;" desc="(Ljava/lang/String;Lde/softwareforge/testing/postgres/embedded/DatabaseManager;)V" line="160"><counter type="INSTRUCTION" missed="0" covered="9"/><counter type="LINE" missed="0" covered="4"/><counter type="COMPLEXITY" missed="0" covered="1"/><counter type="METHOD" missed="0" covered="1"/></method><method name="start" desc="(Ljava/lang/String;)Lde/softwareforge/testing/postgres/embedded/DatabaseManager;" line="166"><counter type="INSTRUCTION" missed="0" covered="12"/><counter type="BRANCH" missed="0" covered="2"/><counter type="LINE" missed="0" covered="3"/><counter type="COMPLEXITY" missed="0" covered="2"/><counter type="METHOD" missed="0" covered="1"/></method><method name="stop" desc="(Ljava/lang/String;)Lde/softwareforge/testing/postgres/embedded/DatabaseManager;" line="174"><counter type="INSTRUCTION" missed="0" covered="13"/><counter type="BRANCH" missed="0" covered="2"/><counter type="LINE" missed="0" covered="4"/><counter type="COMPLEXITY" missed="0" covered="2"/><counter type="METHOD" missed="0" covered="1"/></method><method name="&lt;clinit&gt;" desc="()V" line="155"><counter type="INSTRUCTION" missed="0" covered="5"/><counter type="LINE" missed="0" covered="1"/><counter type="COMPLEXITY" missed="0" covered="1"/><counter type="METHOD" missed="0" covered="1"/></method><counter type="INSTRUCTION" missed="0" covered="39"/><counter type="BRANCH" missed="0" covered="4"/><counter type="LINE" missed="0" covered="12"/><counter type="COMPLEXITY" missed="0" covered="6"/><counter type="METHOD" missed="0" covered="4"/><counter type="CLASS" missed="0" covered="1"/></class><class name="de/softwareforge/testing/postgres/junit5/SingleDatabaseBuilder" sourcefilename="SingleDatabaseBuilder.java"><method name="&lt;init&gt;" desc="()V" line="28"><counter type="INSTRUCTION" missed="7" covered="0"/><counter type="LINE" missed="2" covered="0"/><counter type="COMPLEXITY" missed="1" covered="0"/><counter type="METHOD" missed="1" covered="0"/></method><method name="instance" desc="()Lde/softwareforge/testing/postgres/embedded/DatabaseManager$Builder;" line="36"><counter type="INSTRUCTION" missed="2" covered="0"/><counter type="LINE" missed="1" covered="0"/><counter type="COMPLEXITY" missed="1" covered="0"/><counter type="METHOD" missed="1" covered="0"/></method><method name="instanceWithDefaults" desc="()Lde/softwareforge/testing/postgres/embedded/DatabaseManager$Builder;" line="43"><counter type="INSTRUCTION" missed="0" covered="4"/><counter type="LINE" missed="0" covered="1"/><counter type="COMPLEXITY" missed="0" covered="1"/><counter type="METHOD" missed="0" covered="1"/></method><method name="preparedInstance" desc="(Lde/softwareforge/testing/postgres/embedded/DatabasePreparer;)Lde/softwareforge/testing/postgres/embedded/DatabaseManager$Builder;" line="51"><counter type="INSTRUCTION" missed="4" covered="0"/><counter type="LINE" missed="1" covered="0"/><counter type="COMPLEXITY" missed="1" covered="0"/><counter type="METHOD" missed="1" covered="0"/></method><method name="preparedInstanceWithDefaults" desc="(Lde/softwareforge/testing/postgres/embedded/DatabasePreparer;)Lde/softwareforge/testing/postgres/embedded/DatabaseManager$Builder;" line="59"><counter type="INSTRUCTION" missed="6" covered="0"/><counter type="LINE" missed="1" covered="0"/><counter type="COMPLEXITY" missed="1" covered="0"/><counter type="METHOD" missed="1" covered="0"/></method><method name="preparedInstance" desc="(Lde/softwareforge/testing/postgres/embedded/EmbeddedPostgresPreparer;)Lde/softwareforge/testing/postgres/embedded/DatabaseManager$Builder;" line="66"><counter type="INSTRUCTION" missed="4" covered="0"/><counter type="LINE" missed="1" covered="0"/><counter type="COMPLEXITY" missed="1" covered="0"/><counter type="METHOD" missed="1" covered="0"/></method><method name="preparedInstanceWithDefaults" desc="(Lde/softwareforge/testing/postgres/embedded/EmbeddedPostgresPreparer;)Lde/softwareforge/testing/postgres/embedded/DatabaseManager$Builder;" line="73"><counter type="INSTRUCTION" missed="0" covered="6"/><counter type="LINE" missed="0" covered="1"/><counter type="COMPLEXITY" missed="0" covered="1"/><counter type="METHOD" missed="0" covered="1"/></method><counter type="INSTRUCTION" missed="23" covered="10"/><counter type="LINE" missed="6" covered="2"/><counter type="COMPLEXITY" missed="5" covered="2"/><counter type="METHOD" missed="5" covered="2"/><counter type="CLASS" missed="0" covered="1"/></class><class name="de/softwareforge/testing/postgres/junit5/EmbeddedPgExtension$EmbeddedPgExtensionBuilder" sourcefilename="EmbeddedPgExtension.java"><method name="&lt;init&gt;" desc="(Z)V" line="140"><counter type="INSTRUCTION" missed="0" covered="4"/><counter type="LINE" missed="0" covered="2"/><counter type="COMPLEXITY" missed="0" covered="1"/><counter type="METHOD" missed="0" covered="1"/></method><method name="build" desc="()Lde/softwareforge/testing/postgres/junit5/EmbeddedPgExtension;" line="145"><counter type="INSTRUCTION" missed="0" covered="24"/><counter type="LINE" missed="0" covered="4"/><counter type="COMPLEXITY" missed="0" covered="1"/><counter type="METHOD" missed="0" covered="1"/></method><counter type="INSTRUCTION" missed="0" covered="28"/><counter type="LINE" missed="0" covered="6"/><counter type="COMPLEXITY" missed="0" covered="2"/><counter type="METHOD" missed="0" covered="2"/><counter type="CLASS" missed="0" covered="1"/></class><class name="de/softwareforge/testing/postgres/junit5/EmbeddedPgExtension" sourcefilename="EmbeddedPgExtension.java"><method name="&lt;init&gt;" desc="(Lde/softwareforge/testing/postgres/embedded/DatabaseManager$Builder;)V" line="45"><counter type="INSTRUCTION" missed="0" covered="18"/><counter type="LINE" missed="0" covered="5"/><counter type="COMPLEXITY" missed="0" covered="1"/><counter type="METHOD" missed="0" covered="1"/></method><method name="multiDatabase" desc="()Lde/softwareforge/testing/postgres/junit5/EmbeddedPgExtension$EmbeddedPgExtensionBuilder;" line="56"><counter type="INSTRUCTION" missed="0" covered="5"/><counter type="LINE" missed="0" covered="1"/><counter type="COMPLEXITY" missed="0" covered="1"/><counter type="METHOD" missed="0" covered="1"/></method><method name="singleDatabase" desc="()Lde/softwareforge/testing/postgres/junit5/EmbeddedPgExtension$EmbeddedPgExtensionBuilder;" line="60"><counter type="INSTRUCTION" missed="0" covered="5"/><counter type="LINE" missed="0" covered="1"/><counter type="COMPLEXITY" missed="0" covered="1"/><counter type="METHOD" missed="0" covered="1"/></method><method name="createDataSource" desc="()Ljavax/sql/DataSource;" line="67"><counter type="INSTRUCTION" missed="0" covered="4"/><counter type="LINE" missed="0" covered="1"/><counter type="COMPLEXITY" missed="0" covered="1"/><counter type="METHOD" missed="0" covered="1"/></method><method name="getEmbeddedPostgres" desc="()Lde/softwareforge/testing/postgres/embedded/EmbeddedPostgres;" line="72"><counter type="INSTRUCTION" missed="4" covered="0"/><counter type="LINE" missed="1" covered="0"/><counter type="COMPLEXITY" missed="1" covered="0"/><counter type="METHOD" missed="1" covered="0"/></method><method name="createDatabaseInfo" desc="()Lde/softwareforge/testing/postgres/embedded/DatabaseInfo;" line="81"><counter type="INSTRUCTION" missed="1" covered="18"/><counter type="BRANCH" missed="1" covered="1"/><counter type="LINE" missed="0" covered="4"/><counter type="COMPLEXITY" missed="1" covered="1"/><counter type="METHOD" missed="0" covered="1"/></method><method name="beforeAll" desc="(Lorg/junit/jupiter/api/extension/ExtensionContext;)V" line="90"><counter type="INSTRUCTION" missed="0" covered="25"/><counter type="LINE" missed="0" covered="5"/><counter type="COMPLEXITY" missed="0" covered="1"/><counter type="METHOD" missed="0" covered="1"/></method><method name="afterAll" desc="(Lorg/junit/jupiter/api/extension/ExtensionContext;)V" line="103"><counter type="INSTRUCTION" missed="0" covered="24"/><counter type="BRANCH" missed="1" covered="1"/><counter type="LINE" missed="0" covered="6"/><counter type="COMPLEXITY" missed="1" covered="1"/><counter type="METHOD" missed="0" covered="1"/></method><method name="beforeEach" desc="(Lorg/junit/jupiter/api/extension/ExtensionContext;)V" line="115"><counter type="INSTRUCTION" missed="0" covered="25"/><counter type="LINE" missed="0" covered="5"/><counter type="COMPLEXITY" missed="0" covered="1"/><counter type="METHOD" missed="0" covered="1"/></method><method name="afterEach" desc="(Lorg/junit/jupiter/api/extension/ExtensionContext;)V" line="127"><counter type="INSTRUCTION" missed="0" covered="24"/><counter type="BRANCH" missed="1" covered="1"/><counter type="LINE" missed="0" covered="6"/><counter type="COMPLEXITY" missed="1" covered="1"/><counter type="METHOD" missed="0" covered="1"/></method><method name="lambda$beforeEach$1" desc="(Lorg/junit/jupiter/api/extension/ExtensionContext;Ljava/lang/Object;)Lde/softwareforge/testing/postgres/junit5/EmbeddedPgExtension$TestMode;" line="119"><counter type="INSTRUCTION" missed="0" covered="10"/><counter type="LINE" missed="0" covered="1"/><counter type="COMPLEXITY" missed="0" covered="1"/><counter type="METHOD" missed="0" covered="1"/></method><method name="lambda$beforeAll$0" desc="(Lorg/junit/jupiter/api/extension/ExtensionContext;Ljava/lang/Object;)Lde/softwareforge/testing/postgres/junit5/EmbeddedPgExtension$TestMode;" line="95"><counter type="INSTRUCTION" missed="0" covered="10"/><counter type="LINE" missed="0" covered="1"/><counter type="COMPLEXITY" missed="0" covered="1"/><counter type="METHOD" missed="0" covered="1"/></method><method name="&lt;clinit&gt;" desc="()V" line="42"><counter type="INSTRUCTION" missed="0" covered="4"/><counter type="LINE" missed="0" covered="1"/><counter type="COMPLEXITY" missed="0" covered="1"/><counter type="METHOD" missed="0" covered="1"/></method><counter type="INSTRUCTION" missed="5" covered="172"/><counter type="BRANCH" missed="3" covered="3"/><counter type="LINE" missed="1" covered="37"/><counter type="COMPLEXITY" missed="4" covered="12"/><counter type="METHOD" missed="1" covered="12"/><counter type="CLASS" missed="0" covered="1"/></class><class name="de/softwareforge/testing/postgres/junit5/MultiDatabaseBuilder" sourcefilename="MultiDatabaseBuilder.java"><method name="&lt;init&gt;" desc="()V" line="28"><counter type="INSTRUCTION" missed="7" covered="0"/><counter type="LINE" missed="2" covered="0"/><counter type="COMPLEXITY" missed="1" covered="0"/><counter type="METHOD" missed="1" covered="0"/></method><method name="instance" desc="()Lde/softwareforge/testing/postgres/embedded/DatabaseManager$Builder;" line="36"><counter type="INSTRUCTION" missed="2" covered="0"/><counter type="LINE" missed="1" covered="0"/><counter type="COMPLEXITY" missed="1" covered="0"/><counter type="METHOD" missed="1" covered="0"/></method><method name="instanceWithDefaults" desc="()Lde/softwareforge/testing/postgres/embedded/DatabaseManager$Builder;" line="43"><counter type="INSTRUCTION" missed="0" covered="4"/><counter type="LINE" missed="0" covered="1"/><counter type="COMPLEXITY" missed="0" covered="1"/><counter type="METHOD" missed="0" covered="1"/></method><method name="preparedInstance" desc="(Lde/softwareforge/testing/postgres/embedded/DatabasePreparer;)Lde/softwareforge/testing/postgres/embedded/DatabaseManager$Builder;" line="51"><counter type="INSTRUCTION" missed="4" covered="0"/><counter type="LINE" missed="1" covered="0"/><counter type="COMPLEXITY" missed="1" covered="0"/><counter type="METHOD" missed="1" covered="0"/></method><method name="preparedInstanceWithDefaults" desc="(Lde/softwareforge/testing/postgres/embedded/DatabasePreparer;)Lde/softwareforge/testing/postgres/embedded/DatabaseManager$Builder;" line="59"><counter type="INSTRUCTION" missed="6" covered="0"/><counter type="LINE" missed="1" covered="0"/><counter type="COMPLEXITY" missed="1" covered="0"/><counter type="METHOD" missed="1" covered="0"/></method><method name="preparedInstance" desc="(Lde/softwareforge/testing/postgres/embedded/EmbeddedPostgresPreparer;)Lde/softwareforge/testing/postgres/embedded/DatabaseManager$Builder;" line="66"><counter type="INSTRUCTION" missed="4" covered="0"/><counter type="LINE" missed="1" covered="0"/><counter type="COMPLEXITY" missed="1" covered="0"/><counter type="METHOD" missed="1" covered="0"/></method><method name="preparedInstanceWithDefaults" desc="(Lde/softwareforge/testing/postgres/embedded/EmbeddedPostgresPreparer;)Lde/softwareforge/testing/postgres/embedded/DatabaseManager$Builder;" line="73"><counter type="INSTRUCTION" missed="0" covered="6"/><counter type="LINE" missed="0" covered="1"/><counter type="COMPLEXITY" missed="0" covered="1"/><counter type="METHOD" missed="0" covered="1"/></method><counter type="INSTRUCTION" missed="23" covered="10"/><counter type="LINE" missed="6" covered="2"/><counter type="COMPLEXITY" missed="5" covered="2"/><counter type="METHOD" missed="5" covered="2"/><counter type="CLASS" missed="0" covered="1"/></class><sourcefile name="EmbeddedPgExtension.java"><line nr="42" mi="0" ci="4" mb="0" cb="0"/><line nr="45" mi="0" ci="9" mb="0" cb="0"/><line nr="49" mi="0" ci="3" mb="0" cb="0"/><line nr="51" mi="0" ci="2" mb="0" cb="0"/><line nr="52" mi="0" ci="3" mb="0" cb="0"/><line nr="53" mi="0" ci="1" mb="0" cb="0"/><line nr="56" mi="0" ci="5" mb="0" cb="0"/><line nr="60" mi="0" ci="5" mb="0" cb="0"/><line nr="67" mi="0" ci="4" mb="0" cb="0"/><line nr="72" mi="4" ci="0" mb="0" cb="0"/><line nr="81" mi="1" ci="7" mb="1" cb="1"/><line nr="83" mi="0" ci="4" mb="0" cb="0"/><line nr="84" mi="0" ci="5" mb="0" cb="0"/><line nr="85" mi="0" ci="2" mb="0" cb="0"/><line nr="90" mi="0" ci="4" mb="0" cb="0"/><line nr="92" mi="0" ci="5" mb="0" cb="0"/><line nr="94" mi="0" ci="9" mb="0" cb="0"/><line nr="95" mi="0" ci="10" mb="0" cb="0"/><line nr="98" mi="0" ci="6" mb="0" cb="0"/><line nr="99" mi="0" ci="1" mb="0" cb="0"/><line nr="103" mi="0" ci="4" mb="0" cb="0"/><line nr="105" mi="0" ci="5" mb="0" cb="0"/><line nr="106" mi="0" ci="6" mb="0" cb="0"/><line nr="108" mi="0" ci="2" mb="1" cb="1"/><line nr="109" mi="0" ci="6" mb="0" cb="0"/><line nr="111" mi="0" ci="1" mb="0" cb="0"/><line nr="115" mi="0" ci="4" mb="0" cb="0"/><line nr="117" mi="0" ci="5" mb="0" cb="0"/><line nr="118" mi="0" ci="9" mb="0" cb="0"/><line nr="119" mi="0" ci="10" mb="0" cb="0"/><line nr="122" mi="0" ci="6" mb="0" cb="0"/><line nr="123" mi="0" ci="1" mb="0" cb="0"/><line nr="127" mi="0" ci="4" mb="0" cb="0"/><line nr="129" mi="0" ci="5" mb="0" cb="0"/><line nr="130" mi="0" ci="6" mb="0" cb="0"/><line nr="132" mi="0" ci="2" mb="1" cb="1"/><line nr="133" mi="0" ci="6" mb="0" cb="0"/><line nr="135" mi="0" ci="1" mb="0" cb="0"/><line nr="140" mi="0" ci="3" mb="0" cb="0"/><line nr="141" mi="0" ci="1" mb="0" cb="0"/><line nr="145" mi="0" ci="7" mb="0" cb="0"/><line nr="146" mi="0" ci="3" mb="0" cb="0"/><line nr="148" mi="0" ci="9" mb="0" cb="0"/><line nr="149" mi="0" ci="5" mb="0" cb="0"/><line nr="155" mi="0" ci="5" mb="0" cb="0"/><line nr="160" mi="0" ci="2" mb="0" cb="0"/><line nr="161" mi="0" ci="3" mb="0" cb="0"/><line nr="162" mi="0" ci="3" mb="0" cb="0"/><line nr="163" mi="0" ci="1" mb="0" cb="0"/><line nr="166" mi="0" ci="5" mb="0" cb="2"/><line nr="167" mi="0" ci="4" mb="0" cb="0"/><line nr="170" mi="0" ci="3" mb="0" cb="0"/><line nr="174" mi="0" ci="5" mb="0" cb="2"/><line nr="175" mi="0" ci="3" mb="0" cb="0"/><line nr="176" mi="0" ci="2" mb="0" cb="0"/><line nr="179" mi="0" ci="3" mb="0" cb="0"/><counter type="INSTRUCTION" missed="5" covered="239"/><counter type="BRANCH" missed="3" covered="7"/><counter type="LINE" missed="1" covered="55"/><counter type="COMPLEXITY" missed="4" covered="20"/><counter type="METHOD" missed="1" covered="18"/><counter type="CLASS" missed="0" covered="3"/></sourcefile><sourcefile name="MultiDatabaseBuilder.java"><line nr="28" mi="2" ci="0" mb="0" cb="0"/><line nr="29" mi="5" ci="0" mb="0" cb="0"/><line nr="36" mi="2" ci="0" mb="0" cb="0"/><line nr="43" mi="0" ci="4" mb="0" cb="0"/><line nr="51" mi="4" ci="0" mb="0" cb="0"/><line nr="59" mi="6" ci="0" mb="0" cb="0"/><line nr="66" mi="4" ci="0" mb="0" cb="0"/><line nr="73" mi="0" ci="6" mb="0" cb="0"/><counter type="INSTRUCTION" missed="23" covered="10"/><counter type="LINE" missed="6" covered="2"/><counter type="COMPLEXITY" missed="5" covered="2"/><counter type="METHOD" missed="5" covered="2"/><counter type="CLASS" missed="0" covered="1"/></sourcefile><sourcefile name="SingleDatabaseBuilder.java"><line nr="28" mi="2" ci="0" mb="0" cb="0"/><line nr="29" mi="5" ci="0" mb="0" cb="0"/><line nr="36" mi="2" ci="0" mb="0" cb="0"/><line nr="43" mi="0" ci="4" mb="0" cb="0"/><line nr="51" mi="4" ci="0" mb="0" cb="0"/><line nr="59" mi="6" ci="0" mb="0" cb="0"/><line nr="66" mi="4" ci="0" mb="0" cb="0"/><line nr="73" mi="0" ci="6" mb="0" cb="0"/><counter type="INSTRUCTION" missed="23" covered="10"/><counter type="LINE" missed="6" covered="2"/><counter type="COMPLEXITY" missed="5" covered="2"/><counter type="METHOD" missed="5" covered="2"/><counter type="CLASS" missed="0" covered="1"/></sourcefile><counter type="INSTRUCTION" missed="51" covered="259"/><counter type="BRANCH" missed="3" covered="7"/><counter type="LINE" missed="13" covered="59"/><counter type="COMPLEXITY" missed="14" covered="24"/><counter type="METHOD" missed="11" covered="22"/><counter type="CLASS" missed="0" covered="5"/></package><counter type="INSTRUCTION" missed="1011" covered="2560"/><counter type="BRANCH" missed="125" covered="113"/><counter type="LINE" missed="218" covered="574"/><counter type="COMPLEXITY" missed="133" covered="171"/><counter type="METHOD" missed="39" covered="146"/><counter type="CLASS" missed="3" covered="21"/></report>