<?xml version="1.0" encoding="UTF-8" standalone="yes"?><!DOCTYPE report PUBLIC "-//JACOCO//DTD Report 1.1//EN" "report.dtd"><report name="pg-embedded"><sessioninfo id="roci.dyn.intermeta.com-7557ff20" start="1637544946472" dump="1637544951142"/><sessioninfo id="roci.dyn.intermeta.com-28fae210" start="1637544946469" dump="1637544957366"/><sessioninfo id="roci.dyn.intermeta.com-a286d38" start="1637544946477" dump="1637544959744"/><sessioninfo id="roci.dyn.intermeta.com-d503de96" start="1637544946483" dump="1637544960018"/><sessioninfo id="roci.dyn.intermeta.com-6a3cef05" start="1637544946478" dump="1637544962262"/><sessioninfo id="roci.dyn.intermeta.com-7a038897" start="1637544946465" dump="1637544962359"/><sessioninfo id="roci.dyn.intermeta.com-77b566ad" start="1637544946501" dump="1637544962426"/><sessioninfo id="roci.dyn.intermeta.com-7f2e9fdc" start="1637544946506" dump="1637544962662"/><sessioninfo id="roci.dyn.intermeta.com-48545696" start="1637544946474" dump="1637544964624"/><sessioninfo id="roci.dyn.intermeta.com-5218bdb9" start="1637544946480" dump="1637544965018"/><sessioninfo id="roci.dyn.intermeta.com-a6c479bd" start="1637544946461" dump="1637544967180"/><sessioninfo id="roci.dyn.intermeta.com-8bb04875" start="1637545040862" dump="1637545045552"/><sessioninfo id="roci.dyn.intermeta.com-7e080281" start="1637545040845" dump="1637545051481"/><sessioninfo id="roci.dyn.intermeta.com-48949aac" start="1637545040810" dump="1637545053828"/><sessioninfo id="roci.dyn.intermeta.com-bdb82c17" start="1637545040857" dump="1637545054450"/><sessioninfo id="roci.dyn.intermeta.com-1b853585" start="1637545040840" dump="1637545056414"/><sessioninfo id="roci.dyn.intermeta.com-3afe0f48" start="1637545040823" dump="1637545056538"/><sessioninfo id="roci.dyn.intermeta.com-c6d581f6" start="1637545040866" dump="1637545056642"/><sessioninfo id="roci.dyn.intermeta.com-4071251e" start="1637545040863" dump="1637545056849"/><sessioninfo id="roci.dyn.intermeta.com-cec111db" start="1637545040874" dump="1637545058750"/><sessioninfo id="roci.dyn.intermeta.com-61862116" start="1637545040875" dump="1637545059075"/><sessioninfo id="roci.dyn.intermeta.com-3b17d772" start="1637545040830" dump="1637545061201"/><sessioninfo id="roci.dyn.intermeta.com-2de1f43f" start="1637545899259" dump="1637545903594"/><sessioninfo id="roci.dyn.intermeta.com-cd2b4b65" start="1637545899258" dump="1637545910027"/><sessioninfo id="roci.dyn.intermeta.com-e2ed6ca4" start="1637545899255" dump="1637545912289"/><sessioninfo id="roci.dyn.intermeta.com-1f732058" start="1637545899245" dump="1637545912831"/><sessioninfo id="roci.dyn.intermeta.com-bc08cb21" start="1637545899252" dump="1637545914840"/><sessioninfo id="roci.dyn.intermeta.com-fed98ed2" start="1637545899231" dump="1637545915047"/><sessioninfo id="roci.dyn.intermeta.com-3330ae2f" start="1637545899253" dump="1637545915166"/><sessioninfo id="roci.dyn.intermeta.com-b87709fe" start="1637545899237" dump="1637545915269"/><sessioninfo id="roci.dyn.intermeta.com-42cfc3fb" start="1637545899253" dump="1637545917224"/><sessioninfo id="roci.dyn.intermeta.com-d3dcf641" start="1637545899242" dump="1637545917526"/><sessioninfo id="roci.dyn.intermeta.com-43975b5a" start="1637545899256" dump="1637545919571"/><sessioninfo id="roci.dyn.intermeta.com-4a08e1ab" start="1637545976147" dump="1637545980313"/><sessioninfo id="roci.dyn.intermeta.com-ee3bc1f4" start="1637545976167" dump="1637545987095"/><sessioninfo id="roci.dyn.intermeta.com-3f0987aa" start="1637545976192" dump="1637545989330"/><sessioninfo id="roci.dyn.intermeta.com-6807e5d6" start="1637545976166" dump="1637545989870"/><sessioninfo id="roci.dyn.intermeta.com-334b805a" start="1637545976152" dump="1637545991955"/><sessioninfo id="roci.dyn.intermeta.com-7a32df49" start="1637545976193" dump="1637545992138"/><sessioninfo id="roci.dyn.intermeta.com-c59ae7b7" start="1637545976193" dump="1637545992261"/><sessioninfo id="roci.dyn.intermeta.com-edc0da0f" start="1637545976179" dump="1637545992397"/><sessioninfo id="roci.dyn.intermeta.com-e93a488f" start="1637545976200" dump="1637545994358"/><sessioninfo id="roci.dyn.intermeta.com-540494fd" start="1637545976165" dump="1637545994657"/><sessioninfo id="roci.dyn.intermeta.com-664a6406" start="1637545976202" dump="1637545996801"/><package name="de/softwareforge/testing/postgres/embedded"><class name="de/softwareforge/testing/postgres/embedded/EmbeddedUtil" sourcefilename="EmbeddedUtil.java"><method name="&lt;init&gt;" desc="()V" line="73"><counter type="INSTRUCTION" missed="7" covered="0"/><counter type="LINE" missed="2" covered="0"/><counter type="COMPLEXITY" missed="1" covered="0"/><counter type="METHOD" missed="1" covered="0"/></method><method name="getWorkingDirectory" desc="()Ljava/io/File;" line="78"><counter type="INSTRUCTION" missed="0" covered="12"/><counter type="LINE" missed="0" covered="2"/><counter type="COMPLEXITY" missed="0" covered="1"/><counter type="METHOD" missed="0" covered="1"/></method><method name="getFileBaseName" desc="(Ljava/lang/String;)Ljava/lang/String;" line="86"><counter type="INSTRUCTION" missed="2" covered="13"/><counter type="BRANCH" missed="1" covered="1"/><counter type="LINE" missed="1" covered="4"/><counter type="COMPLEXITY" missed="1" covered="1"/><counter type="METHOD" missed="0" covered="1"/></method><method name="failIfNullBytePresent" desc="(Ljava/lang/String;)V" line="95"><counter type="INSTRUCTION" missed="1" covered="19"/><counter type="BRANCH" missed="1" covered="3"/><counter type="LINE" missed="0" covered="4"/><counter type="COMPLEXITY" missed="1" covered="2"/><counter type="METHOD" missed="0" covered="1"/></method><method name="indexOfLastSeparator" desc="(Ljava/lang/String;)I" line="103"><counter type="INSTRUCTION" missed="2" covered="14"/><counter type="BRANCH" missed="1" covered="1"/><counter type="LINE" missed="1" covered="4"/><counter type="COMPLEXITY" missed="1" covered="1"/><counter type="METHOD" missed="0" covered="1"/></method><method name="mkdirs" desc="(Ljava/io/File;)V" line="116"><counter type="INSTRUCTION" missed="6" covered="10"/><counter type="BRANCH" missed="2" covered="4"/><counter type="LINE" missed="1" covered="2"/><counter type="COMPLEXITY" missed="2" covered="2"/><counter type="METHOD" missed="0" covered="1"/></method><method name="rmdirs" desc="(Ljava/io/File;)V" line="123"><counter type="INSTRUCTION" missed="0" covered="14"/><counter type="LINE" missed="0" covered="5"/><counter type="COMPLEXITY" missed="0" covered="1"/><counter type="METHOD" missed="0" covered="1"/></method><method name="formatDuration" desc="(Ljava/time/Duration;)Ljava/lang/String;" line="131"><counter type="INSTRUCTION" missed="15" covered="63"/><counter type="BRANCH" missed="3" covered="7"/><counter type="LINE" missed="3" covered="15"/><counter type="COMPLEXITY" missed="3" covered="3"/><counter type="METHOD" missed="0" covered="1"/></method><method name="allocatePort" desc="()I" line="164"><counter type="INSTRUCTION" missed="12" covered="13"/><counter type="BRANCH" missed="1" covered="1"/><counter type="LINE" missed="4" covered="3"/><counter type="COMPLEXITY" missed="1" covered="1"/><counter type="METHOD" missed="0" covered="1"/></method><method name="randomAlphaNumeric" desc="(I)Ljava/lang/String;" line="176"><counter type="INSTRUCTION" missed="0" covered="4"/><counter type="LINE" missed="0" covered="1"/><counter type="COMPLEXITY" missed="0" covered="1"/><counter type="METHOD" missed="0" covered="1"/></method><method name="randomLowercase" desc="(I)Ljava/lang/String;" line="180"><counter type="INSTRUCTION" missed="0" covered="4"/><counter type="LINE" missed="0" covered="1"/><counter type="COMPLEXITY" missed="0" covered="1"/><counter type="METHOD" missed="0" covered="1"/></method><method name="sequence" desc="(CI)Ljava/lang/String;" line="184"><counter type="INSTRUCTION" missed="0" covered="21"/><counter type="BRANCH" missed="0" covered="2"/><counter type="LINE" missed="0" covered="4"/><counter type="COMPLEXITY" missed="0" covered="2"/><counter type="METHOD" missed="0" covered="1"/></method><method name="randomString" desc="(Ljava/lang/String;I)Ljava/lang/String;" line="192"><counter type="INSTRUCTION" missed="0" covered="25"/><counter type="BRANCH" missed="0" covered="2"/><counter type="LINE" missed="0" covered="5"/><counter type="COMPLEXITY" missed="0" covered="2"/><counter type="METHOD" missed="0" covered="1"/></method><method name="getSystemProperty" desc="(Ljava/lang/String;)Ljava/lang/String;" line="202"><counter type="INSTRUCTION" missed="3" covered="5"/><counter type="LINE" missed="2" covered="1"/><counter type="COMPLEXITY" missed="0" covered="1"/><counter type="METHOD" missed="0" covered="1"/></method><method name="getOsMatchesName" desc="(Ljava/lang/String;)Z" line="209"><counter type="INSTRUCTION" missed="0" covered="8"/><counter type="LINE" missed="0" covered="1"/><counter type="COMPLEXITY" missed="0" covered="1"/><counter type="METHOD" missed="0" covered="1"/></method><method name="&lt;clinit&gt;" desc="()V" line="53"><counter type="INSTRUCTION" missed="7" covered="60"/><counter type="BRANCH" missed="5" covered="3"/><counter type="LINE" missed="0" covered="14"/><counter type="COMPLEXITY" missed="4" covered="1"/><counter type="METHOD" missed="0" covered="1"/></method><counter type="INSTRUCTION" missed="55" covered="285"/><counter type="BRANCH" missed="14" covered="24"/><counter type="LINE" missed="14" covered="66"/><counter type="COMPLEXITY" missed="14" covered="21"/><counter type="METHOD" missed="1" covered="15"/><counter type="CLASS" missed="0" covered="1"/></class><class name="de/softwareforge/testing/postgres/embedded/DatabaseManager$InstanceProvider" sourcefilename="DatabaseManager.java"><method name="start" desc="()V" line="175"><counter type="INSTRUCTION" missed="0" covered="1"/><counter type="LINE" missed="0" covered="1"/><counter type="COMPLEXITY" missed="0" covered="1"/><counter type="METHOD" missed="0" covered="1"/></method><method name="close" desc="()V" line="179"><counter type="INSTRUCTION" missed="0" covered="1"/><counter type="LINE" missed="0" covered="1"/><counter type="COMPLEXITY" missed="0" covered="1"/><counter type="METHOD" missed="0" covered="1"/></method><counter type="INSTRUCTION" missed="0" covered="2"/><counter type="LINE" missed="0" covered="2"/><counter type="COMPLEXITY" missed="0" covered="2"/><counter type="METHOD" missed="0" covered="2"/><counter type="CLASS" missed="0" covered="1"/></class><class name="de/softwareforge/testing/postgres/embedded/DatabasePreparer" sourcefilename="DatabasePreparer.java"><method name="lambda$static$0" desc="(Ljavax/sql/DataSource;)V" line="31"><counter type="INSTRUCTION" missed="1" covered="0"/><counter type="LINE" missed="1" covered="0"/><counter type="COMPLEXITY" missed="1" covered="0"/><counter type="METHOD" missed="1" covered="0"/></method><method name="&lt;clinit&gt;" desc="()V" line="31"><counter type="INSTRUCTION" missed="3" covered="0"/><counter type="LINE" missed="1" covered="0"/><counter type="COMPLEXITY" missed="1" covered="0"/><counter type="METHOD" missed="1" covered="0"/></method><counter type="INSTRUCTION" missed="4" covered="0"/><counter type="LINE" missed="1" covered="0"/><counter type="COMPLEXITY" missed="2" covered="0"/><counter type="METHOD" missed="2" covered="0"/><counter type="CLASS" missed="1" covered="0"/></class><class name="de/softwareforge/testing/postgres/embedded/DatabaseManager$DatabaseManagerBuilder" sourcefilename="DatabaseManager.java"><method name="&lt;init&gt;" desc="(Z)V" line="358"><counter type="INSTRUCTION" missed="0" covered="4"/><counter type="LINE" missed="0" covered="2"/><counter type="COMPLEXITY" missed="0" covered="1"/><counter type="METHOD" missed="0" covered="1"/></method><method name="build" desc="()Lde/softwareforge/testing/postgres/embedded/DatabaseManager;" line="369"><counter type="INSTRUCTION" missed="0" covered="12"/><counter type="LINE" missed="0" covered="1"/><counter type="COMPLEXITY" missed="0" covered="1"/><counter type="METHOD" missed="0" covered="1"/></method><counter type="INSTRUCTION" missed="0" covered="16"/><counter type="LINE" missed="0" covered="3"/><counter type="COMPLEXITY" missed="0" covered="2"/><counter type="METHOD" missed="0" covered="2"/><counter type="CLASS" missed="0" covered="1"/></class><class name="de/softwareforge/testing/postgres/embedded/DatabaseInfo$Builder" sourcefilename="DatabaseInfo.java"><method name="&lt;init&gt;" desc="()V" line="128"><counter type="INSTRUCTION" missed="0" covered="3"/><counter type="LINE" missed="0" covered="1"/><counter type="COMPLEXITY" missed="0" covered="1"/><counter type="METHOD" missed="0" covered="1"/></method><method name="addConnectionProperty" desc="(Ljava/lang/String;Ljava/lang/String;)Lde/softwareforge/testing/postgres/embedded/DatabaseInfo$Builder;" line="141"><counter type="INSTRUCTION" missed="0" covered="8"/><counter type="LINE" missed="0" covered="2"/><counter type="COMPLEXITY" missed="0" covered="1"/><counter type="METHOD" missed="0" covered="1"/></method><counter type="INSTRUCTION" missed="0" covered="11"/><counter type="LINE" missed="0" covered="3"/><counter type="COMPLEXITY" missed="0" covered="2"/><counter type="METHOD" missed="0" covered="2"/><counter type="CLASS" missed="0" covered="1"/></class><class name="de/softwareforge/testing/postgres/embedded/ProcessOutputLogger" sourcefilename="ProcessOutputLogger.java"><method name="&lt;init&gt;" desc="(Lorg/slf4j/Logger;Ljava/lang/Process;)V" line="36"><counter type="INSTRUCTION" missed="0" covered="17"/><counter type="LINE" missed="0" covered="4"/><counter type="COMPLEXITY" missed="0" covered="1"/><counter type="METHOD" missed="0" covered="1"/></method><method name="run" desc="()V" line="45"><counter type="INSTRUCTION" missed="12" covered="16"/><counter type="LINE" missed="4" covered="5"/><counter type="COMPLEXITY" missed="0" covered="1"/><counter type="METHOD" missed="0" covered="1"/></method><method name="logOutput" desc="(Lorg/slf4j/Logger;Ljava/lang/String;Ljava/lang/Process;)V" line="59"><counter type="INSTRUCTION" missed="0" covered="18"/><counter type="LINE" missed="0" covered="5"/><counter type="COMPLEXITY" missed="0" covered="1"/><counter type="METHOD" missed="0" covered="1"/></method><counter type="INSTRUCTION" missed="12" covered="51"/><counter type="LINE" missed="4" covered="14"/><counter type="COMPLEXITY" missed="0" covered="3"/><counter type="METHOD" missed="0" covered="3"/><counter type="CLASS" missed="0" covered="1"/></class><class name="de/softwareforge/testing/postgres/embedded/DatabaseInfo" sourcefilename="DatabaseInfo.java"><method name="&lt;init&gt;" desc="()V" line="36"><counter type="INSTRUCTION" missed="0" covered="3"/><counter type="LINE" missed="0" covered="2"/><counter type="COMPLEXITY" missed="0" covered="1"/><counter type="METHOD" missed="0" covered="1"/></method><method name="builder" desc="()Lde/softwareforge/testing/postgres/embedded/DatabaseInfo$Builder;" line="87"><counter type="INSTRUCTION" missed="0" covered="8"/><counter type="LINE" missed="0" covered="3"/><counter type="COMPLEXITY" missed="0" covered="1"/><counter type="METHOD" missed="0" covered="1"/></method><method name="forException" desc="(Ljava/sql/SQLException;)Lde/softwareforge/testing/postgres/embedded/DatabaseInfo;" line="94"><counter type="INSTRUCTION" missed="0" covered="7"/><counter type="LINE" missed="0" covered="1"/><counter type="COMPLEXITY" missed="0" covered="1"/><counter type="METHOD" missed="0" covered="1"/></method><method name="asJdbcUrl" desc="()Ljava/lang/String;" line="104"><counter type="INSTRUCTION" missed="0" covered="40"/><counter type="LINE" missed="0" covered="5"/><counter type="COMPLEXITY" missed="0" covered="1"/><counter type="METHOD" missed="0" covered="1"/></method><method name="asDataSource" desc="()Ljavax/sql/DataSource;" line="120"><counter type="INSTRUCTION" missed="5" covered="14"/><counter type="BRANCH" missed="1" covered="1"/><counter type="LINE" missed="1" covered="2"/><counter type="COMPLEXITY" missed="1" covered="1"/><counter type="METHOD" missed="0" covered="1"/></method><method name="lambda$asJdbcUrl$0" desc="(Ljava/util/Map$Entry;)Ljava/lang/String;" line="107"><counter type="INSTRUCTION" missed="0" covered="15"/><counter type="LINE" missed="0" covered="1"/><counter type="COMPLEXITY" missed="0" covered="1"/><counter type="METHOD" missed="0" covered="1"/></method><counter type="INSTRUCTION" missed="5" covered="87"/><counter type="BRANCH" missed="1" covered="1"/><counter type="LINE" missed="1" covered="13"/><counter type="COMPLEXITY" missed="1" covered="6"/><counter type="METHOD" missed="0" covered="6"/><counter type="CLASS" missed="0" covered="1"/></class><class name="de/softwareforge/testing/postgres/embedded/EmbeddedPostgres$BuilderCustomizer" sourcefilename="EmbeddedPostgres.java"/><class name="de/softwareforge/testing/postgres/embedded/DatabaseManager" sourcefilename="DatabaseManager.java"><method name="&lt;init&gt;" desc="(Ljava/util/Set;Ljava/util/Set;Z)V" line="49"><counter type="INSTRUCTION" missed="0" covered="34"/><counter type="LINE" missed="0" covered="9"/><counter type="COMPLEXITY" missed="0" covered="1"/><counter type="METHOD" missed="0" covered="1"/></method><method name="multiDatabases" desc="()Lde/softwareforge/testing/postgres/embedded/DatabaseManager$Builder;" line="74"><counter type="INSTRUCTION" missed="0" covered="5"/><counter type="LINE" missed="0" covered="1"/><counter type="COMPLEXITY" missed="0" covered="1"/><counter type="METHOD" missed="0" covered="1"/></method><method name="singleDatabase" desc="()Lde/softwareforge/testing/postgres/embedded/DatabaseManager$Builder;" line="84"><counter type="INSTRUCTION" missed="0" covered="5"/><counter type="LINE" missed="0" covered="1"/><counter type="COMPLEXITY" missed="0" covered="1"/><counter type="METHOD" missed="0" covered="1"/></method><method name="start" desc="()Lde/softwareforge/testing/postgres/embedded/DatabaseManager;" line="96"><counter type="INSTRUCTION" missed="0" covered="68"/><counter type="BRANCH" missed="1" covered="7"/><counter type="LINE" missed="0" covered="16"/><counter type="COMPLEXITY" missed="1" covered="4"/><counter type="METHOD" missed="0" covered="1"/></method><method name="close" desc="()V" line="135"><counter type="INSTRUCTION" missed="0" covered="17"/><counter type="BRANCH" missed="1" covered="1"/><counter type="LINE" missed="0" covered="5"/><counter type="COMPLEXITY" missed="1" covered="1"/><counter type="METHOD" missed="0" covered="1"/></method><method name="getDatabaseInfo" desc="()Lde/softwareforge/testing/postgres/embedded/DatabaseInfo;" line="151"><counter type="INSTRUCTION" missed="5" covered="15"/><counter type="BRANCH" missed="1" covered="1"/><counter type="LINE" missed="1" covered="4"/><counter type="COMPLEXITY" missed="1" covered="1"/><counter type="METHOD" missed="0" covered="1"/></method><method name="getEmbeddedPostgres" desc="()Lde/softwareforge/testing/postgres/embedded/EmbeddedPostgres;" line="168"><counter type="INSTRUCTION" missed="0" covered="8"/><counter type="LINE" missed="0" covered="2"/><counter type="COMPLEXITY" missed="0" covered="1"/><counter type="METHOD" missed="0" covered="1"/></method><method name="createDatabase" desc="(Ljavax/sql/DataSource;Ljava/lang/String;)V" line="253"><counter type="INSTRUCTION" missed="0" covered="26"/><counter type="LINE" missed="0" covered="4"/><counter type="COMPLEXITY" missed="0" covered="1"/><counter type="METHOD" missed="0" covered="1"/></method><method name="lambda$start$0" desc="()Lde/softwareforge/testing/postgres/embedded/DatabaseInfo;" line="120"><counter type="INSTRUCTION" missed="0" covered="4"/><counter type="LINE" missed="0" covered="1"/><counter type="COMPLEXITY" missed="0" covered="1"/><counter type="METHOD" missed="0" covered="1"/></method><method name="&lt;clinit&gt;" desc="()V" line="47"><counter type="INSTRUCTION" missed="0" covered="4"/><counter type="LINE" missed="0" covered="1"/><counter type="COMPLEXITY" missed="0" covered="1"/><counter type="METHOD" missed="0" covered="1"/></method><counter type="INSTRUCTION" missed="5" covered="186"/><counter type="BRANCH" missed="3" covered="9"/><counter type="LINE" missed="1" covered="43"/><counter type="COMPLEXITY" missed="3" covered="13"/><counter type="METHOD" missed="0" covered="10"/><counter type="CLASS" missed="0" covered="1"/></class><class name="de/softwareforge/testing/postgres/embedded/TarXzCompressedBinaryManager$1" sourcefilename="TarXzCompressedBinaryManager.java"><method name="&lt;init&gt;" desc="(Ljava/io/File;Ljava/util/concurrent/Phaser;)V" line="199"><counter type="INSTRUCTION" missed="9" covered="0"/><counter type="LINE" missed="1" covered="0"/><counter type="COMPLEXITY" missed="1" covered="0"/><counter type="METHOD" missed="1" covered="0"/></method><method name="completed" desc="(Ljava/lang/Integer;Ljava/nio/channels/Channel;)V" line="202"><counter type="INSTRUCTION" missed="4" covered="0"/><counter type="LINE" missed="2" covered="0"/><counter type="COMPLEXITY" missed="1" covered="0"/><counter type="METHOD" missed="1" covered="0"/></method><method name="failed" desc="(Ljava/lang/Throwable;Ljava/nio/channels/Channel;)V" line="207"><counter type="INSTRUCTION" missed="17" covered="0"/><counter type="LINE" missed="3" covered="0"/><counter type="COMPLEXITY" missed="1" covered="0"/><counter type="METHOD" missed="1" covered="0"/></method><method name="closeChannel" desc="(Ljava/nio/channels/Channel;)V" line="213"><counter type="INSTRUCTION" missed="12" covered="0"/><counter type="LINE" missed="5" covered="0"/><counter type="COMPLEXITY" missed="1" covered="0"/><counter type="METHOD" missed="1" covered="0"/></method><counter type="INSTRUCTION" missed="42" covered="0"/><counter type="LINE" missed="11" covered="0"/><counter type="COMPLEXITY" missed="4" covered="0"/><counter type="METHOD" missed="4" covered="0"/><counter type="CLASS" missed="1" covered="0"/></class><class name="de/softwareforge/testing/postgres/embedded/MavenArtifactLoader$1" sourcefilename="MavenArtifactLoader.java"><method name="&lt;init&gt;" desc="()V" line="148"><counter type="INSTRUCTION" missed="0" covered="3"/><counter type="LINE" missed="0" covered="1"/><counter type="COMPLEXITY" missed="0" covered="1"/><counter type="METHOD" missed="0" covered="1"/></method><method name="serviceCreationFailed" desc="(Ljava/lang/Class;Ljava/lang/Class;Ljava/lang/Throwable;)V" line="151"><counter type="INSTRUCTION" missed="18" covered="0"/><counter type="LINE" missed="2" covered="0"/><counter type="COMPLEXITY" missed="1" covered="0"/><counter type="METHOD" missed="1" covered="0"/></method><counter type="INSTRUCTION" missed="18" covered="3"/><counter type="LINE" missed="2" covered="1"/><counter type="COMPLEXITY" missed="1" covered="1"/><counter type="METHOD" missed="1" covered="1"/><counter type="CLASS" missed="0" covered="1"/></class><class name="de/softwareforge/testing/postgres/embedded/AutoValue_DatabaseInfo" sourcefilename="AutoValue_DatabaseInfo.java"><method name="&lt;init&gt;" desc="(Ljava/lang/String;ILjava/lang/String;Lcom/google/common/collect/ImmutableMap;Ljava/util/Optional;)V" line="27"><counter type="INSTRUCTION" missed="0" covered="18"/><counter type="LINE" missed="0" covered="7"/><counter type="COMPLEXITY" missed="0" covered="1"/><counter type="METHOD" missed="0" covered="1"/></method><method name="dbName" desc="()Ljava/lang/String;" line="38"><counter type="INSTRUCTION" missed="0" covered="3"/><counter type="LINE" missed="0" covered="1"/><counter type="COMPLEXITY" missed="0" covered="1"/><counter type="METHOD" missed="0" covered="1"/></method><method name="port" desc="()I" line="43"><counter type="INSTRUCTION" missed="0" covered="3"/><counter type="LINE" missed="0" covered="1"/><counter type="COMPLEXITY" missed="0" covered="1"/><counter type="METHOD" missed="0" covered="1"/></method><method name="user" desc="()Ljava/lang/String;" line="49"><counter type="INSTRUCTION" missed="0" covered="3"/><counter type="LINE" missed="0" covered="1"/><counter type="COMPLEXITY" missed="0" covered="1"/><counter type="METHOD" missed="0" covered="1"/></method><method name="connectionProperties" desc="()Lcom/google/common/collect/ImmutableMap;" line="55"><counter type="INSTRUCTION" missed="0" covered="3"/><counter type="LINE" missed="0" covered="1"/><counter type="COMPLEXITY" missed="0" covered="1"/><counter type="METHOD" missed="0" covered="1"/></method><method name="exception" desc="()Ljava/util/Optional;" line="61"><counter type="INSTRUCTION" missed="0" covered="3"/><counter type="LINE" missed="0" covered="1"/><counter type="COMPLEXITY" missed="0" covered="1"/><counter type="METHOD" missed="0" covered="1"/></method><method name="toString" desc="()Ljava/lang/String;" line="66"><counter type="INSTRUCTION" missed="12" covered="0"/><counter type="LINE" missed="1" covered="0"/><counter type="COMPLEXITY" missed="1" covered="0"/><counter type="METHOD" missed="1" covered="0"/></method><method name="equals" desc="(Ljava/lang/Object;)Z" line="77"><counter type="INSTRUCTION" missed="4" covered="42"/><counter type="BRANCH" missed="6" covered="8"/><counter type="LINE" missed="2" covered="8"/><counter type="COMPLEXITY" missed="6" covered="2"/><counter type="METHOD" missed="0" covered="1"/></method><method name="hashCode" desc="()I" line="93"><counter type="INSTRUCTION" missed="53" covered="0"/><counter type="LINE" missed="12" covered="0"/><counter type="COMPLEXITY" missed="1" covered="0"/><counter type="METHOD" missed="1" covered="0"/></method><counter type="INSTRUCTION" missed="69" covered="75"/><counter type="BRANCH" missed="6" covered="8"/><counter type="LINE" missed="15" covered="20"/><counter type="COMPLEXITY" missed="8" covered="8"/><counter type="METHOD" missed="2" covered="7"/><counter type="CLASS" missed="0" covered="1"/></class><class name="de/softwareforge/testing/postgres/embedded/DatabaseManager$Builder" sourcefilename="DatabaseManager.java"><method name="&lt;init&gt;" desc="(Z)V" line="266"><counter type="INSTRUCTION" missed="0" covered="12"/><counter type="LINE" missed="0" covered="5"/><counter type="COMPLEXITY" missed="0" covered="1"/><counter type="METHOD" missed="0" covered="1"/></method><method name="withPreparer" desc="(Lde/softwareforge/testing/postgres/embedded/DatabasePreparer;)Lde/softwareforge/testing/postgres/embedded/DatabaseManager$Builder;" line="285"><counter type="INSTRUCTION" missed="12" covered="0"/><counter type="LINE" missed="2" covered="0"/><counter type="COMPLEXITY" missed="1" covered="0"/><counter type="METHOD" missed="1" covered="0"/></method><method name="withDataSourcePreparer" desc="(Lde/softwareforge/testing/postgres/embedded/EmbeddedPostgresPreparer;)Lde/softwareforge/testing/postgres/embedded/DatabaseManager$Builder;" line="297"><counter type="INSTRUCTION" missed="0" covered="10"/><counter type="LINE" missed="0" covered="2"/><counter type="COMPLEXITY" missed="0" covered="1"/><counter type="METHOD" missed="0" covered="1"/></method><method name="withDataSourcePreparers" desc="(Ljava/util/Set;)Lde/softwareforge/testing/postgres/embedded/DatabaseManager$Builder;" line="309"><counter type="INSTRUCTION" missed="0" covered="10"/><counter type="LINE" missed="0" covered="2"/><counter type="COMPLEXITY" missed="0" covered="1"/><counter type="METHOD" missed="0" covered="1"/></method><method name="withInstancePreparer" desc="(Lde/softwareforge/testing/postgres/embedded/EmbeddedPostgresPreparer;)Lde/softwareforge/testing/postgres/embedded/DatabaseManager$Builder;" line="322"><counter type="INSTRUCTION" missed="0" covered="10"/><counter type="LINE" missed="0" covered="2"/><counter type="COMPLEXITY" missed="0" covered="1"/><counter type="METHOD" missed="0" covered="1"/></method><method name="withCustomizer" desc="(Lde/softwareforge/testing/postgres/embedded/EmbeddedPostgres$BuilderCustomizer;)Lde/softwareforge/testing/postgres/embedded/DatabaseManager$Builder;" line="332"><counter type="INSTRUCTION" missed="15" covered="0"/><counter type="LINE" missed="3" covered="0"/><counter type="COMPLEXITY" missed="1" covered="0"/><counter type="METHOD" missed="1" covered="0"/></method><counter type="INSTRUCTION" missed="27" covered="42"/><counter type="LINE" missed="5" covered="11"/><counter type="COMPLEXITY" missed="2" covered="4"/><counter type="METHOD" missed="2" covered="4"/><counter type="CLASS" missed="0" covered="1"/></class><class name="de/softwareforge/testing/postgres/embedded/NativeBinaryManager" sourcefilename="NativeBinaryManager.java"/><class name="de/softwareforge/testing/postgres/embedded/EmbeddedPostgres" sourcefilename="EmbeddedPostgres.java"><method name="defaultInstance" desc="()Lde/softwareforge/testing/postgres/embedded/EmbeddedPostgres;" line="121"><counter type="INSTRUCTION" missed="0" covered="3"/><counter type="LINE" missed="0" covered="1"/><counter type="COMPLEXITY" missed="0" covered="1"/><counter type="METHOD" missed="0" covered="1"/></method><method name="builderWithDefaults" desc="()Lde/softwareforge/testing/postgres/embedded/EmbeddedPostgres$Builder;" line="129"><counter type="INSTRUCTION" missed="0" covered="5"/><counter type="LINE" missed="0" covered="1"/><counter type="COMPLEXITY" missed="0" covered="1"/><counter type="METHOD" missed="0" covered="1"/></method><method name="builder" desc="()Lde/softwareforge/testing/postgres/embedded/EmbeddedPostgres$Builder;" line="137"><counter type="INSTRUCTION" missed="0" covered="4"/><counter type="LINE" missed="0" covered="1"/><counter type="COMPLEXITY" missed="0" covered="1"/><counter type="METHOD" missed="0" covered="1"/></method><method name="&lt;init&gt;" desc="(Ljava/lang/String;Ljava/io/File;Ljava/io/File;ZLjava/util/Map;Ljava/util/Map;Ljava/util/Map;ILjava/lang/ProcessBuilder$Redirect;Ljava/lang/ProcessBuilder$Redirect;Ljava/time/Duration;)V" line="99"><counter type="INSTRUCTION" missed="0" covered="106"/><counter type="LINE" missed="0" covered="18"/><counter type="COMPLEXITY" missed="0" covered="1"/><counter type="METHOD" missed="0" covered="1"/></method><method name="createTemplateDataSource" desc="()Ljavax/sql/DataSource;" line="187"><counter type="INSTRUCTION" missed="0" covered="8"/><counter type="LINE" missed="0" covered="1"/><counter type="COMPLEXITY" missed="0" covered="1"/><counter type="METHOD" missed="0" covered="1"/></method><method name="createDefaultDataSource" desc="()Ljavax/sql/DataSource;" line="197"><counter type="INSTRUCTION" missed="0" covered="8"/><counter type="LINE" missed="0" covered="1"/><counter type="COMPLEXITY" missed="0" covered="1"/><counter type="METHOD" missed="0" covered="1"/></method><method name="createDataSource" desc="(Ljava/lang/String;Ljava/lang/String;)Ljavax/sql/DataSource;" line="208"><counter type="INSTRUCTION" missed="8" covered="0"/><counter type="LINE" missed="1" covered="0"/><counter type="COMPLEXITY" missed="1" covered="0"/><counter type="METHOD" missed="1" covered="0"/></method><method name="createDataSource" desc="(Ljava/lang/String;Ljava/lang/String;ILjava/util/Map;)Ljavax/sql/DataSource;" line="212"><counter type="INSTRUCTION" missed="0" covered="55"/><counter type="BRANCH" missed="0" covered="2"/><counter type="LINE" missed="0" covered="12"/><counter type="COMPLEXITY" missed="0" covered="2"/><counter type="METHOD" missed="0" covered="1"/></method><method name="getPort" desc="()I" line="234"><counter type="INSTRUCTION" missed="0" covered="3"/><counter type="LINE" missed="0" covered="1"/><counter type="COMPLEXITY" missed="0" covered="1"/><counter type="METHOD" missed="0" covered="1"/></method><method name="getConnectionProperties" desc="()Lcom/google/common/collect/ImmutableMap;" line="242"><counter type="INSTRUCTION" missed="0" covered="3"/><counter type="LINE" missed="0" covered="1"/><counter type="COMPLEXITY" missed="0" covered="1"/><counter type="METHOD" missed="0" covered="1"/></method><method name="instanceId" desc="()Ljava/lang/String;" line="251"><counter type="INSTRUCTION" missed="0" covered="3"/><counter type="LINE" missed="0" covered="1"/><counter type="COMPLEXITY" missed="0" covered="1"/><counter type="METHOD" missed="0" covered="1"/></method><method name="toString" desc="()Ljava/lang/String;" line="256"><counter type="INSTRUCTION" missed="0" covered="7"/><counter type="LINE" missed="0" covered="1"/><counter type="COMPLEXITY" missed="0" covered="1"/><counter type="METHOD" missed="0" covered="1"/></method><method name="equals" desc="(Ljava/lang/Object;)Z" line="261"><counter type="INSTRUCTION" missed="23" covered="0"/><counter type="BRANCH" missed="6" covered="0"/><counter type="LINE" missed="6" covered="0"/><counter type="COMPLEXITY" missed="4" covered="0"/><counter type="METHOD" missed="1" covered="0"/></method><method name="hashCode" desc="()I" line="273"><counter type="INSTRUCTION" missed="9" covered="0"/><counter type="LINE" missed="1" covered="0"/><counter type="COMPLEXITY" missed="1" covered="0"/><counter type="METHOD" missed="1" covered="0"/></method><method name="createDefaultDatabaseInfo" desc="()Lde/softwareforge/testing/postgres/embedded/DatabaseInfo;" line="278"><counter type="INSTRUCTION" missed="0" covered="9"/><counter type="LINE" missed="0" covered="1"/><counter type="COMPLEXITY" missed="0" covered="1"/><counter type="METHOD" missed="0" covered="1"/></method><method name="boot" desc="()V" line="283"><counter type="INSTRUCTION" missed="8" covered="13"/><counter type="BRANCH" missed="3" covered="1"/><counter type="LINE" missed="0" covered="6"/><counter type="COMPLEXITY" missed="2" covered="1"/><counter type="METHOD" missed="0" covered="1"/></method><method name="lock" desc="()V" line="296"><counter type="INSTRUCTION" missed="1" covered="23"/><counter type="BRANCH" missed="1" covered="1"/><counter type="LINE" missed="0" covered="4"/><counter type="COMPLEXITY" missed="1" covered="1"/><counter type="METHOD" missed="0" covered="1"/></method><method name="unlock" desc="()V" line="302"><counter type="INSTRUCTION" missed="0" covered="11"/><counter type="BRANCH" missed="1" covered="1"/><counter type="LINE" missed="0" covered="4"/><counter type="COMPLEXITY" missed="1" covered="1"/><counter type="METHOD" missed="0" covered="1"/></method><method name="initDatabase" desc="()V" line="309"><counter type="INSTRUCTION" missed="0" covered="67"/><counter type="LINE" missed="0" covered="8"/><counter type="COMPLEXITY" missed="0" covered="1"/><counter type="METHOD" missed="0" covered="1"/></method><method name="startDatabase" desc="()V" line="321"><counter type="INSTRUCTION" missed="1" covered="109"/><counter type="BRANCH" missed="1" covered="1"/><counter type="LINE" missed="0" covered="13"/><counter type="COMPLEXITY" missed="1" covered="1"/><counter type="METHOD" missed="0" covered="1"/></method><method name="stopDatabase" desc="(Ljava/io/File;)V" line="343"><counter type="INSTRUCTION" missed="0" covered="65"/><counter type="LINE" missed="0" covered="6"/><counter type="COMPLEXITY" missed="0" covered="1"/><counter type="METHOD" missed="0" covered="1"/></method><method name="createInitOptions" desc="()Ljava/util/List;" line="355"><counter type="INSTRUCTION" missed="0" covered="29"/><counter type="LINE" missed="0" covered="5"/><counter type="COMPLEXITY" missed="0" covered="1"/><counter type="METHOD" missed="0" covered="1"/></method><method name="createLocaleOptions" desc="()Ljava/util/List;" line="370"><counter type="INSTRUCTION" missed="0" covered="10"/><counter type="LINE" missed="0" covered="3"/><counter type="COMPLEXITY" missed="0" covered="1"/><counter type="METHOD" missed="0" covered="1"/></method><method name="waitForServerStartup" desc="()Z" line="383"><counter type="INSTRUCTION" missed="22" covered="26"/><counter type="BRANCH" missed="1" covered="3"/><counter type="LINE" missed="7" covered="9"/><counter type="COMPLEXITY" missed="1" covered="2"/><counter type="METHOD" missed="0" covered="1"/></method><method name="verifyReady" desc="()Z" line="408"><counter type="INSTRUCTION" missed="2" covered="63"/><counter type="BRANCH" missed="2" covered="2"/><counter type="LINE" missed="0" covered="14"/><counter type="COMPLEXITY" missed="2" covered="1"/><counter type="METHOD" missed="0" covered="1"/></method><method name="newCloserThread" desc="()Ljava/lang/Thread;" line="428"><counter type="INSTRUCTION" missed="0" covered="11"/><counter type="LINE" missed="0" covered="3"/><counter type="COMPLEXITY" missed="0" covered="1"/><counter type="METHOD" missed="0" covered="1"/></method><method name="close" desc="()V" line="445"><counter type="INSTRUCTION" missed="35" covered="21"/><counter type="BRANCH" missed="1" covered="3"/><counter type="LINE" missed="5" covered="9"/><counter type="COMPLEXITY" missed="1" covered="2"/><counter type="METHOD" missed="0" covered="1"/></method><method name="getDataDirectory" desc="()Ljava/io/File;" line="470"><counter type="INSTRUCTION" missed="0" covered="3"/><counter type="LINE" missed="0" covered="1"/><counter type="COMPLEXITY" missed="0" covered="1"/><counter type="METHOD" missed="0" covered="1"/></method><method name="getLocaleConfiguration" desc="()Ljava/util/Map;" line="475"><counter type="INSTRUCTION" missed="0" covered="3"/><counter type="LINE" missed="0" covered="1"/><counter type="COMPLEXITY" missed="0" covered="1"/><counter type="METHOD" missed="0" covered="1"/></method><method name="cleanOldDataDirectories" desc="(Ljava/io/File;)V" line="481"><counter type="INSTRUCTION" missed="68" covered="49"/><counter type="BRANCH" missed="7" covered="9"/><counter type="LINE" missed="18" covered="12"/><counter type="COMPLEXITY" missed="5" covered="4"/><counter type="METHOD" missed="0" covered="1"/></method><method name="pgBin" desc="(Ljava/lang/String;)Ljava/lang/String;" line="532"><counter type="INSTRUCTION" missed="2" covered="14"/><counter type="BRANCH" missed="1" covered="1"/><counter type="LINE" missed="0" covered="2"/><counter type="COMPLEXITY" missed="1" covered="1"/><counter type="METHOD" missed="0" covered="1"/></method><method name="spawn" desc="(Ljava/lang/String;Ljava/util/List;)Ljava/lang/Process;" line="537"><counter type="INSTRUCTION" missed="8" covered="49"/><counter type="BRANCH" missed="1" covered="1"/><counter type="LINE" missed="0" covered="9"/><counter type="COMPLEXITY" missed="1" covered="1"/><counter type="METHOD" missed="0" covered="1"/></method><method name="system" desc="(Ljava/util/List;)Lcom/google/common/base/Stopwatch;" line="552"><counter type="INSTRUCTION" missed="38" covered="26"/><counter type="BRANCH" missed="2" covered="2"/><counter type="LINE" missed="5" covered="7"/><counter type="COMPLEXITY" missed="2" covered="1"/><counter type="METHOD" missed="0" covered="1"/></method><method name="lambda$newCloserThread$2" desc="()V" line="430"><counter type="INSTRUCTION" missed="6" covered="4"/><counter type="LINE" missed="2" covered="3"/><counter type="COMPLEXITY" missed="0" covered="1"/><counter type="METHOD" missed="0" covered="1"/></method><method name="lambda$createLocaleOptions$1" desc="(Lcom/google/common/collect/ImmutableList$Builder;Ljava/lang/String;Ljava/lang/String;)V" line="373"><counter type="INSTRUCTION" missed="0" covered="16"/><counter type="BRANCH" missed="0" covered="2"/><counter type="LINE" missed="0" covered="4"/><counter type="COMPLEXITY" missed="0" covered="2"/><counter type="METHOD" missed="0" covered="1"/></method><method name="lambda$createInitOptions$0" desc="(Lcom/google/common/collect/ImmutableList$Builder;Ljava/lang/String;Ljava/lang/String;)V" line="361"><counter type="INSTRUCTION" missed="0" covered="11"/><counter type="LINE" missed="0" covered="3"/><counter type="COMPLEXITY" missed="0" covered="1"/><counter type="METHOD" missed="0" covered="1"/></method><method name="&lt;clinit&gt;" desc="()V" line="72"><counter type="INSTRUCTION" missed="0" covered="19"/><counter type="LINE" missed="0" covered="4"/><counter type="COMPLEXITY" missed="0" covered="1"/><counter type="METHOD" missed="0" covered="1"/></method><counter type="INSTRUCTION" missed="231" covered="856"/><counter type="BRANCH" missed="27" covered="29"/><counter type="LINE" missed="45" covered="170"/><counter type="COMPLEXITY" missed="24" covered="41"/><counter type="METHOD" missed="3" covered="34"/><counter type="CLASS" missed="0" covered="1"/></class><class name="de/softwareforge/testing/postgres/embedded/MavenArtifactLoader" sourcefilename="MavenArtifactLoader.java"><method name="&lt;init&gt;" desc="()V" line="78"><counter type="INSTRUCTION" missed="13" covered="39"/><counter type="BRANCH" missed="1" covered="1"/><counter type="LINE" missed="2" covered="11"/><counter type="COMPLEXITY" missed="1" covered="1"/><counter type="METHOD" missed="0" covered="1"/></method><method name="getArtifactFile" desc="(Ljava/lang/String;Ljava/lang/String;Ljava/lang/String;)Ljava/io/File;" line="101"><counter type="INSTRUCTION" missed="6" covered="32"/><counter type="LINE" missed="2" covered="6"/><counter type="COMPLEXITY" missed="0" covered="1"/><counter type="METHOD" missed="0" covered="1"/></method><method name="findLatestVersion" desc="(Ljava/lang/String;Ljava/lang/String;Ljava/lang/String;)Ljava/lang/String;" line="115"><counter type="INSTRUCTION" missed="15" covered="79"/><counter type="BRANCH" missed="3" covered="7"/><counter type="LINE" missed="2" covered="15"/><counter type="COMPLEXITY" missed="3" covered="3"/><counter type="METHOD" missed="0" covered="1"/></method><method name="createServiceLocator" desc="()Lorg/eclipse/aether/spi/locator/ServiceLocator;" line="142"><counter type="INSTRUCTION" missed="0" covered="24"/><counter type="LINE" missed="0" covered="6"/><counter type="COMPLEXITY" missed="0" covered="1"/><counter type="METHOD" missed="0" covered="1"/></method><method name="createSettings" desc="()Lorg/apache/maven/settings/Settings;" line="159"><counter type="INSTRUCTION" missed="0" covered="24"/><counter type="LINE" missed="0" covered="8"/><counter type="COMPLEXITY" missed="0" covered="1"/><counter type="METHOD" missed="0" covered="1"/></method><method name="extractRemoteRepositories" desc="(Lorg/apache/maven/settings/Settings;)Ljava/util/List;" line="172"><counter type="INSTRUCTION" missed="0" covered="55"/><counter type="BRANCH" missed="2" covered="6"/><counter type="LINE" missed="0" covered="12"/><counter type="COMPLEXITY" missed="2" covered="3"/><counter type="METHOD" missed="0" covered="1"/></method><method name="&lt;clinit&gt;" desc="()V" line="63"><counter type="INSTRUCTION" missed="0" covered="39"/><counter type="LINE" missed="0" covered="8"/><counter type="COMPLEXITY" missed="0" covered="1"/><counter type="METHOD" missed="0" covered="1"/></method><counter type="INSTRUCTION" missed="34" covered="292"/><counter type="BRANCH" missed="6" covered="14"/><counter type="LINE" missed="6" covered="66"/><counter type="COMPLEXITY" missed="6" covered="11"/><counter type="METHOD" missed="0" covered="7"/><counter type="CLASS" missed="0" covered="1"/></class><class name="de/softwareforge/testing/postgres/embedded/FlywayPreparer" sourcefilename="FlywayPreparer.java"><method name="forClasspathLocation" desc="([Ljava/lang/String;)Lde/softwareforge/testing/postgres/embedded/FlywayPreparer;" line="46"><counter type="INSTRUCTION" missed="0" covered="11"/><counter type="LINE" missed="0" covered="3"/><counter type="COMPLEXITY" missed="0" covered="1"/><counter type="METHOD" missed="0" covered="1"/></method><method name="&lt;init&gt;" desc="()V" line="36"><counter type="INSTRUCTION" missed="0" covered="6"/><counter type="LINE" missed="0" covered="3"/><counter type="COMPLEXITY" missed="0" covered="1"/><counter type="METHOD" missed="0" covered="1"/></method><method name="addCustomizer" desc="(Ljava/util/function/Consumer;)Lde/softwareforge/testing/postgres/embedded/FlywayPreparer;" line="67"><counter type="INSTRUCTION" missed="0" covered="11"/><counter type="LINE" missed="0" covered="3"/><counter type="COMPLEXITY" missed="0" covered="1"/><counter type="METHOD" missed="0" covered="1"/></method><method name="customize" desc="(Ljava/util/function/Consumer;)Lde/softwareforge/testing/postgres/embedded/FlywayPreparer;" line="79"><counter type="INSTRUCTION" missed="4" covered="0"/><counter type="LINE" missed="1" covered="0"/><counter type="COMPLEXITY" missed="1" covered="0"/><counter type="METHOD" missed="1" covered="0"/></method><method name="prepare" desc="(Ljavax/sql/DataSource;)V" line="84"><counter type="INSTRUCTION" missed="0" covered="21"/><counter type="LINE" missed="0" covered="6"/><counter type="COMPLEXITY" missed="0" covered="1"/><counter type="METHOD" missed="0" covered="1"/></method><method name="lambda$prepare$1" desc="(Lorg/flywaydb/core/api/configuration/FluentConfiguration;Ljava/util/function/Consumer;)V" line="88"><counter type="INSTRUCTION" missed="0" covered="4"/><counter type="LINE" missed="0" covered="1"/><counter type="COMPLEXITY" missed="0" covered="1"/><counter type="METHOD" missed="0" covered="1"/></method><method name="lambda$forClasspathLocation$0" desc="([Ljava/lang/String;Lorg/flywaydb/core/api/configuration/FluentConfiguration;)V" line="47"><counter type="INSTRUCTION" missed="0" covered="5"/><counter type="LINE" missed="0" covered="1"/><counter type="COMPLEXITY" missed="0" covered="1"/><counter type="METHOD" missed="0" covered="1"/></method><counter type="INSTRUCTION" missed="4" covered="58"/><counter type="LINE" missed="1" covered="15"/><counter type="COMPLEXITY" missed="1" covered="6"/><counter type="METHOD" missed="1" covered="6"/><counter type="CLASS" missed="0" covered="1"/></class><class name="de/softwareforge/testing/postgres/embedded/ZonkyIOPostgresLocator$1" sourcefilename="ZonkyIOPostgresLocator.java"><method name="&lt;init&gt;" desc="(Lde/softwareforge/testing/postgres/embedded/ZonkyIOPostgresLocator;Ljava/io/InputStream;Ljava/util/jar/JarFile;)V" line="100"><counter type="INSTRUCTION" missed="0" covered="10"/><counter type="LINE" missed="0" covered="1"/><counter type="COMPLEXITY" missed="0" covered="1"/><counter type="METHOD" missed="0" covered="1"/></method><method name="close" desc="()V" line="104"><counter type="INSTRUCTION" missed="0" covered="6"/><counter type="LINE" missed="0" covered="3"/><counter type="COMPLEXITY" missed="0" covered="1"/><counter type="METHOD" missed="0" covered="1"/></method><counter type="INSTRUCTION" missed="0" covered="16"/><counter type="LINE" missed="0" covered="4"/><counter type="COMPLEXITY" missed="0" covered="2"/><counter type="METHOD" missed="0" covered="2"/><counter type="CLASS" missed="0" covered="1"/></class><class name="de/softwareforge/testing/postgres/embedded/ZonkyIOPostgresLocator" sourcefilename="ZonkyIOPostgresLocator.java"><method name="&lt;init&gt;" desc="()V" line="52"><counter type="INSTRUCTION" missed="0" covered="35"/><counter type="LINE" missed="0" covered="7"/><counter type="COMPLEXITY" missed="0" covered="1"/><counter type="METHOD" missed="0" covered="1"/></method><method name="get" desc="()Ljava/io/InputStream;" line="64"><counter type="INSTRUCTION" missed="0" covered="9"/><counter type="LINE" missed="0" covered="2"/><counter type="COMPLEXITY" missed="0" covered="1"/><counter type="METHOD" missed="0" covered="1"/></method><method name="loadArtifact" desc="()Ljava/io/File;" line="70"><counter type="INSTRUCTION" missed="10" covered="43"/><counter type="BRANCH" missed="3" covered="3"/><counter type="LINE" missed="3" covered="6"/><counter type="COMPLEXITY" missed="3" covered="1"/><counter type="METHOD" missed="0" covered="1"/></method><method name="createJarStream" desc="(Ljava/io/File;)Ljava/io/InputStream;" line="88"><counter type="INSTRUCTION" missed="10" covered="43"/><counter type="BRANCH" missed="2" covered="2"/><counter type="LINE" missed="3" covered="6"/><counter type="COMPLEXITY" missed="2" covered="1"/><counter type="METHOD" missed="0" covered="1"/></method><method name="toString" desc="()Ljava/lang/String;" line="117"><counter type="INSTRUCTION" missed="15" covered="0"/><counter type="LINE" missed="1" covered="0"/><counter type="COMPLEXITY" missed="1" covered="0"/><counter type="METHOD" missed="1" covered="0"/></method><method name="equals" desc="(Ljava/lang/Object;)Z" line="122"><counter type="INSTRUCTION" missed="5" covered="28"/><counter type="BRANCH" missed="5" covered="5"/><counter type="LINE" missed="2" covered="4"/><counter type="COMPLEXITY" missed="5" covered="1"/><counter type="METHOD" missed="0" covered="1"/></method><method name="hashCode" desc="()I" line="134"><counter type="INSTRUCTION" missed="0" covered="14"/><counter type="LINE" missed="0" covered="1"/><counter type="COMPLEXITY" missed="0" covered="1"/><counter type="METHOD" missed="0" covered="1"/></method><method name="computeTarXzArchitectureName" desc="()Ljava/lang/String;" line="138"><counter type="INSTRUCTION" missed="16" covered="9"/><counter type="BRANCH" missed="9" covered="1"/><counter type="LINE" missed="6" covered="4"/><counter type="COMPLEXITY" missed="5" covered="1"/><counter type="METHOD" missed="0" covered="1"/></method><method name="computeJarArchitectureName" desc="()Ljava/lang/String;" line="155"><counter type="INSTRUCTION" missed="16" covered="9"/><counter type="BRANCH" missed="9" covered="1"/><counter type="LINE" missed="6" covered="4"/><counter type="COMPLEXITY" missed="5" covered="1"/><counter type="METHOD" missed="0" covered="1"/></method><method name="computeOS" desc="()Ljava/lang/String;" line="172"><counter type="INSTRUCTION" missed="7" covered="11"/><counter type="BRANCH" missed="4" covered="2"/><counter type="LINE" missed="3" covered="5"/><counter type="COMPLEXITY" missed="3" covered="1"/><counter type="METHOD" missed="0" covered="1"/></method><method name="&lt;clinit&gt;" desc="()V" line="45"><counter type="INSTRUCTION" missed="0" covered="7"/><counter type="LINE" missed="0" covered="2"/><counter type="COMPLEXITY" missed="0" covered="1"/><counter type="METHOD" missed="0" covered="1"/></method><counter type="INSTRUCTION" missed="79" covered="208"/><counter type="BRANCH" missed="32" covered="14"/><counter type="LINE" missed="24" covered="41"/><counter type="COMPLEXITY" missed="24" covered="10"/><counter type="METHOD" missed="1" covered="10"/><counter type="CLASS" missed="0" covered="1"/></class><class name="de/softwareforge/testing/postgres/embedded/DatabaseManager$InstanceProviderPipeline" sourcefilename="DatabaseManager.java"><method name="&lt;init&gt;" desc="(Lde/softwareforge/testing/postgres/embedded/DatabaseManager;)V" line="187"><counter type="INSTRUCTION" missed="0" covered="30"/><counter type="LINE" missed="0" covered="8"/><counter type="COMPLEXITY" missed="0" covered="1"/><counter type="METHOD" missed="0" covered="1"/></method><method name="start" desc="()V" line="202"><counter type="INSTRUCTION" missed="0" covered="6"/><counter type="LINE" missed="0" covered="2"/><counter type="COMPLEXITY" missed="0" covered="1"/><counter type="METHOD" missed="0" covered="1"/></method><method name="close" desc="()V" line="207"><counter type="INSTRUCTION" missed="0" covered="10"/><counter type="BRANCH" missed="1" covered="1"/><counter type="LINE" missed="0" covered="3"/><counter type="COMPLEXITY" missed="1" covered="1"/><counter type="METHOD" missed="0" covered="1"/></method><method name="run" desc="()V" line="214"><counter type="INSTRUCTION" missed="17" covered="43"/><counter type="BRANCH" missed="1" covered="3"/><counter type="LINE" missed="4" covered="16"/><counter type="COMPLEXITY" missed="1" covered="2"/><counter type="METHOD" missed="0" covered="1"/></method><method name="get" desc="()Lde/softwareforge/testing/postgres/embedded/DatabaseInfo;" line="243"><counter type="INSTRUCTION" missed="8" covered="5"/><counter type="LINE" missed="3" covered="1"/><counter type="COMPLEXITY" missed="0" covered="1"/><counter type="METHOD" missed="0" covered="1"/></method><counter type="INSTRUCTION" missed="25" covered="94"/><counter type="BRANCH" missed="2" covered="4"/><counter type="LINE" missed="7" covered="30"/><counter type="COMPLEXITY" missed="2" covered="6"/><counter type="METHOD" missed="0" covered="5"/><counter type="CLASS" missed="0" covered="1"/></class><class name="de/softwareforge/testing/postgres/embedded/TarXzCompressedBinaryManager" sourcefilename="TarXzCompressedBinaryManager.java"><method name="&lt;init&gt;" desc="(Ljava/io/File;Ljava/lang/String;Ljava/util/function/Supplier;)V" line="66"><counter type="INSTRUCTION" missed="0" covered="35"/><counter type="LINE" missed="0" covered="7"/><counter type="COMPLEXITY" missed="0" covered="1"/><counter type="METHOD" missed="0" covered="1"/></method><method name="getLocation" desc="()Ljava/io/File;" line="102"><counter type="INSTRUCTION" missed="92" covered="95"/><counter type="BRANCH" missed="15" covered="5"/><counter type="LINE" missed="24" covered="19"/><counter type="COMPLEXITY" missed="9" covered="2"/><counter type="METHOD" missed="0" covered="1"/></method><method name="extractTxz" desc="(Ljava/io/InputStream;Ljava/lang/String;)V" line="172"><counter type="INSTRUCTION" missed="187" covered="0"/><counter type="BRANCH" missed="22" covered="0"/><counter type="LINE" missed="31" covered="0"/><counter type="COMPLEXITY" missed="12" covered="0"/><counter type="METHOD" missed="1" covered="0"/></method><method name="&lt;clinit&gt;" desc="()V" line="60"><counter type="INSTRUCTION" missed="0" covered="8"/><counter type="LINE" missed="0" covered="2"/><counter type="COMPLEXITY" missed="0" covered="1"/><counter type="METHOD" missed="0" covered="1"/></method><counter type="INSTRUCTION" missed="279" covered="138"/><counter type="BRANCH" missed="37" covered="5"/><counter type="LINE" missed="55" covered="28"/><counter type="COMPLEXITY" missed="21" covered="4"/><counter type="METHOD" missed="1" covered="3"/><counter type="CLASS" missed="0" covered="1"/></class><class name="de/softwareforge/testing/postgres/embedded/AutoValue_DatabaseInfo$Builder" sourcefilename="AutoValue_DatabaseInfo.java"><method name="&lt;init&gt;" desc="()V" line="113"><counter type="INSTRUCTION" missed="0" covered="6"/><counter type="LINE" missed="0" covered="3"/><counter type="COMPLEXITY" missed="0" covered="1"/><counter type="METHOD" missed="0" covered="1"/></method><method name="dbName" desc="(Ljava/lang/String;)Lde/softwareforge/testing/postgres/embedded/DatabaseInfo$Builder;" line="118"><counter type="INSTRUCTION" missed="5" covered="7"/><counter type="BRANCH" missed="1" covered="1"/><counter type="LINE" missed="1" covered="3"/><counter type="COMPLEXITY" missed="1" covered="1"/><counter type="METHOD" missed="0" covered="1"/></method><method name="port" desc="(I)Lde/softwareforge/testing/postgres/embedded/DatabaseInfo$Builder;" line="126"><counter type="INSTRUCTION" missed="0" covered="6"/><counter type="LINE" missed="0" covered="2"/><counter type="COMPLEXITY" missed="0" covered="1"/><counter type="METHOD" missed="0" covered="1"/></method><method name="user" desc="(Ljava/lang/String;)Lde/softwareforge/testing/postgres/embedded/DatabaseInfo$Builder;" line="131"><counter type="INSTRUCTION" missed="5" covered="7"/><counter type="BRANCH" missed="1" covered="1"/><counter type="LINE" missed="1" covered="3"/><counter type="COMPLEXITY" missed="1" covered="1"/><counter type="METHOD" missed="0" covered="1"/></method><method name="connectionProperties" desc="(Lcom/google/common/collect/ImmutableMap;)Lde/softwareforge/testing/postgres/embedded/DatabaseInfo$Builder;" line="139"><counter type="INSTRUCTION" missed="10" covered="10"/><counter type="BRANCH" missed="2" covered="2"/><counter type="LINE" missed="2" covered="4"/><counter type="COMPLEXITY" missed="2" covered="1"/><counter type="METHOD" missed="0" covered="1"/></method><method name="connectionPropertiesBuilder" desc="()Lcom/google/common/collect/ImmutableMap$Builder;" line="150"><counter type="INSTRUCTION" missed="12" covered="13"/><counter type="BRANCH" missed="2" covered="2"/><counter type="LINE" missed="3" covered="4"/><counter type="COMPLEXITY" missed="2" covered="1"/><counter type="METHOD" missed="0" covered="1"/></method><method name="exception" desc="(Ljava/sql/SQLException;)Lde/softwareforge/testing/postgres/embedded/DatabaseInfo$Builder;" line="163"><counter type="INSTRUCTION" missed="0" covered="6"/><counter type="LINE" missed="0" covered="2"/><counter type="COMPLEXITY" missed="0" covered="1"/><counter type="METHOD" missed="0" covered="1"/></method><method name="build" desc="()Lde/softwareforge/testing/postgres/embedded/DatabaseInfo;" line="168"><counter type="INSTRUCTION" missed="31" covered="39"/><counter type="BRANCH" missed="9" covered="7"/><counter type="LINE" missed="8" covered="7"/><counter type="COMPLEXITY" missed="6" covered="3"/><counter type="METHOD" missed="0" covered="1"/></method><counter type="INSTRUCTION" missed="63" covered="94"/><counter type="BRANCH" missed="15" covered="13"/><counter type="LINE" missed="15" covered="28"/><counter type="COMPLEXITY" missed="12" covered="10"/><counter type="METHOD" missed="0" covered="8"/><counter type="CLASS" missed="0" covered="1"/></class><class name="de/softwareforge/testing/postgres/embedded/EmbeddedPostgres$Builder" sourcefilename="EmbeddedPostgres.java"><method name="&lt;init&gt;" desc="()V" line="596"><counter type="INSTRUCTION" missed="0" covered="42"/><counter type="LINE" missed="0" covered="13"/><counter type="COMPLEXITY" missed="0" covered="1"/><counter type="METHOD" missed="0" covered="1"/></method><method name="withDefaults" desc="()Lde/softwareforge/testing/postgres/embedded/EmbeddedPostgres$Builder;" line="625"><counter type="INSTRUCTION" missed="0" covered="20"/><counter type="LINE" missed="0" covered="4"/><counter type="COMPLEXITY" missed="0" covered="1"/><counter type="METHOD" missed="0" covered="1"/></method><method name="setServerStartupWait" desc="(Ljava/time/Duration;)Lde/softwareforge/testing/postgres/embedded/EmbeddedPostgres$Builder;" line="639"><counter type="INSTRUCTION" missed="17" covered="0"/><counter type="BRANCH" missed="2" covered="0"/><counter type="LINE" missed="4" covered="0"/><counter type="COMPLEXITY" missed="2" covered="0"/><counter type="METHOD" missed="1" covered="0"/></method><method name="setRemoveDataOnShutdown" desc="(Z)Lde/softwareforge/testing/postgres/embedded/EmbeddedPostgres$Builder;" line="655"><counter type="INSTRUCTION" missed="5" covered="0"/><counter type="LINE" missed="2" covered="0"/><counter type="COMPLEXITY" missed="1" covered="0"/><counter type="METHOD" missed="1" covered="0"/></method><method name="setDataDirectory" desc="(Ljava/nio/file/Path;)Lde/softwareforge/testing/postgres/embedded/EmbeddedPostgres$Builder;" line="668"><counter type="INSTRUCTION" missed="0" covered="9"/><counter type="LINE" missed="0" covered="2"/><counter type="COMPLEXITY" missed="0" covered="1"/><counter type="METHOD" missed="0" covered="1"/></method><method name="setDataDirectory" desc="(Ljava/lang/String;)Lde/softwareforge/testing/postgres/embedded/EmbeddedPostgres$Builder;" line="681"><counter type="INSTRUCTION" missed="11" covered="0"/><counter type="LINE" missed="2" covered="0"/><counter type="COMPLEXITY" missed="1" covered="0"/><counter type="METHOD" missed="1" covered="0"/></method><method name="setDataDirectory" desc="(Ljava/io/File;)Lde/softwareforge/testing/postgres/embedded/EmbeddedPostgres$Builder;" line="694"><counter type="INSTRUCTION" missed="0" covered="8"/><counter type="LINE" missed="0" covered="2"/><counter type="COMPLEXITY" missed="0" covered="1"/><counter type="METHOD" missed="0" covered="1"/></method><method name="addServerConfiguration" desc="(Ljava/lang/String;Ljava/lang/String;)Lde/softwareforge/testing/postgres/embedded/EmbeddedPostgres$Builder;" line="711"><counter type="INSTRUCTION" missed="0" covered="16"/><counter type="LINE" missed="0" covered="4"/><counter type="COMPLEXITY" missed="0" covered="1"/><counter type="METHOD" missed="0" covered="1"/></method><method name="addLocaleConfiguration" desc="(Ljava/lang/String;Ljava/lang/String;)Lde/softwareforge/testing/postgres/embedded/EmbeddedPostgres$Builder;" line="723"><counter type="INSTRUCTION" missed="16" covered="0"/><counter type="LINE" missed="4" covered="0"/><counter type="COMPLEXITY" missed="1" covered="0"/><counter type="METHOD" missed="1" covered="0"/></method><method name="addInitDbConfiguration" desc="(Ljava/lang/String;Ljava/lang/String;)Lde/softwareforge/testing/postgres/embedded/EmbeddedPostgres$Builder;" line="743"><counter type="INSTRUCTION" missed="0" covered="16"/><counter type="LINE" missed="0" covered="4"/><counter type="COMPLEXITY" missed="0" covered="1"/><counter type="METHOD" missed="0" covered="1"/></method><method name="addConnectionProperty" desc="(Ljava/lang/String;Ljava/lang/String;)Lde/softwareforge/testing/postgres/embedded/EmbeddedPostgres$Builder;" line="760"><counter type="INSTRUCTION" missed="0" covered="16"/><counter type="LINE" missed="0" covered="4"/><counter type="COMPLEXITY" missed="0" covered="1"/><counter type="METHOD" missed="0" covered="1"/></method><method name="setInstallationBaseDirectory" desc="(Ljava/io/File;)Lde/softwareforge/testing/postgres/embedded/EmbeddedPostgres$Builder;" line="777"><counter type="INSTRUCTION" missed="12" covered="0"/><counter type="LINE" missed="4" covered="0"/><counter type="COMPLEXITY" missed="1" covered="0"/><counter type="METHOD" missed="1" covered="0"/></method><method name="setPort" desc="(I)Lde/softwareforge/testing/postgres/embedded/EmbeddedPostgres$Builder;" line="792"><counter type="INSTRUCTION" missed="17" covered="0"/><counter type="BRANCH" missed="4" covered="0"/><counter type="LINE" missed="3" covered="0"/><counter type="COMPLEXITY" missed="3" covered="0"/><counter type="METHOD" missed="1" covered="0"/></method><method name="setErrorRedirector" desc="(Ljava/lang/ProcessBuilder$Redirect;)Lde/softwareforge/testing/postgres/embedded/EmbeddedPostgres$Builder;" line="805"><counter type="INSTRUCTION" missed="8" covered="0"/><counter type="LINE" missed="2" covered="0"/><counter type="COMPLEXITY" missed="1" covered="0"/><counter type="METHOD" missed="1" covered="0"/></method><method name="setOutputRedirector" desc="(Ljava/lang/ProcessBuilder$Redirect;)Lde/softwareforge/testing/postgres/embedded/EmbeddedPostgres$Builder;" line="817"><counter type="INSTRUCTION" missed="8" covered="0"/><counter type="LINE" missed="2" covered="0"/><counter type="COMPLEXITY" missed="1" covered="0"/><counter type="METHOD" missed="1" covered="0"/></method><method name="setNativeBinaryManager" desc="(Lde/softwareforge/testing/postgres/embedded/NativeBinaryManager;)Lde/softwareforge/testing/postgres/embedded/EmbeddedPostgres$Builder;" line="831"><counter type="INSTRUCTION" missed="0" covered="8"/><counter type="LINE" missed="0" covered="2"/><counter type="COMPLEXITY" missed="0" covered="1"/><counter type="METHOD" missed="0" covered="1"/></method><method name="useLocalPostgresInstallation" desc="(Ljava/io/File;)Lde/softwareforge/testing/postgres/embedded/EmbeddedPostgres$Builder;" line="845"><counter type="INSTRUCTION" missed="1" covered="20"/><counter type="BRANCH" missed="2" covered="2"/><counter type="LINE" missed="0" covered="3"/><counter type="COMPLEXITY" missed="2" covered="1"/><counter type="METHOD" missed="0" covered="1"/></method><method name="build" desc="()Lde/softwareforge/testing/postgres/embedded/EmbeddedPostgres;" line="859"><counter type="INSTRUCTION" missed="3" covered="76"/><counter type="BRANCH" missed="1" covered="5"/><counter type="LINE" missed="0" covered="16"/><counter type="COMPLEXITY" missed="1" covered="3"/><counter type="METHOD" missed="0" covered="1"/></method><method name="lambda$useLocalPostgresInstallation$0" desc="(Ljava/io/File;)Ljava/io/File;" line="847"><counter type="INSTRUCTION" missed="0" covered="2"/><counter type="LINE" missed="0" covered="1"/><counter type="COMPLEXITY" missed="0" covered="1"/><counter type="METHOD" missed="0" covered="1"/></method><counter type="INSTRUCTION" missed="98" covered="233"/><counter type="BRANCH" missed="9" covered="7"/><counter type="LINE" missed="23" covered="54"/><counter type="COMPLEXITY" missed="14" covered="13"/><counter type="METHOD" missed="8" covered="11"/><counter type="CLASS" missed="0" covered="1"/></class><class name="de/softwareforge/testing/postgres/embedded/EmbeddedPostgresPreparer" sourcefilename="EmbeddedPostgresPreparer.java"><method name="noOp" desc="()Lde/softwareforge/testing/postgres/embedded/EmbeddedPostgresPreparer;" line="38"><counter type="INSTRUCTION" missed="2" covered="0"/><counter type="LINE" missed="1" covered="0"/><counter type="COMPLEXITY" missed="1" covered="0"/><counter type="METHOD" missed="1" covered="0"/></method><method name="lambda$noOp$0" desc="(Ljava/lang/Object;)V" line="38"><counter type="INSTRUCTION" missed="1" covered="0"/><counter type="LINE" missed="1" covered="0"/><counter type="COMPLEXITY" missed="1" covered="0"/><counter type="METHOD" missed="1" covered="0"/></method><counter type="INSTRUCTION" missed="3" covered="0"/><counter type="LINE" missed="1" covered="0"/><counter type="COMPLEXITY" missed="2" covered="0"/><counter type="METHOD" missed="2" covered="0"/><counter type="CLASS" missed="1" covered="0"/></class><sourcefile name="NativeBinaryManager.java"/><sourcefile name="FlywayPreparer.java"><line nr="36" mi="0" ci="3" mb="0" cb="0"/><line nr="46" mi="0" ci="4" mb="0" cb="0"/><line nr="47" mi="0" ci="10" mb="0" cb="0"/><line nr="48" mi="0" ci="2" mb="0" cb="0"/><line nr="55" mi="0" ci="2" mb="0" cb="0"/><line nr="56" mi="0" ci="1" mb="0" cb="0"/><line nr="67" mi="0" ci="4" mb="0" cb="0"/><line nr="68" mi="0" ci="5" mb="0" cb="0"/><line nr="70" mi="0" ci="2" mb="0" cb="0"/><line nr="79" mi="4" ci="0" mb="0" cb="0"/><line nr="84" mi="0" ci="4" mb="0" cb="0"/><line nr="86" mi="0" ci="2" mb="0" cb="0"/><line nr="88" mi="0" ci="10" mb="0" cb="0"/><line nr="90" mi="0" ci="4" mb="0" cb="0"/><line nr="91" mi="0" ci="4" mb="0" cb="0"/><line nr="92" mi="0" ci="1" mb="0" cb="0"/><counter type="INSTRUCTION" missed="4" covered="58"/><counter type="LINE" missed="1" covered="15"/><counter type="COMPLEXITY" missed="1" covered="6"/><counter type="METHOD" missed="1" covered="6"/><counter type="CLASS" missed="0" covered="1"/></sourcefile><sourcefile name="DatabasePreparer.java"><line nr="31" mi="4" ci="0" mb="0" cb="0"/><counter type="INSTRUCTION" missed="4" covered="0"/><counter type="LINE" missed="1" covered="0"/><counter type="COMPLEXITY" missed="2" covered="0"/><counter type="METHOD" missed="2" covered="0"/><counter type="CLASS" missed="1" covered="0"/></sourcefile><sourcefile name="DatabaseManager.java"><line nr="47" mi="0" ci="4" mb="0" cb="0"/><line nr="49" mi="0" ci="5" mb="0" cb="0"/><line nr="50" mi="0" ci="5" mb="0" cb="0"/><line nr="56" mi="0" ci="3" mb="0" cb="0"/><line nr="57" mi="0" ci="3" mb="0" cb="0"/><line nr="61" mi="0" ci="2" mb="0" cb="0"/><line nr="62" mi="0" ci="6" mb="0" cb="0"/><line nr="63" mi="0" ci="6" mb="0" cb="0"/><line nr="64" mi="0" ci="3" mb="0" cb="0"/><line nr="65" mi="0" ci="1" mb="0" cb="0"/><line nr="74" mi="0" ci="5" mb="0" cb="0"/><line nr="84" mi="0" ci="5" mb="0" cb="0"/><line nr="96" mi="0" ci="5" mb="1" cb="1"/><line nr="99" mi="0" ci="2" mb="0" cb="0"/><line nr="101" mi="0" ci="11" mb="0" cb="2"/><line nr="102" mi="0" ci="3" mb="0" cb="0"/><line nr="103" mi="0" ci="1" mb="0" cb="0"/><line nr="105" mi="0" ci="4" mb="0" cb="0"/><line nr="109" mi="0" ci="3" mb="0" cb="2"/><line nr="111" mi="0" ci="4" mb="0" cb="0"/><line nr="114" mi="0" ci="7" mb="0" cb="0"/><line nr="117" mi="0" ci="4" mb="0" cb="0"/><line nr="120" mi="0" ci="8" mb="0" cb="0"/><line nr="123" mi="0" ci="11" mb="0" cb="2"/><line nr="124" mi="0" ci="3" mb="0" cb="0"/><line nr="125" mi="0" ci="1" mb="0" cb="0"/><line nr="127" mi="0" ci="3" mb="0" cb="0"/><line nr="130" mi="0" ci="2" mb="0" cb="0"/><line nr="135" mi="0" ci="5" mb="0" cb="0"/><line nr="136" mi="0" ci="5" mb="1" cb="1"/><line nr="137" mi="0" ci="3" mb="0" cb="0"/><line nr="138" mi="0" ci="3" mb="0" cb="0"/><line nr="140" mi="0" ci="1" mb="0" cb="0"/><line nr="151" mi="0" ci="5" mb="0" cb="0"/><line nr="153" mi="0" ci="4" mb="0" cb="0"/><line nr="154" mi="0" ci="4" mb="1" cb="1"/><line nr="155" mi="5" ci="0" mb="0" cb="0"/><line nr="158" mi="0" ci="2" mb="0" cb="0"/><line nr="168" mi="0" ci="5" mb="0" cb="0"/><line nr="169" mi="0" ci="3" mb="0" cb="0"/><line nr="175" mi="0" ci="1" mb="0" cb="0"/><line nr="179" mi="0" ci="1" mb="0" cb="0"/><line nr="187" mi="0" ci="5" mb="0" cb="0"/><line nr="189" mi="0" ci="5" mb="0" cb="0"/><line nr="191" mi="0" ci="5" mb="0" cb="0"/><line nr="192" mi="0" ci="7" mb="0" cb="0"/><line nr="194" mi="0" ci="3" mb="0" cb="0"/><line nr="195" mi="0" ci="3" mb="0" cb="0"/><line nr="196" mi="0" ci="1" mb="0" cb="0"/><line nr="198" mi="0" ci="1" mb="0" cb="0"/><line nr="202" mi="0" ci="5" mb="0" cb="0"/><line nr="203" mi="0" ci="1" mb="0" cb="0"/><line nr="207" mi="0" ci="5" mb="1" cb="1"/><line nr="208" mi="0" ci="4" mb="0" cb="0"/><line nr="210" mi="0" ci="1" mb="0" cb="0"/><line nr="214" mi="0" ci="4" mb="0" cb="2"/><line nr="216" mi="0" ci="3" mb="0" cb="0"/><line nr="218" mi="0" ci="6" mb="0" cb="0"/><line nr="219" mi="0" ci="5" mb="0" cb="0"/><line nr="220" mi="0" ci="4" mb="0" cb="0"/><line nr="221" mi="0" ci="5" mb="0" cb="0"/><line nr="222" mi="0" ci="2" mb="0" cb="0"/><line nr="223" mi="0" ci="1" mb="0" cb="0"/><line nr="224" mi="0" ci="1" mb="0" cb="0"/><line nr="226" mi="0" ci="5" mb="1" cb="1"/><line nr="227" mi="6" ci="0" mb="0" cb="0"/><line nr="228" mi="5" ci="0" mb="0" cb="0"/><line nr="230" mi="0" ci="1" mb="0" cb="0"/><line nr="231" mi="0" ci="1" mb="0" cb="0"/><line nr="232" mi="0" ci="2" mb="0" cb="0"/><line nr="233" mi="0" ci="1" mb="0" cb="0"/><line nr="234" mi="1" ci="0" mb="0" cb="0"/><line nr="235" mi="4" ci="0" mb="0" cb="0"/><line nr="236" mi="1" ci="1" mb="0" cb="0"/><line nr="238" mi="0" ci="1" mb="0" cb="0"/><line nr="243" mi="0" ci="5" mb="0" cb="0"/><line nr="244" mi="1" ci="0" mb="0" cb="0"/><line nr="245" mi="2" ci="0" mb="0" cb="0"/><line nr="246" mi="5" ci="0" mb="0" cb="0"/><line nr="253" mi="0" ci="3" mb="0" cb="0"/><line nr="254" mi="0" ci="3" mb="0" cb="0"/><line nr="255" mi="0" ci="19" mb="0" cb="0"/><line nr="257" mi="0" ci="1" mb="0" cb="0"/><line nr="266" mi="0" ci="3" mb="0" cb="0"/><line nr="267" mi="0" ci="3" mb="0" cb="0"/><line nr="275" mi="0" ci="2" mb="0" cb="0"/><line nr="276" mi="0" ci="3" mb="0" cb="0"/><line nr="277" mi="0" ci="1" mb="0" cb="0"/><line nr="285" mi="4" ci="0" mb="0" cb="0"/><line nr="286" mi="8" ci="0" mb="0" cb="0"/><line nr="297" mi="0" ci="8" mb="0" cb="0"/><line nr="298" mi="0" ci="2" mb="0" cb="0"/><line nr="309" mi="0" ci="8" mb="0" cb="0"/><line nr="310" mi="0" ci="2" mb="0" cb="0"/><line nr="322" mi="0" ci="8" mb="0" cb="0"/><line nr="323" mi="0" ci="2" mb="0" cb="0"/><line nr="332" mi="4" ci="0" mb="0" cb="0"/><line nr="333" mi="9" ci="0" mb="0" cb="0"/><line nr="334" mi="2" ci="0" mb="0" cb="0"/><line nr="358" mi="0" ci="3" mb="0" cb="0"/><line nr="359" mi="0" ci="1" mb="0" cb="0"/><line nr="369" mi="0" ci="12" mb="0" cb="0"/><counter type="INSTRUCTION" missed="57" covered="340"/><counter type="BRANCH" missed="5" covered="13"/><counter type="LINE" missed="13" covered="89"/><counter type="COMPLEXITY" missed="7" covered="27"/><counter type="METHOD" missed="2" covered="23"/><counter type="CLASS" missed="0" covered="5"/></sourcefile><sourcefile name="EmbeddedPostgres.java"><line nr="72" mi="0" ci="4" mb="0" cb="0"/><line nr="74" mi="0" ci="7" mb="0" cb="0"/><line nr="79" mi="0" ci="3" mb="0" cb="0"/><line nr="82" mi="0" ci="5" mb="0" cb="0"/><line nr="99" mi="0" ci="5" mb="0" cb="0"/><line nr="100" mi="0" ci="5" mb="0" cb="0"/><line nr="121" mi="0" ci="3" mb="0" cb="0"/><line nr="129" mi="0" ci="5" mb="0" cb="0"/><line nr="137" mi="0" ci="4" mb="0" cb="0"/><line nr="151" mi="0" ci="2" mb="0" cb="0"/><line nr="153" mi="0" ci="6" mb="0" cb="0"/><line nr="155" mi="0" ci="5" mb="0" cb="0"/><line nr="157" mi="0" ci="6" mb="0" cb="0"/><line nr="158" mi="0" ci="6" mb="0" cb="0"/><line nr="160" mi="0" ci="3" mb="0" cb="0"/><line nr="162" mi="0" ci="7" mb="0" cb="0"/><line nr="163" mi="0" ci="7" mb="0" cb="0"/><line nr="164" mi="0" ci="7" mb="0" cb="0"/><line nr="166" mi="0" ci="3" mb="0" cb="0"/><line nr="168" mi="0" ci="6" mb="0" cb="0"/><line nr="169" mi="0" ci="6" mb="0" cb="0"/><line nr="171" mi="0" ci="6" mb="0" cb="0"/><line nr="172" mi="0" ci="8" mb="0" cb="0"/><line nr="174" mi="0" ci="17" mb="0" cb="0"/><line nr="175" mi="0" ci="1" mb="0" cb="0"/><line nr="187" mi="0" ci="8" mb="0" cb="0"/><line nr="197" mi="0" ci="8" mb="0" cb="0"/><line nr="208" mi="8" ci="0" mb="0" cb="0"/><line nr="212" mi="0" ci="4" mb="0" cb="0"/><line nr="213" mi="0" ci="4" mb="0" cb="0"/><line nr="214" mi="0" ci="4" mb="0" cb="0"/><line nr="216" mi="0" ci="4" mb="0" cb="0"/><line nr="218" mi="0" ci="3" mb="0" cb="0"/><line nr="219" mi="0" ci="8" mb="0" cb="0"/><line nr="220" mi="0" ci="3" mb="0" cb="0"/><line nr="221" mi="0" ci="3" mb="0" cb="0"/><line nr="223" mi="0" ci="11" mb="0" cb="2"/><line nr="224" mi="0" ci="8" mb="0" cb="0"/><line nr="225" mi="0" ci="1" mb="0" cb="0"/><line nr="227" mi="0" ci="2" mb="0" cb="0"/><line nr="234" mi="0" ci="3" mb="0" cb="0"/><line nr="242" mi="0" ci="3" mb="0" cb="0"/><line nr="251" mi="0" ci="3" mb="0" cb="0"/><line nr="256" mi="0" ci="7" mb="0" cb="0"/><line nr="261" mi="3" ci="0" mb="2" cb="0"/><line nr="262" mi="2" ci="0" mb="0" cb="0"/><line nr="264" mi="7" ci="0" mb="4" cb="0"/><line nr="265" mi="2" ci="0" mb="0" cb="0"/><line nr="267" mi="3" ci="0" mb="0" cb="0"/><line nr="268" mi="6" ci="0" mb="0" cb="0"/><line nr="273" mi="9" ci="0" mb="0" cb="0"/><line nr="278" mi="0" ci="9" mb="0" cb="0"/><line nr="283" mi="0" ci="3" mb="0" cb="0"/><line nr="285" mi="8" ci="3" mb="3" cb="1"/><line nr="286" mi="0" ci="2" mb="0" cb="0"/><line nr="289" mi="0" ci="2" mb="0" cb="0"/><line nr="291" mi="0" ci="2" mb="0" cb="0"/><line nr="292" mi="0" ci="1" mb="0" cb="0"/><line nr="296" mi="0" ci="7" mb="0" cb="0"/><line nr="297" mi="0" ci="6" mb="0" cb="0"/><line nr="298" mi="1" ci="9" mb="1" cb="1"/><line nr="299" mi="0" ci="1" mb="0" cb="0"/><line nr="302" mi="0" ci="3" mb="1" cb="1"/><line nr="303" mi="0" ci="3" mb="0" cb="0"/><line nr="305" mi="0" ci="4" mb="0" cb="0"/><line nr="306" mi="0" ci="1" mb="0" cb="0"/><line nr="309" mi="0" ci="2" mb="0" cb="0"/><line nr="310" mi="0" ci="6" mb="0" cb="0"/><line nr="311" mi="0" ci="28" mb="0" cb="0"/><line nr="312" mi="0" ci="2" mb="0" cb="0"/><line nr="314" mi="0" ci="10" mb="0" cb="0"/><line nr="316" mi="0" ci="5" mb="0" cb="0"/><line nr="317" mi="0" ci="13" mb="0" cb="0"/><line nr="318" mi="0" ci="1" mb="0" cb="0"/><line nr="321" mi="1" ci="9" mb="1" cb="1"/><line nr="323" mi="0" ci="2" mb="0" cb="0"/><line nr="324" mi="0" ci="19" mb="0" cb="0"/><line nr="325" mi="0" ci="10" mb="0" cb="0"/><line nr="326" mi="0" ci="7" mb="0" cb="0"/><line nr="330" mi="0" ci="2" mb="0" cb="0"/><line nr="331" mi="0" ci="6" mb="0" cb="0"/><line nr="333" mi="0" ci="19" mb="0" cb="0"/><line nr="334" mi="0" ci="13" mb="0" cb="0"/><line nr="336" mi="0" ci="4" mb="0" cb="0"/><line nr="338" mi="0" ci="4" mb="0" cb="0"/><line nr="339" mi="0" ci="13" mb="0" cb="0"/><line nr="340" mi="0" ci="1" mb="0" cb="0"/><line nr="343" mi="0" ci="2" mb="0" cb="0"/><line nr="344" mi="0" ci="18" mb="0" cb="0"/><line nr="345" mi="0" ci="26" mb="0" cb="0"/><line nr="350" mi="0" ci="5" mb="0" cb="0"/><line nr="351" mi="0" ci="13" mb="0" cb="0"/><line nr="352" mi="0" ci="1" mb="0" cb="0"/><line nr="355" mi="0" ci="2" mb="0" cb="0"/><line nr="356" mi="0" ci="13" mb="0" cb="0"/><line nr="357" mi="0" ci="6" mb="0" cb="0"/><line nr="360" mi="0" ci="5" mb="0" cb="0"/><line nr="361" mi="0" ci="4" mb="0" cb="0"/><line nr="362" mi="0" ci="6" mb="0" cb="0"/><line nr="363" mi="0" ci="1" mb="0" cb="0"/><line nr="365" mi="0" ci="3" mb="0" cb="0"/><line nr="370" mi="0" ci="2" mb="0" cb="0"/><line nr="372" mi="0" ci="5" mb="0" cb="0"/><line nr="373" mi="0" ci="3" mb="0" cb="2"/><line nr="374" mi="0" ci="7" mb="0" cb="0"/><line nr="376" mi="0" ci="5" mb="0" cb="0"/><line nr="378" mi="0" ci="1" mb="0" cb="0"/><line nr="379" mi="0" ci="3" mb="0" cb="0"/><line nr="383" mi="0" ci="2" mb="0" cb="0"/><line nr="384" mi="0" ci="2" mb="0" cb="0"/><line nr="385" mi="0" ci="7" mb="0" cb="0"/><line nr="386" mi="0" ci="6" mb="1" cb="1"/><line nr="388" mi="0" ci="3" mb="0" cb="2"/><line nr="389" mi="0" ci="2" mb="0" cb="0"/><line nr="391" mi="1" ci="0" mb="0" cb="0"/><line nr="392" mi="2" ci="0" mb="0" cb="0"/><line nr="393" mi="5" ci="0" mb="0" cb="0"/><line nr="394" mi="0" ci="1" mb="0" cb="0"/><line nr="397" mi="0" ci="2" mb="0" cb="0"/><line nr="398" mi="1" ci="0" mb="0" cb="0"/><line nr="399" mi="2" ci="0" mb="0" cb="0"/><line nr="400" mi="2" ci="0" mb="0" cb="0"/><line nr="401" mi="0" ci="1" mb="0" cb="0"/><line nr="403" mi="9" ci="0" mb="0" cb="0"/><line nr="408" mi="0" ci="2" mb="0" cb="0"/><line nr="409" mi="0" ci="4" mb="0" cb="0"/><line nr="410" mi="0" ci="6" mb="0" cb="0"/><line nr="411" mi="0" ci="12" mb="0" cb="0"/><line nr="412" mi="0" ci="1" mb="0" cb="0"/><line nr="413" mi="0" ci="2" mb="0" cb="0"/><line nr="414" mi="0" ci="1" mb="0" cb="0"/><line nr="417" mi="0" ci="4" mb="0" cb="0"/><line nr="418" mi="0" ci="3" mb="0" cb="0"/><line nr="419" mi="0" ci="4" mb="0" cb="0"/><line nr="420" mi="0" ci="4" mb="0" cb="0"/><line nr="421" mi="1" ci="9" mb="1" cb="1"/><line nr="422" mi="1" ci="7" mb="1" cb="1"/><line nr="423" mi="0" ci="4" mb="0" cb="0"/><line nr="428" mi="0" ci="6" mb="0" cb="0"/><line nr="430" mi="0" ci="2" mb="0" cb="0"/><line nr="431" mi="1" ci="0" mb="0" cb="0"/><line nr="432" mi="5" ci="0" mb="0" cb="0"/><line nr="433" mi="0" ci="1" mb="0" cb="0"/><line nr="434" mi="0" ci="1" mb="0" cb="0"/><line nr="436" mi="0" ci="3" mb="0" cb="0"/><line nr="437" mi="0" ci="2" mb="0" cb="0"/><line nr="445" mi="0" ci="5" mb="0" cb="2"/><line nr="446" mi="0" ci="1" mb="0" cb="0"/><line nr="450" mi="0" ci="4" mb="0" cb="0"/><line nr="451" mi="1" ci="0" mb="0" cb="0"/><line nr="452" mi="5" ci="0" mb="0" cb="0"/><line nr="453" mi="0" ci="1" mb="0" cb="0"/><line nr="455" mi="0" ci="2" mb="0" cb="0"/><line nr="457" mi="0" ci="3" mb="1" cb="1"/><line nr="459" mi="0" ci="3" mb="0" cb="0"/><line nr="460" mi="1" ci="0" mb="0" cb="0"/><line nr="461" mi="14" ci="0" mb="0" cb="0"/><line nr="462" mi="1" ci="1" mb="0" cb="0"/><line nr="464" mi="13" ci="0" mb="0" cb="0"/><line nr="466" mi="0" ci="1" mb="0" cb="0"/><line nr="470" mi="0" ci="3" mb="0" cb="0"/><line nr="475" mi="0" ci="3" mb="0" cb="0"/><line nr="481" mi="0" ci="3" mb="0" cb="0"/><line nr="482" mi="0" ci="2" mb="1" cb="1"/><line nr="483" mi="1" ci="0" mb="0" cb="0"/><line nr="485" mi="0" ci="16" mb="0" cb="2"/><line nr="486" mi="0" ci="3" mb="1" cb="1"/><line nr="487" mi="1" ci="0" mb="0" cb="0"/><line nr="491" mi="0" ci="5" mb="0" cb="2"/><line nr="492" mi="0" ci="1" mb="0" cb="0"/><line nr="496" mi="0" ci="6" mb="0" cb="0"/><line nr="497" mi="0" ci="3" mb="0" cb="2"/><line nr="498" mi="0" ci="1" mb="0" cb="0"/><line nr="504" mi="0" ci="7" mb="1" cb="1"/><line nr="505" mi="0" ci="1" mb="0" cb="0"/><line nr="508" mi="5" ci="0" mb="0" cb="0"/><line nr="509" mi="4" ci="0" mb="0" cb="0"/><line nr="510" mi="2" ci="0" mb="2" cb="0"/><line nr="511" mi="11" ci="0" mb="0" cb="0"/><line nr="512" mi="7" ci="0" mb="2" cb="0"/><line nr="514" mi="3" ci="0" mb="0" cb="0"/><line nr="515" mi="4" ci="0" mb="0" cb="0"/><line nr="516" mi="1" ci="0" mb="0" cb="0"/><line nr="517" mi="12" ci="0" mb="0" cb="0"/><line nr="518" mi="1" ci="0" mb="0" cb="0"/><line nr="520" mi="2" ci="0" mb="0" cb="0"/><line nr="522" mi="1" ci="0" mb="0" cb="0"/><line nr="524" mi="5" ci="0" mb="0" cb="0"/><line nr="525" mi="1" ci="0" mb="0" cb="0"/><line nr="526" mi="5" ci="0" mb="0" cb="0"/><line nr="527" mi="2" ci="0" mb="0" cb="0"/><line nr="529" mi="0" ci="1" mb="0" cb="0"/><line nr="532" mi="2" ci="4" mb="1" cb="1"/><line nr="533" mi="0" ci="10" mb="0" cb="0"/><line nr="537" mi="0" ci="5" mb="0" cb="0"/><line nr="538" mi="0" ci="4" mb="0" cb="0"/><line nr="539" mi="0" ci="5" mb="0" cb="0"/><line nr="540" mi="0" ci="5" mb="0" cb="0"/><line nr="541" mi="0" ci="3" mb="0" cb="0"/><line nr="543"
[...]
r type="INSTRUCTION" missed="1053" covered="2747"/><counter type="BRANCH" missed="152" covered="128"/><counter type="LINE" missed="230" covered="610"/><counter type="COMPLEXITY" missed="141" covered="165"/><counter type="METHOD" missed="28" covered="138"/><counter type="CLASS" missed="3" covered="19"/></package><package name="de/softwareforge/testing/postgres/junit5"><class name="de/softwareforge/testing/postgres/junit5/EmbeddedPgExtension$TestMode" sourcefilename="EmbeddedPgExtension.java"><method name="&lt;init&gt;" desc="(Ljava/lang/String;Lde/softwareforge/testing/postgres/embedded/DatabaseManager;)V" line="244"><counter type="INSTRUCTION" missed="0" covered="9"/><counter type="LINE" missed="0" covered="4"/><counter type="COMPLEXITY" missed="0" covered="1"/><counter type="METHOD" missed="0" covered="1"/></method><method name="start" desc="(Ljava/lang/String;)Lde/softwareforge/testing/postgres/embedded/DatabaseManager;" line="250"><counter type="INSTRUCTION" missed="0" covered="12"/><counter type="BRANCH" missed="0" covered="2"/><counter type="LINE" missed="0" covered="3"/><counter type="COMPLEXITY" missed="0" covered="2"/><counter type="METHOD" missed="0" covered="1"/></method><method name="stop" desc="(Ljava/lang/String;)Lde/softwareforge/testing/postgres/embedded/DatabaseManager;" line="258"><counter type="INSTRUCTION" missed="0" covered="13"/><counter type="BRANCH" missed="0" covered="2"/><counter type="LINE" missed="0" covered="4"/><counter type="COMPLEXITY" missed="0" covered="2"/><counter type="METHOD" missed="0" covered="1"/></method><method name="&lt;clinit&gt;" desc="()V" line="239"><counter type="INSTRUCTION" missed="0" covered="5"/><counter type="LINE" missed="0" covered="1"/><counter type="COMPLEXITY" missed="0" covered="1"/><counter type="METHOD" missed="0" covered="1"/></method><counter type="INSTRUCTION" missed="0" covered="39"/><counter type="BRANCH" missed="0" covered="4"/><counter type="LINE" missed="0" covered="12"/><counter type="COMPLEXITY" missed="0" covered="6"/><counter type="METHOD" missed="0" covered="4"/><counter type="CLASS" missed="0" covered="1"/></class><class name="de/softwareforge/testing/postgres/junit5/SingleDatabaseBuilder" sourcefilename="SingleDatabaseBuilder.java"><method name="&lt;init&gt;" desc="()V" line="31"><counter type="INSTRUCTION" missed="7" covered="0"/><counter type="LINE" missed="2" covered="0"/><counter type="COMPLEXITY" missed="1" covered="0"/><counter type="METHOD" missed="1" covered="0"/></method><method name="instance" desc="()Lde/softwareforge/testing/postgres/embedded/DatabaseManager$Builder;" line="42"><counter type="INSTRUCTION" missed="2" covered="0"/><counter type="LINE" missed="1" covered="0"/><counter type="COMPLEXITY" missed="1" covered="0"/><counter type="METHOD" missed="1" covered="0"/></method><method name="instanceWithDefaults" desc="()Lde/softwareforge/testing/postgres/embedded/DatabaseManager$Builder;" line="52"><counter type="INSTRUCTION" missed="0" covered="4"/><counter type="LINE" missed="0" covered="1"/><counter type="COMPLEXITY" missed="0" covered="1"/><counter type="METHOD" missed="0" covered="1"/></method><method name="preparedInstance" desc="(Lde/softwareforge/testing/postgres/embedded/DatabasePreparer;)Lde/softwareforge/testing/postgres/embedded/DatabaseManager$Builder;" line="61"><counter type="INSTRUCTION" missed="4" covered="0"/><counter type="LINE" missed="1" covered="0"/><counter type="COMPLEXITY" missed="1" covered="0"/><counter type="METHOD" missed="1" covered="0"/></method><method name="preparedInstanceWithDefaults" desc="(Lde/softwareforge/testing/postgres/embedded/DatabasePreparer;)Lde/softwareforge/testing/postgres/embedded/DatabaseManager$Builder;" line="70"><counter type="INSTRUCTION" missed="6" covered="0"/><counter type="LINE" missed="1" covered="0"/><counter type="COMPLEXITY" missed="1" covered="0"/><counter type="METHOD" missed="1" covered="0"/></method><method name="preparedInstance" desc="(Lde/softwareforge/testing/postgres/embedded/EmbeddedPostgresPreparer;)Lde/softwareforge/testing/postgres/embedded/DatabaseManager$Builder;" line="81"><counter type="INSTRUCTION" missed="4" covered="0"/><counter type="LINE" missed="1" covered="0"/><counter type="COMPLEXITY" missed="1" covered="0"/><counter type="METHOD" missed="1" covered="0"/></method><method name="preparedInstanceWithDefaults" desc="(Lde/softwareforge/testing/postgres/embedded/EmbeddedPostgresPreparer;)Lde/softwareforge/testing/postgres/embedded/DatabaseManager$Builder;" line="93"><counter type="INSTRUCTION" missed="0" covered="6"/><counter type="LINE" missed="0" covered="1"/><counter type="COMPLEXITY" missed="0" covered="1"/><counter type="METHOD" missed="0" covered="1"/></method><counter type="INSTRUCTION" missed="23" covered="10"/><counter type="LINE" missed="6" covered="2"/><counter type="COMPLEXITY" missed="5" covered="2"/><counter type="METHOD" missed="5" covered="2"/><counter type="CLASS" missed="0" covered="1"/></class><class name="de/softwareforge/testing/postgres/junit5/EmbeddedPgExtension$EmbeddedPgExtensionBuilder" sourcefilename="EmbeddedPgExtension.java"><method name="&lt;init&gt;" desc="(Z)V" line="218"><counter type="INSTRUCTION" missed="0" covered="4"/><counter type="LINE" missed="0" covered="2"/><counter type="COMPLEXITY" missed="0" covered="1"/><counter type="METHOD" missed="0" covered="1"/></method><method name="build" desc="()Lde/softwareforge/testing/postgres/junit5/EmbeddedPgExtension;" line="229"><counter type="INSTRUCTION" missed="0" covered="24"/><counter type="LINE" missed="0" covered="4"/><counter type="COMPLEXITY" missed="0" covered="1"/><counter type="METHOD" missed="0" covered="1"/></method><counter type="INSTRUCTION" missed="0" covered="28"/><counter type="LINE" missed="0" covered="6"/><counter type="COMPLEXITY" missed="0" covered="2"/><counter type="METHOD" missed="0" covered="2"/><counter type="CLASS" missed="0" covered="1"/></class><class name="de/softwareforge/testing/postgres/junit5/EmbeddedPgExtension" sourcefilename="EmbeddedPgExtension.java"><method name="&lt;init&gt;" desc="(Lde/softwareforge/testing/postgres/embedded/DatabaseManager$Builder;)V" line="59"><counter type="INSTRUCTION" missed="0" covered="18"/><counter type="LINE" missed="0" covered="5"/><counter type="COMPLEXITY" missed="0" covered="1"/><counter type="METHOD" missed="0" covered="1"/></method><method name="multiDatabase" desc="()Lde/softwareforge/testing/postgres/junit5/EmbeddedPgExtension$EmbeddedPgExtensionBuilder;" line="77"><counter type="INSTRUCTION" missed="0" covered="5"/><counter type="LINE" missed="0" covered="1"/><counter type="COMPLEXITY" missed="0" covered="1"/><counter type="METHOD" missed="0" covered="1"/></method><method name="singleDatabase" desc="()Lde/softwareforge/testing/postgres/junit5/EmbeddedPgExtension$EmbeddedPgExtensionBuilder;" line="88"><counter type="INSTRUCTION" missed="0" covered="5"/><counter type="LINE" missed="0" covered="1"/><counter type="COMPLEXITY" missed="0" covered="1"/><counter type="METHOD" missed="0" covered="1"/></method><method name="&lt;init&gt;" desc="()V" line="100"><counter type="INSTRUCTION" missed="0" covered="9"/><counter type="LINE" missed="0" covered="2"/><counter type="COMPLEXITY" missed="0" covered="1"/><counter type="METHOD" missed="0" covered="1"/></method><method name="createDataSource" desc="()Ljavax/sql/DataSource;" line="112"><counter type="INSTRUCTION" missed="0" covered="4"/><counter type="LINE" missed="0" covered="1"/><counter type="COMPLEXITY" missed="0" covered="1"/><counter type="METHOD" missed="0" covered="1"/></method><method name="getEmbeddedPostgres" desc="()Lde/softwareforge/testing/postgres/embedded/EmbeddedPostgres;" line="117"><counter type="INSTRUCTION" missed="0" covered="4"/><counter type="LINE" missed="0" covered="1"/><counter type="COMPLEXITY" missed="0" covered="1"/><counter type="METHOD" missed="0" covered="1"/></method><method name="createDatabaseInfo" desc="()Lde/softwareforge/testing/postgres/embedded/DatabaseInfo;" line="130"><counter type="INSTRUCTION" missed="1" covered="18"/><counter type="BRANCH" missed="1" covered="1"/><counter type="LINE" missed="0" covered="4"/><counter type="COMPLEXITY" missed="1" covered="1"/><counter type="METHOD" missed="0" covered="1"/></method><method name="beforeAll" desc="(Lorg/junit/jupiter/api/extension/ExtensionContext;)V" line="139"><counter type="INSTRUCTION" missed="0" covered="25"/><counter type="LINE" missed="0" covered="5"/><counter type="COMPLEXITY" missed="0" covered="1"/><counter type="METHOD" missed="0" covered="1"/></method><method name="afterAll" desc="(Lorg/junit/jupiter/api/extension/ExtensionContext;)V" line="152"><counter type="INSTRUCTION" missed="0" covered="24"/><counter type="BRANCH" missed="1" covered="1"/><counter type="LINE" missed="0" covered="6"/><counter type="COMPLEXITY" missed="1" covered="1"/><counter type="METHOD" missed="0" covered="1"/></method><method name="beforeEach" desc="(Lorg/junit/jupiter/api/extension/ExtensionContext;)V" line="164"><counter type="INSTRUCTION" missed="0" covered="25"/><counter type="LINE" missed="0" covered="5"/><counter type="COMPLEXITY" missed="0" covered="1"/><counter type="METHOD" missed="0" covered="1"/></method><method name="afterEach" desc="(Lorg/junit/jupiter/api/extension/ExtensionContext;)V" line="176"><counter type="INSTRUCTION" missed="0" covered="24"/><counter type="BRANCH" missed="1" covered="1"/><counter type="LINE" missed="0" covered="6"/><counter type="COMPLEXITY" missed="1" covered="1"/><counter type="METHOD" missed="0" covered="1"/></method><method name="supportsParameter" desc="(Lorg/junit/jupiter/api/extension/ParameterContext;Lorg/junit/jupiter/api/extension/ExtensionContext;)Z" line="188"><counter type="INSTRUCTION" missed="1" covered="16"/><counter type="BRANCH" missed="1" covered="5"/><counter type="LINE" missed="0" covered="2"/><counter type="COMPLEXITY" missed="1" covered="3"/><counter type="METHOD" missed="0" covered="1"/></method><method name="resolveParameter" desc="(Lorg/junit/jupiter/api/extension/ParameterContext;Lorg/junit/jupiter/api/extension/ExtensionContext;)Ljava/lang/Object;" line="196"><counter type="INSTRUCTION" missed="12" covered="22"/><counter type="BRANCH" missed="1" covered="5"/><counter type="LINE" missed="4" covered="7"/><counter type="COMPLEXITY" missed="1" covered="3"/><counter type="METHOD" missed="0" covered="1"/></method><method name="lambda$beforeEach$1" desc="(Lorg/junit/jupiter/api/extension/ExtensionContext;Ljava/lang/Object;)Lde/softwareforge/testing/postgres/junit5/EmbeddedPgExtension$TestMode;" line="168"><counter type="INSTRUCTION" missed="0" covered="10"/><counter type="LINE" missed="0" covered="1"/><counter type="COMPLEXITY" missed="0" covered="1"/><counter type="METHOD" missed="0" covered="1"/></method><method name="lambda$beforeAll$0" desc="(Lorg/junit/jupiter/api/extension/ExtensionContext;Ljava/lang/Object;)Lde/softwareforge/testing/postgres/junit5/EmbeddedPgExtension$TestMode;" line="144"><counter type="INSTRUCTION" missed="0" covered="10"/><counter type="LINE" missed="0" covered="1"/><counter type="COMPLEXITY" missed="0" covered="1"/><counter type="METHOD" missed="0" covered="1"/></method><method name="&lt;clinit&gt;" desc="()V" line="56"><counter type="INSTRUCTION" missed="0" covered="4"/><counter type="LINE" missed="0" covered="1"/><counter type="COMPLEXITY" missed="0" covered="1"/><counter type="METHOD" missed="0" covered="1"/></method><counter type="INSTRUCTION" missed="14" covered="223"/><counter type="BRANCH" missed="5" covered="13"/><counter type="LINE" missed="4" covered="49"/><counter type="COMPLEXITY" missed="5" covered="20"/><counter type="METHOD" missed="0" covered="16"/><counter type="CLASS" missed="0" covered="1"/></class><class name="de/softwareforge/testing/postgres/junit5/MultiDatabaseBuilder" sourcefilename="MultiDatabaseBuilder.java"><method name="&lt;init&gt;" desc="()V" line="30"><counter type="INSTRUCTION" missed="7" covered="0"/><counter type="LINE" missed="2" covered="0"/><counter type="COMPLEXITY" missed="1" covered="0"/><counter type="METHOD" missed="1" covered="0"/></method><method name="instance" desc="()Lde/softwareforge/testing/postgres/embedded/DatabaseManager$Builder;" line="41"><counter type="INSTRUCTION" missed="2" covered="0"/><counter type="LINE" missed="1" covered="0"/><counter type="COMPLEXITY" missed="1" covered="0"/><counter type="METHOD" missed="1" covered="0"/></method><method name="instanceWithDefaults" desc="()Lde/softwareforge/testing/postgres/embedded/DatabaseManager$Builder;" line="51"><counter type="INSTRUCTION" missed="0" covered="4"/><counter type="LINE" missed="0" covered="1"/><counter type="COMPLEXITY" missed="0" covered="1"/><counter type="METHOD" missed="0" covered="1"/></method><method name="preparedInstance" desc="(Lde/softwareforge/testing/postgres/embedded/DatabasePreparer;)Lde/softwareforge/testing/postgres/embedded/DatabaseManager$Builder;" line="60"><counter type="INSTRUCTION" missed="4" covered="0"/><counter type="LINE" missed="1" covered="0"/><counter type="COMPLEXITY" missed="1" covered="0"/><counter type="METHOD" missed="1" covered="0"/></method><method name="preparedInstanceWithDefaults" desc="(Lde/softwareforge/testing/postgres/embedded/DatabasePreparer;)Lde/softwareforge/testing/postgres/embedded/DatabaseManager$Builder;" line="69"><counter type="INSTRUCTION" missed="6" covered="0"/><counter type="LINE" missed="1" covered="0"/><counter type="COMPLEXITY" missed="1" covered="0"/><counter type="METHOD" missed="1" covered="0"/></method><method name="preparedInstance" desc="(Lde/softwareforge/testing/postgres/embedded/EmbeddedPostgresPreparer;)Lde/softwareforge/testing/postgres/embedded/DatabaseManager$Builder;" line="80"><counter type="INSTRUCTION" missed="4" covered="0"/><counter type="LINE" missed="1" covered="0"/><counter type="COMPLEXITY" missed="1" covered="0"/><counter type="METHOD" missed="1" covered="0"/></method><method name="preparedInstanceWithDefaults" desc="(Lde/softwareforge/testing/postgres/embedded/EmbeddedPostgresPreparer;)Lde/softwareforge/testing/postgres/embedded/DatabaseManager$Builder;" line="92"><counter type="INSTRUCTION" missed="0" covered="6"/><counter type="LINE" missed="0" covered="1"/><counter type="COMPLEXITY" missed="0" covered="1"/><counter type="METHOD" missed="0" covered="1"/></method><counter type="INSTRUCTION" missed="23" covered="10"/><counter type="LINE" missed="6" covered="2"/><counter type="COMPLEXITY" missed="5" covered="2"/><counter type="METHOD" missed="5" covered="2"/><counter type="CLASS" missed="0" covered="1"/></class><sourcefile name="EmbeddedPgExtension.java"><line nr="56" mi="0" ci="4" mb="0" cb="0"/><line nr="59" mi="0" ci="9" mb="0" cb="0"/><line nr="63" mi="0" ci="3" mb="0" cb="0"/><line nr="65" mi="0" ci="2" mb="0" cb="0"/><line nr="66" mi="0" ci="3" mb="0" cb="0"/><line nr="67" mi="0" ci="1" mb="0" cb="0"/><line nr="77" mi="0" ci="5" mb="0" cb="0"/><line nr="88" mi="0" ci="5" mb="0" cb="0"/><line nr="100" mi="0" ci="8" mb="0" cb="0"/><line nr="101" mi="0" ci="1" mb="0" cb="0"/><line nr="112" mi="0" ci="4" mb="0" cb="0"/><line nr="117" mi="0" ci="4" mb="0" cb="0"/><line nr="130" mi="1" ci="7" mb="1" cb="1"/><line nr="132" mi="0" ci="4" mb="0" cb="0"/><line nr="133" mi="0" ci="5" mb="0" cb="0"/><line nr="134" mi="0" ci="2" mb="0" cb="0"/><line nr="139" mi="0" ci="4" mb="0" cb="0"/><line nr="141" mi="0" ci="5" mb="0" cb="0"/><line nr="143" mi="0" ci="9" mb="0" cb="0"/><line nr="144" mi="0" ci="10" mb="0" cb="0"/><line nr="147" mi="0" ci="6" mb="0" cb="0"/><line nr="148" mi="0" ci="1" mb="0" cb="0"/><line nr="152" mi="0" ci="4" mb="0" cb="0"/><line nr="154" mi="0" ci="5" mb="0" cb="0"/><line nr="155" mi="0" ci="6" mb="0" cb="0"/><line nr="157" mi="0" ci="2" mb="1" cb="1"/><line nr="158" mi="0" ci="6" mb="0" cb="0"/><line nr="160" mi="0" ci="1" mb="0" cb="0"/><line nr="164" mi="0" ci="4" mb="0" cb="0"/><line nr="166" mi="0" ci="5" mb="0" cb="0"/><line nr="167" mi="0" ci="9" mb="0" cb="0"/><line nr="168" mi="0" ci="10" mb="0" cb="0"/><line nr="171" mi="0" ci="6" mb="0" cb="0"/><line nr="172" mi="0" ci="1" mb="0" cb="0"/><line nr="176" mi="0" ci="4" mb="0" cb="0"/><line nr="178" mi="0" ci="5" mb="0" cb="0"/><line nr="179" mi="0" ci="6" mb="0" cb="0"/><line nr="181" mi="0" ci="2" mb="1" cb="1"/><line nr="182" mi="0" ci="6" mb="0" cb="0"/><line nr="184" mi="0" ci="1" mb="0" cb="0"/><line nr="188" mi="0" ci="4" mb="0" cb="0"/><line nr="189" mi="1" ci="12" mb="1" cb="5"/><line nr="196" mi="0" ci="4" mb="0" cb="0"/><line nr="198" mi="0" ci="3" mb="0" cb="2"/><line nr="199" mi="0" ci="3" mb="0" cb="0"/><line nr="200" mi="0" ci="3" mb="0" cb="2"/><line nr="201" mi="0" ci="3" mb="0" cb="0"/><line nr="203" mi="0" ci="3" mb="1" cb="1"/><line nr="204" mi="0" ci="3" mb="0" cb="0"/><line nr="206" mi="1" ci="0" mb="0" cb="0"/><line nr="207" mi="8" ci="0" mb="0" cb="0"/><line nr="208" mi="1" ci="0" mb="0" cb="0"/><line nr="209" mi="2" ci="0" mb="0" cb="0"/><line nr="218" mi="0" ci="3" mb="0" cb="0"/><line nr="219" mi="0" ci="1" mb="0" cb="0"/><line nr="229" mi="0" ci="7" mb="0" cb="0"/><line nr="230" mi="0" ci="3" mb="0" cb="0"/><line nr="232" mi="0" ci="9" mb="0" cb="0"/><line nr="233" mi="0" ci="5" mb="0" cb="0"/><line nr="239" mi="0" ci="5" mb="0" cb="0"/><line nr="244" mi="0" ci="2" mb="0" cb="0"/><line nr="245" mi="0" ci="3" mb="0" cb="0"/><line nr="246" mi="0" ci="3" mb="0" cb="0"/><line nr="247" mi="0" ci="1" mb="0" cb="0"/><line nr="250" mi="0" ci="5" mb="0" cb="2"/><line nr="251" mi="0" ci="4" mb="0" cb="0"/><line nr="254" mi="0" ci="3" mb="0" cb="0"/><line nr="258" mi="0" ci="5" mb="0" cb="2"/><line nr="259" mi="0" ci="3" mb="0" cb="0"/><line nr="260" mi="0" ci="2" mb="0" cb="0"/><line nr="263" mi="0" ci="3" mb="0" cb="0"/><counter type="INSTRUCTION" missed="14" covered="290"/><counter type="BRANCH" missed="5" covered="17"/><counter type="LINE" missed="4" covered="67"/><counter type="COMPLEXITY" missed="5" covered="28"/><counter type="METHOD" missed="0" covered="22"/><counter type="CLASS" missed="0" covered="3"/></sourcefile><sourcefile name="MultiDatabaseBuilder.java"><line nr="30" mi="2" ci="0" mb="0" cb="0"/><line nr="31" mi="5" ci="0" mb="0" cb="0"/><line nr="41" mi="2" ci="0" mb="0" cb="0"/><line nr="51" mi="0" ci="4" mb="0" cb="0"/><line nr="60" mi="4" ci="0" mb="0" cb="0"/><line nr="69" mi="6" ci="0" mb="0" cb="0"/><line nr="80" mi="4" ci="0" mb="0" cb="0"/><line nr="92" mi="0" ci="6" mb="0" cb="0"/><counter type="INSTRUCTION" missed="23" covered="10"/><counter type="LINE" missed="6" covered="2"/><counter type="COMPLEXITY" missed="5" covered="2"/><counter type="METHOD" missed="5" covered="2"/><counter type="CLASS" missed="0" covered="1"/></sourcefile><sourcefile name="SingleDatabaseBuilder.java"><line nr="31" mi="2" ci="0" mb="0" cb="0"/><line nr="32" mi="5" ci="0" mb="0" cb="0"/><line nr="42" mi="2" ci="0" mb="0" cb="0"/><line nr="52" mi="0" ci="4" mb="0" cb="0"/><line nr="61" mi="4" ci="0" mb="0" cb="0"/><line nr="70" mi="6" ci="0" mb="0" cb="0"/><line nr="81" mi="4" ci="0" mb="0" cb="0"/><line nr="93" mi="0" ci="6" mb="0" cb="0"/><counter type="INSTRUCTION" missed="23" covered="10"/><counter type="LINE" missed="6" covered="2"/><counter type="COMPLEXITY" missed="5" covered="2"/><counter type="METHOD" missed="5" covered="2"/><counter type="CLASS" missed="0" covered="1"/></sourcefile><counter type="INSTRUCTION" missed="60" covered="310"/><counter type="BRANCH" missed="5" covered="17"/><counter type="LINE" missed="16" covered="71"/><counter type="COMPLEXITY" missed="15" covered="32"/><counter type="METHOD" missed="10" covered="26"/><counter type="CLASS" missed="0" covered="5"/></package><counter type="INSTRUCTION" missed="1113" covered="3057"/><counter type="BRANCH" missed="157" covered="145"/><counter type="LINE" missed="246" covered="681"/><counter type="COMPLEXITY" missed="156" covered="197"/><counter type="METHOD" missed="38" covered="164"/><counter type="CLASS" missed="3" covered="24"/></report>